INFO - 2024-07-23 20:13:56 --> Session: Class initialized using 'CodeIgniter\Session\Handlers\FileHandler' driver.
INFO - 2024-07-23 20:14:20 --> Session: Class initialized using 'CodeIgniter\Session\Handlers\FileHandler' driver.
INFO - 2024-07-23 20:14:21 --> Session: Class initialized using 'CodeIgniter\Session\Handlers\FileHandler' driver.
INFO - 2024-07-23 20:14:24 --> Session: Class initialized using 'CodeIgniter\Session\Handlers\FileHandler' driver.
INFO - 2024-07-23 20:14:35 --> Session: Class initialized using 'CodeIgniter\Session\Handlers\FileHandler' driver.
INFO - 2024-07-23 20:15:14 --> Session: Class initialized using 'CodeIgniter\Session\Handlers\FileHandler' driver.
INFO - 2024-07-23 20:16:02 --> Session: Class initialized using 'CodeIgniter\Session\Handlers\FileHandler' driver.
INFO - 2024-07-23 20:17:03 --> Session: Class initialized using 'CodeIgniter\Session\Handlers\FileHandler' driver.
INFO - 2024-07-23 20:17:05 --> Session: Class initialized using 'CodeIgniter\Session\Handlers\FileHandler' driver.
INFO - 2024-07-23 20:17:06 --> Session: Class initialized using 'CodeIgniter\Session\Handlers\FileHandler' driver.
INFO - 2024-07-23 20:17:07 --> Session: Class initialized using 'CodeIgniter\Session\Handlers\FileHandler' driver.
INFO - 2024-07-23 20:17:07 --> Session: Class initialized using 'CodeIgniter\Session\Handlers\FileHandler' driver.
ERROR - 2024-07-23 20:17:09 --> mysqli_sql_exception: Unknown column 'marcas.nombre' in 'field list' in C:\xampp\htdocs\Torres_Enrique\system\Database\MySQLi\Connection.php:308
Stack trace:
#0 C:\xampp\htdocs\Torres_Enrique\system\Database\MySQLi\Connection.php(308): mysqli->query('SELECT `product...', 0)
#1 C:\xampp\htdocs\Torres_Enrique\system\Database\BaseConnection.php(722): CodeIgniter\Database\MySQLi\Connection->execute('SELECT `product...')
#2 C:\xampp\htdocs\Torres_Enrique\system\Database\BaseConnection.php(636): CodeIgniter\Database\BaseConnection->simpleQuery('SELECT `product...')
#3 C:\xampp\htdocs\Torres_Enrique\system\Database\BaseBuilder.php(1629): CodeIgniter\Database\BaseConnection->query('SELECT `product...', Array, false)
#4 C:\xampp\htdocs\Torres_Enrique\system\Model.php(319): CodeIgniter\Database\BaseBuilder->get()
#5 C:\xampp\htdocs\Torres_Enrique\system\BaseModel.php(714): CodeIgniter\Model->doFirst()
#6 C:\xampp\htdocs\Torres_Enrique\app\Models\ProductoModel.php(44): CodeIgniter\BaseModel->first()
#7 C:\xampp\htdocs\Torres_Enrique\app\Controllers\Web\Catalogo.php(41): App\Models\ProductoModel->productoDetallado('1')
#8 C:\xampp\htdocs\Torres_Enrique\system\CodeIgniter.php(933): App\Controllers\Web\Catalogo->show('1')
#9 C:\xampp\htdocs\Torres_Enrique\system\CodeIgniter.php(509): CodeIgniter\CodeIgniter->runController(Object(App\Controllers\Web\Catalogo))
#10 C:\xampp\htdocs\Torres_Enrique\system\CodeIgniter.php(355): CodeIgniter\CodeIgniter->handleRequest(NULL, Object(Config\Cache), false)
#11 C:\xampp\htdocs\Torres_Enrique\system\Boot.php(312): CodeIgniter\CodeIgniter->run()
#12 C:\xampp\htdocs\Torres_Enrique\system\Boot.php(67): CodeIgniter\Boot::runCodeIgniter(Object(CodeIgniter\CodeIgniter))
#13 C:\xampp\htdocs\Torres_Enrique\index.php(56): CodeIgniter\Boot::bootWeb(Object(Config\Paths))
#14 {main}
CRITICAL - 2024-07-23 20:17:09 --> CodeIgniter\Database\Exceptions\DatabaseException: Unknown column 'marcas.nombre' in 'field list'
[Method: GET, Route: producto/1]
in SYSTEMPATH\Database\BaseConnection.php on line 676.
 1 SYSTEMPATH\Database\BaseBuilder.php(1629): CodeIgniter\Database\BaseConnection->query('SELECT `productos`.*, `marcas`.`nombre` AS `marca`, `subcategorias`.`nombre` AS `subcategoria`, `categorias`.`nombre` AS `categoria`
FROM `productos`
JOIN `marcas` AS `m` ON `m`.`id` = `productos`.`marca_id`
JOIN `subcategorias` AS `sc` ON `sc`.`id` = `productos`.`subcategoria_id`
JOIN `categorias` AS `c` ON `c`.`id` = `sc`.`categoria_id`
WHERE `productos`.`id` = :productos.id:
 LIMIT 1', [...], false)
 2 SYSTEMPATH\Model.php(319): CodeIgniter\Database\BaseBuilder->get()
 3 SYSTEMPATH\BaseModel.php(714): CodeIgniter\Model->doFirst()
 4 APPPATH\Models\ProductoModel.php(44): CodeIgniter\BaseModel->first()
 5 APPPATH\Controllers\Web\Catalogo.php(41): App\Models\ProductoModel->productoDetallado('1')
 6 SYSTEMPATH\CodeIgniter.php(933): App\Controllers\Web\Catalogo->show('1')
 7 SYSTEMPATH\CodeIgniter.php(509): CodeIgniter\CodeIgniter->runController(Object(App\Controllers\Web\Catalogo))
 8 SYSTEMPATH\CodeIgniter.php(355): CodeIgniter\CodeIgniter->handleRequest(null, Object(Config\Cache), false)
 9 SYSTEMPATH\Boot.php(312): CodeIgniter\CodeIgniter->run()
10 SYSTEMPATH\Boot.php(67): CodeIgniter\Boot::runCodeIgniter(Object(CodeIgniter\CodeIgniter))
11 FCPATH\index.php(56): CodeIgniter\Boot::bootWeb(Object(Config\Paths))
CRITICAL - 2024-07-23 20:17:09 --> [Caused by] CodeIgniter\Database\Exceptions\DatabaseException: Unknown column 'marcas.nombre' in 'field list'
in SYSTEMPATH\Database\MySQLi\Connection.php on line 313.
 1 SYSTEMPATH\Database\BaseConnection.php(722): CodeIgniter\Database\MySQLi\Connection->execute('SELECT `productos`.*, `marcas`.`nombre` AS `marca`, `subcategorias`.`nombre` AS `subcategoria`, `categorias`.`nombre` AS `categoria`
FROM `productos`
JOIN `marcas` AS `m` ON `m`.`id` = `productos`.`marca_id`
JOIN `subcategorias` AS `sc` ON `sc`.`id` = `productos`.`subcategoria_id`
JOIN `categorias` AS `c` ON `c`.`id` = `sc`.`categoria_id`
WHERE `productos`.`id` = \'1\'
 LIMIT 1')
 2 SYSTEMPATH\Database\BaseConnection.php(636): CodeIgniter\Database\BaseConnection->simpleQuery('SELECT `productos`.*, `marcas`.`nombre` AS `marca`, `subcategorias`.`nombre` AS `subcategoria`, `categorias`.`nombre` AS `categoria`
FROM `productos`
JOIN `marcas` AS `m` ON `m`.`id` = `productos`.`marca_id`
JOIN `subcategorias` AS `sc` ON `sc`.`id` = `productos`.`subcategoria_id`
JOIN `categorias` AS `c` ON `c`.`id` = `sc`.`categoria_id`
WHERE `productos`.`id` = \'1\'
 LIMIT 1')
 3 SYSTEMPATH\Database\BaseBuilder.php(1629): CodeIgniter\Database\BaseConnection->query('SELECT `productos`.*, `marcas`.`nombre` AS `marca`, `subcategorias`.`nombre` AS `subcategoria`, `categorias`.`nombre` AS `categoria`
FROM `productos`
JOIN `marcas` AS `m` ON `m`.`id` = `productos`.`marca_id`
JOIN `subcategorias` AS `sc` ON `sc`.`id` = `productos`.`subcategoria_id`
JOIN `categorias` AS `c` ON `c`.`id` = `sc`.`categoria_id`
WHERE `productos`.`id` = :productos.id:
 LIMIT 1', [...], false)
 4 SYSTEMPATH\Model.php(319): CodeIgniter\Database\BaseBuilder->get()
 5 SYSTEMPATH\BaseModel.php(714): CodeIgniter\Model->doFirst()
 6 APPPATH\Models\ProductoModel.php(44): CodeIgniter\BaseModel->first()
 7 APPPATH\Controllers\Web\Catalogo.php(41): App\Models\ProductoModel->productoDetallado('1')
 8 SYSTEMPATH\CodeIgniter.php(933): App\Controllers\Web\Catalogo->show('1')
 9 SYSTEMPATH\CodeIgniter.php(509): CodeIgniter\CodeIgniter->runController(Object(App\Controllers\Web\Catalogo))
10 SYSTEMPATH\CodeIgniter.php(355): CodeIgniter\CodeIgniter->handleRequest(null, Object(Config\Cache), false)
11 SYSTEMPATH\Boot.php(312): CodeIgniter\CodeIgniter->run()
12 SYSTEMPATH\Boot.php(67): CodeIgniter\Boot::runCodeIgniter(Object(CodeIgniter\CodeIgniter))
13 FCPATH\index.php(56): CodeIgniter\Boot::bootWeb(Object(Config\Paths))
CRITICAL - 2024-07-23 20:17:09 --> [Caused by] mysqli_sql_exception: Unknown column 'marcas.nombre' in 'field list'
in SYSTEMPATH\Database\MySQLi\Connection.php on line 308.
 1 SYSTEMPATH\Database\MySQLi\Connection.php(308): mysqli->query('SELECT `productos`.*, `marcas`.`nombre` AS `marca`, `subcategorias`.`nombre` AS `subcategoria`, `categorias`.`nombre` AS `categoria`
FROM `productos`
JOIN `marcas` AS `m` ON `m`.`id` = `productos`.`marca_id`
JOIN `subcategorias` AS `sc` ON `sc`.`id` = `productos`.`subcategoria_id`
JOIN `categorias` AS `c` ON `c`.`id` = `sc`.`categoria_id`
WHERE `productos`.`id` = \'1\'
 LIMIT 1', 0)
 2 SYSTEMPATH\Database\BaseConnection.php(722): CodeIgniter\Database\MySQLi\Connection->execute('SELECT `productos`.*, `marcas`.`nombre` AS `marca`, `subcategorias`.`nombre` AS `subcategoria`, `categorias`.`nombre` AS `categoria`
FROM `productos`
JOIN `marcas` AS `m` ON `m`.`id` = `productos`.`marca_id`
JOIN `subcategorias` AS `sc` ON `sc`.`id` = `productos`.`subcategoria_id`
JOIN `categorias` AS `c` ON `c`.`id` = `sc`.`categoria_id`
WHERE `productos`.`id` = \'1\'
 LIMIT 1')
 3 SYSTEMPATH\Database\BaseConnection.php(636): CodeIgniter\Database\BaseConnection->simpleQuery('SELECT `productos`.*, `marcas`.`nombre` AS `marca`, `subcategorias`.`nombre` AS `subcategoria`, `categorias`.`nombre` AS `categoria`
FROM `productos`
JOIN `marcas` AS `m` ON `m`.`id` = `productos`.`marca_id`
JOIN `subcategorias` AS `sc` ON `sc`.`id` = `productos`.`subcategoria_id`
JOIN `categorias` AS `c` ON `c`.`id` = `sc`.`categoria_id`
WHERE `productos`.`id` = \'1\'
 LIMIT 1')
 4 SYSTEMPATH\Database\BaseBuilder.php(1629): CodeIgniter\Database\BaseConnection->query('SELECT `productos`.*, `marcas`.`nombre` AS `marca`, `subcategorias`.`nombre` AS `subcategoria`, `categorias`.`nombre` AS `categoria`
FROM `productos`
JOIN `marcas` AS `m` ON `m`.`id` = `productos`.`marca_id`
JOIN `subcategorias` AS `sc` ON `sc`.`id` = `productos`.`subcategoria_id`
JOIN `categorias` AS `c` ON `c`.`id` = `sc`.`categoria_id`
WHERE `productos`.`id` = :productos.id:
 LIMIT 1', [...], false)
 5 SYSTEMPATH\Model.php(319): CodeIgniter\Database\BaseBuilder->get()
 6 SYSTEMPATH\BaseModel.php(714): CodeIgniter\Model->doFirst()
 7 APPPATH\Models\ProductoModel.php(44): CodeIgniter\BaseModel->first()
 8 APPPATH\Controllers\Web\Catalogo.php(41): App\Models\ProductoModel->productoDetallado('1')
 9 SYSTEMPATH\CodeIgniter.php(933): App\Controllers\Web\Catalogo->show('1')
10 SYSTEMPATH\CodeIgniter.php(509): CodeIgniter\CodeIgniter->runController(Object(App\Controllers\Web\Catalogo))
11 SYSTEMPATH\CodeIgniter.php(355): CodeIgniter\CodeIgniter->handleRequest(null, Object(Config\Cache), false)
12 SYSTEMPATH\Boot.php(312): CodeIgniter\CodeIgniter->run()
13 SYSTEMPATH\Boot.php(67): CodeIgniter\Boot::runCodeIgniter(Object(CodeIgniter\CodeIgniter))
14 FCPATH\index.php(56): CodeIgniter\Boot::bootWeb(Object(Config\Paths))
CRITICAL - 2024-07-23 20:19:55 --> BadMethodCallException: Call to undefined method App\Models\ProductoModel::getImangenById
[Method: GET, Route: producto/1]
in SYSTEMPATH\Model.php on line 921.
 1 APPPATH\Controllers\Web\Catalogo.php(42): CodeIgniter\Model->__call('getImangenById', [...])
 2 SYSTEMPATH\CodeIgniter.php(933): App\Controllers\Web\Catalogo->show('1')
 3 SYSTEMPATH\CodeIgniter.php(509): CodeIgniter\CodeIgniter->runController(Object(App\Controllers\Web\Catalogo))
 4 SYSTEMPATH\CodeIgniter.php(355): CodeIgniter\CodeIgniter->handleRequest(null, Object(Config\Cache), false)
 5 SYSTEMPATH\Boot.php(312): CodeIgniter\CodeIgniter->run()
 6 SYSTEMPATH\Boot.php(67): CodeIgniter\Boot::runCodeIgniter(Object(CodeIgniter\CodeIgniter))
 7 FCPATH\index.php(56): CodeIgniter\Boot::bootWeb(Object(Config\Paths))
ERROR - 2024-07-23 20:20:13 --> mysqli_sql_exception: Unknown column 'marcas.nombre' in 'field list' in C:\xampp\htdocs\Torres_Enrique\system\Database\MySQLi\Connection.php:308
Stack trace:
#0 C:\xampp\htdocs\Torres_Enrique\system\Database\MySQLi\Connection.php(308): mysqli->query('SELECT `product...', 0)
#1 C:\xampp\htdocs\Torres_Enrique\system\Database\BaseConnection.php(722): CodeIgniter\Database\MySQLi\Connection->execute('SELECT `product...')
#2 C:\xampp\htdocs\Torres_Enrique\system\Database\BaseConnection.php(636): CodeIgniter\Database\BaseConnection->simpleQuery('SELECT `product...')
#3 C:\xampp\htdocs\Torres_Enrique\system\Database\BaseBuilder.php(1629): CodeIgniter\Database\BaseConnection->query('SELECT `product...', Array, false)
#4 C:\xampp\htdocs\Torres_Enrique\system\Model.php(319): CodeIgniter\Database\BaseBuilder->get()
#5 C:\xampp\htdocs\Torres_Enrique\system\BaseModel.php(714): CodeIgniter\Model->doFirst()
#6 C:\xampp\htdocs\Torres_Enrique\app\Models\ProductoModel.php(44): CodeIgniter\BaseModel->first()
#7 C:\xampp\htdocs\Torres_Enrique\app\Controllers\Web\Catalogo.php(41): App\Models\ProductoModel->productoDetallado('1')
#8 C:\xampp\htdocs\Torres_Enrique\system\CodeIgniter.php(933): App\Controllers\Web\Catalogo->show('1')
#9 C:\xampp\htdocs\Torres_Enrique\system\CodeIgniter.php(509): CodeIgniter\CodeIgniter->runController(Object(App\Controllers\Web\Catalogo))
#10 C:\xampp\htdocs\Torres_Enrique\system\CodeIgniter.php(355): CodeIgniter\CodeIgniter->handleRequest(NULL, Object(Config\Cache), false)
#11 C:\xampp\htdocs\Torres_Enrique\system\Boot.php(312): CodeIgniter\CodeIgniter->run()
#12 C:\xampp\htdocs\Torres_Enrique\system\Boot.php(67): CodeIgniter\Boot::runCodeIgniter(Object(CodeIgniter\CodeIgniter))
#13 C:\xampp\htdocs\Torres_Enrique\index.php(56): CodeIgniter\Boot::bootWeb(Object(Config\Paths))
#14 {main}
CRITICAL - 2024-07-23 20:20:13 --> CodeIgniter\Database\Exceptions\DatabaseException: Unknown column 'marcas.nombre' in 'field list'
[Method: GET, Route: producto/1]
in SYSTEMPATH\Database\BaseConnection.php on line 676.
 1 SYSTEMPATH\Database\BaseBuilder.php(1629): CodeIgniter\Database\BaseConnection->query('SELECT `productos`.*, `marcas`.`nombre` AS `marca`, `subcategorias`.`nombre` AS `subcategoria`, `categorias`.`nombre` AS `categoria`
FROM `productos`
JOIN `marcas` AS `m` ON `m`.`id` = `productos`.`marca_id`
JOIN `subcategorias` AS `sc` ON `sc`.`id` = `productos`.`subcategoria_id`
JOIN `categorias` AS `c` ON `c`.`id` = `sc`.`categoria_id`
WHERE `productos`.`id` = :productos.id:
 LIMIT 1', [...], false)
 2 SYSTEMPATH\Model.php(319): CodeIgniter\Database\BaseBuilder->get()
 3 SYSTEMPATH\BaseModel.php(714): CodeIgniter\Model->doFirst()
 4 APPPATH\Models\ProductoModel.php(44): CodeIgniter\BaseModel->first()
 5 APPPATH\Controllers\Web\Catalogo.php(41): App\Models\ProductoModel->productoDetallado('1')
 6 SYSTEMPATH\CodeIgniter.php(933): App\Controllers\Web\Catalogo->show('1')
 7 SYSTEMPATH\CodeIgniter.php(509): CodeIgniter\CodeIgniter->runController(Object(App\Controllers\Web\Catalogo))
 8 SYSTEMPATH\CodeIgniter.php(355): CodeIgniter\CodeIgniter->handleRequest(null, Object(Config\Cache), false)
 9 SYSTEMPATH\Boot.php(312): CodeIgniter\CodeIgniter->run()
10 SYSTEMPATH\Boot.php(67): CodeIgniter\Boot::runCodeIgniter(Object(CodeIgniter\CodeIgniter))
11 FCPATH\index.php(56): CodeIgniter\Boot::bootWeb(Object(Config\Paths))
CRITICAL - 2024-07-23 20:20:13 --> [Caused by] CodeIgniter\Database\Exceptions\DatabaseException: Unknown column 'marcas.nombre' in 'field list'
in SYSTEMPATH\Database\MySQLi\Connection.php on line 313.
 1 SYSTEMPATH\Database\BaseConnection.php(722): CodeIgniter\Database\MySQLi\Connection->execute('SELECT `productos`.*, `marcas`.`nombre` AS `marca`, `subcategorias`.`nombre` AS `subcategoria`, `categorias`.`nombre` AS `categoria`
FROM `productos`
JOIN `marcas` AS `m` ON `m`.`id` = `productos`.`marca_id`
JOIN `subcategorias` AS `sc` ON `sc`.`id` = `productos`.`subcategoria_id`
JOIN `categorias` AS `c` ON `c`.`id` = `sc`.`categoria_id`
WHERE `productos`.`id` = \'1\'
 LIMIT 1')
 2 SYSTEMPATH\Database\BaseConnection.php(636): CodeIgniter\Database\BaseConnection->simpleQuery('SELECT `productos`.*, `marcas`.`nombre` AS `marca`, `subcategorias`.`nombre` AS `subcategoria`, `categorias`.`nombre` AS `categoria`
FROM `productos`
JOIN `marcas` AS `m` ON `m`.`id` = `productos`.`marca_id`
JOIN `subcategorias` AS `sc` ON `sc`.`id` = `productos`.`subcategoria_id`
JOIN `categorias` AS `c` ON `c`.`id` = `sc`.`categoria_id`
WHERE `productos`.`id` = \'1\'
 LIMIT 1')
 3 SYSTEMPATH\Database\BaseBuilder.php(1629): CodeIgniter\Database\BaseConnection->query('SELECT `productos`.*, `marcas`.`nombre` AS `marca`, `subcategorias`.`nombre` AS `subcategoria`, `categorias`.`nombre` AS `categoria`
FROM `productos`
JOIN `marcas` AS `m` ON `m`.`id` = `productos`.`marca_id`
JOIN `subcategorias` AS `sc` ON `sc`.`id` = `productos`.`subcategoria_id`
JOIN `categorias` AS `c` ON `c`.`id` = `sc`.`categoria_id`
WHERE `productos`.`id` = :productos.id:
 LIMIT 1', [...], false)
 4 SYSTEMPATH\Model.php(319): CodeIgniter\Database\BaseBuilder->get()
 5 SYSTEMPATH\BaseModel.php(714): CodeIgniter\Model->doFirst()
 6 APPPATH\Models\ProductoModel.php(44): CodeIgniter\BaseModel->first()
 7 APPPATH\Controllers\Web\Catalogo.php(41): App\Models\ProductoModel->productoDetallado('1')
 8 SYSTEMPATH\CodeIgniter.php(933): App\Controllers\Web\Catalogo->show('1')
 9 SYSTEMPATH\CodeIgniter.php(509): CodeIgniter\CodeIgniter->runController(Object(App\Controllers\Web\Catalogo))
10 SYSTEMPATH\CodeIgniter.php(355): CodeIgniter\CodeIgniter->handleRequest(null, Object(Config\Cache), false)
11 SYSTEMPATH\Boot.php(312): CodeIgniter\CodeIgniter->run()
12 SYSTEMPATH\Boot.php(67): CodeIgniter\Boot::runCodeIgniter(Object(CodeIgniter\CodeIgniter))
13 FCPATH\index.php(56): CodeIgniter\Boot::bootWeb(Object(Config\Paths))
CRITICAL - 2024-07-23 20:20:13 --> [Caused by] mysqli_sql_exception: Unknown column 'marcas.nombre' in 'field list'
in SYSTEMPATH\Database\MySQLi\Connection.php on line 308.
 1 SYSTEMPATH\Database\MySQLi\Connection.php(308): mysqli->query('SELECT `productos`.*, `marcas`.`nombre` AS `marca`, `subcategorias`.`nombre` AS `subcategoria`, `categorias`.`nombre` AS `categoria`
FROM `productos`
JOIN `marcas` AS `m` ON `m`.`id` = `productos`.`marca_id`
JOIN `subcategorias` AS `sc` ON `sc`.`id` = `productos`.`subcategoria_id`
JOIN `categorias` AS `c` ON `c`.`id` = `sc`.`categoria_id`
WHERE `productos`.`id` = \'1\'
 LIMIT 1', 0)
 2 SYSTEMPATH\Database\BaseConnection.php(722): CodeIgniter\Database\MySQLi\Connection->execute('SELECT `productos`.*, `marcas`.`nombre` AS `marca`, `subcategorias`.`nombre` AS `subcategoria`, `categorias`.`nombre` AS `categoria`
FROM `productos`
JOIN `marcas` AS `m` ON `m`.`id` = `productos`.`marca_id`
JOIN `subcategorias` AS `sc` ON `sc`.`id` = `productos`.`subcategoria_id`
JOIN `categorias` AS `c` ON `c`.`id` = `sc`.`categoria_id`
WHERE `productos`.`id` = \'1\'
 LIMIT 1')
 3 SYSTEMPATH\Database\BaseConnection.php(636): CodeIgniter\Database\BaseConnection->simpleQuery('SELECT `productos`.*, `marcas`.`nombre` AS `marca`, `subcategorias`.`nombre` AS `subcategoria`, `categorias`.`nombre` AS `categoria`
FROM `productos`
JOIN `marcas` AS `m` ON `m`.`id` = `productos`.`marca_id`
JOIN `subcategorias` AS `sc` ON `sc`.`id` = `productos`.`subcategoria_id`
JOIN `categorias` AS `c` ON `c`.`id` = `sc`.`categoria_id`
WHERE `productos`.`id` = \'1\'
 LIMIT 1')
 4 SYSTEMPATH\Database\BaseBuilder.php(1629): CodeIgniter\Database\BaseConnection->query('SELECT `productos`.*, `marcas`.`nombre` AS `marca`, `subcategorias`.`nombre` AS `subcategoria`, `categorias`.`nombre` AS `categoria`
FROM `productos`
JOIN `marcas` AS `m` ON `m`.`id` = `productos`.`marca_id`
JOIN `subcategorias` AS `sc` ON `sc`.`id` = `productos`.`subcategoria_id`
JOIN `categorias` AS `c` ON `c`.`id` = `sc`.`categoria_id`
WHERE `productos`.`id` = :productos.id:
 LIMIT 1', [...], false)
 5 SYSTEMPATH\Model.php(319): CodeIgniter\Database\BaseBuilder->get()
 6 SYSTEMPATH\BaseModel.php(714): CodeIgniter\Model->doFirst()
 7 APPPATH\Models\ProductoModel.php(44): CodeIgniter\BaseModel->first()
 8 APPPATH\Controllers\Web\Catalogo.php(41): App\Models\ProductoModel->productoDetallado('1')
 9 SYSTEMPATH\CodeIgniter.php(933): App\Controllers\Web\Catalogo->show('1')
10 SYSTEMPATH\CodeIgniter.php(509): CodeIgniter\CodeIgniter->runController(Object(App\Controllers\Web\Catalogo))
11 SYSTEMPATH\CodeIgniter.php(355): CodeIgniter\CodeIgniter->handleRequest(null, Object(Config\Cache), false)
12 SYSTEMPATH\Boot.php(312): CodeIgniter\CodeIgniter->run()
13 SYSTEMPATH\Boot.php(67): CodeIgniter\Boot::runCodeIgniter(Object(CodeIgniter\CodeIgniter))
14 FCPATH\index.php(56): CodeIgniter\Boot::bootWeb(Object(Config\Paths))
CRITICAL - 2024-07-23 20:23:00 --> BadMethodCallException: Call to undefined method App\Models\ProductoModel::getImangenById
[Method: GET, Route: producto/1]
in SYSTEMPATH\Model.php on line 921.
 1 APPPATH\Controllers\Web\Catalogo.php(42): CodeIgniter\Model->__call('getImangenById', [...])
 2 SYSTEMPATH\CodeIgniter.php(933): App\Controllers\Web\Catalogo->show('1')
 3 SYSTEMPATH\CodeIgniter.php(509): CodeIgniter\CodeIgniter->runController(Object(App\Controllers\Web\Catalogo))
 4 SYSTEMPATH\CodeIgniter.php(355): CodeIgniter\CodeIgniter->handleRequest(null, Object(Config\Cache), false)
 5 SYSTEMPATH\Boot.php(312): CodeIgniter\CodeIgniter->run()
 6 SYSTEMPATH\Boot.php(67): CodeIgniter\Boot::runCodeIgniter(Object(CodeIgniter\CodeIgniter))
 7 FCPATH\index.php(56): CodeIgniter\Boot::bootWeb(Object(Config\Paths))
ERROR - 2024-07-23 20:24:49 --> mysqli_sql_exception: Unknown column 'marcas.nombre' in 'field list' in C:\xampp\htdocs\Torres_Enrique\system\Database\MySQLi\Connection.php:308
Stack trace:
#0 C:\xampp\htdocs\Torres_Enrique\system\Database\MySQLi\Connection.php(308): mysqli->query('SELECT `product...', 0)
#1 C:\xampp\htdocs\Torres_Enrique\system\Database\BaseConnection.php(722): CodeIgniter\Database\MySQLi\Connection->execute('SELECT `product...')
#2 C:\xampp\htdocs\Torres_Enrique\system\Database\BaseConnection.php(636): CodeIgniter\Database\BaseConnection->simpleQuery('SELECT `product...')
#3 C:\xampp\htdocs\Torres_Enrique\system\Database\BaseBuilder.php(1629): CodeIgniter\Database\BaseConnection->query('SELECT `product...', Array, false)
#4 C:\xampp\htdocs\Torres_Enrique\system\Model.php(210): CodeIgniter\Database\BaseBuilder->get()
#5 C:\xampp\htdocs\Torres_Enrique\system\BaseModel.php(610): CodeIgniter\Model->doFind(false, NULL)
#6 C:\xampp\htdocs\Torres_Enrique\app\Models\ProductoModel.php(44): CodeIgniter\BaseModel->find()
#7 C:\xampp\htdocs\Torres_Enrique\app\Controllers\Web\Catalogo.php(41): App\Models\ProductoModel->productoDetallado('1')
#8 C:\xampp\htdocs\Torres_Enrique\system\CodeIgniter.php(933): App\Controllers\Web\Catalogo->show('1')
#9 C:\xampp\htdocs\Torres_Enrique\system\CodeIgniter.php(509): CodeIgniter\CodeIgniter->runController(Object(App\Controllers\Web\Catalogo))
#10 C:\xampp\htdocs\Torres_Enrique\system\CodeIgniter.php(355): CodeIgniter\CodeIgniter->handleRequest(NULL, Object(Config\Cache), false)
#11 C:\xampp\htdocs\Torres_Enrique\system\Boot.php(312): CodeIgniter\CodeIgniter->run()
#12 C:\xampp\htdocs\Torres_Enrique\system\Boot.php(67): CodeIgniter\Boot::runCodeIgniter(Object(CodeIgniter\CodeIgniter))
#13 C:\xampp\htdocs\Torres_Enrique\index.php(56): CodeIgniter\Boot::bootWeb(Object(Config\Paths))
#14 {main}
CRITICAL - 2024-07-23 20:24:49 --> CodeIgniter\Database\Exceptions\DatabaseException: Unknown column 'marcas.nombre' in 'field list'
[Method: GET, Route: producto/1]
in SYSTEMPATH\Database\BaseConnection.php on line 676.
 1 SYSTEMPATH\Database\BaseBuilder.php(1629): CodeIgniter\Database\BaseConnection->query('SELECT `productos`.*, `marcas`.`nombre` AS `marca`, `subcategorias`.`nombre` AS `subcategoria`, `categorias`.`nombre` AS `categoria`
FROM `productos`
JOIN `marcas` AS `m` ON `m`.`id` = `productos`.`marca_id`
JOIN `subcategorias` AS `sc` ON `sc`.`id` = `productos`.`subcategoria_id`
JOIN `categorias` AS `c` ON `c`.`id` = `sc`.`categoria_id`
WHERE `productos`.`id` = :productos.id:', [...], false)
 2 SYSTEMPATH\Model.php(210): CodeIgniter\Database\BaseBuilder->get()
 3 SYSTEMPATH\BaseModel.php(610): CodeIgniter\Model->doFind(false, null)
 4 APPPATH\Models\ProductoModel.php(44): CodeIgniter\BaseModel->find()
 5 APPPATH\Controllers\Web\Catalogo.php(41): App\Models\ProductoModel->productoDetallado('1')
 6 SYSTEMPATH\CodeIgniter.php(933): App\Controllers\Web\Catalogo->show('1')
 7 SYSTEMPATH\CodeIgniter.php(509): CodeIgniter\CodeIgniter->runController(Object(App\Controllers\Web\Catalogo))
 8 SYSTEMPATH\CodeIgniter.php(355): CodeIgniter\CodeIgniter->handleRequest(null, Object(Config\Cache), false)
 9 SYSTEMPATH\Boot.php(312): CodeIgniter\CodeIgniter->run()
10 SYSTEMPATH\Boot.php(67): CodeIgniter\Boot::runCodeIgniter(Object(CodeIgniter\CodeIgniter))
11 FCPATH\index.php(56): CodeIgniter\Boot::bootWeb(Object(Config\Paths))
CRITICAL - 2024-07-23 20:24:49 --> [Caused by] CodeIgniter\Database\Exceptions\DatabaseException: Unknown column 'marcas.nombre' in 'field list'
in SYSTEMPATH\Database\MySQLi\Connection.php on line 313.
 1 SYSTEMPATH\Database\BaseConnection.php(722): CodeIgniter\Database\MySQLi\Connection->execute('SELECT `productos`.*, `marcas`.`nombre` AS `marca`, `subcategorias`.`nombre` AS `subcategoria`, `categorias`.`nombre` AS `categoria`
FROM `productos`
JOIN `marcas` AS `m` ON `m`.`id` = `productos`.`marca_id`
JOIN `subcategorias` AS `sc` ON `sc`.`id` = `productos`.`subcategoria_id`
JOIN `categorias` AS `c` ON `c`.`id` = `sc`.`categoria_id`
WHERE `productos`.`id` = \'1\'')
 2 SYSTEMPATH\Database\BaseConnection.php(636): CodeIgniter\Database\BaseConnection->simpleQuery('SELECT `productos`.*, `marcas`.`nombre` AS `marca`, `subcategorias`.`nombre` AS `subcategoria`, `categorias`.`nombre` AS `categoria`
FROM `productos`
JOIN `marcas` AS `m` ON `m`.`id` = `productos`.`marca_id`
JOIN `subcategorias` AS `sc` ON `sc`.`id` = `productos`.`subcategoria_id`
JOIN `categorias` AS `c` ON `c`.`id` = `sc`.`categoria_id`
WHERE `productos`.`id` = \'1\'')
 3 SYSTEMPATH\Database\BaseBuilder.php(1629): CodeIgniter\Database\BaseConnection->query('SELECT `productos`.*, `marcas`.`nombre` AS `marca`, `subcategorias`.`nombre` AS `subcategoria`, `categorias`.`nombre` AS `categoria`
FROM `productos`
JOIN `marcas` AS `m` ON `m`.`id` = `productos`.`marca_id`
JOIN `subcategorias` AS `sc` ON `sc`.`id` = `productos`.`subcategoria_id`
JOIN `categorias` AS `c` ON `c`.`id` = `sc`.`categoria_id`
WHERE `productos`.`id` = :productos.id:', [...], false)
 4 SYSTEMPATH\Model.php(210): CodeIgniter\Database\BaseBuilder->get()
 5 SYSTEMPATH\BaseModel.php(610): CodeIgniter\Model->doFind(false, null)
 6 APPPATH\Models\ProductoModel.php(44): CodeIgniter\BaseModel->find()
 7 APPPATH\Controllers\Web\Catalogo.php(41): App\Models\ProductoModel->productoDetallado('1')
 8 SYSTEMPATH\CodeIgniter.php(933): App\Controllers\Web\Catalogo->show('1')
 9 SYSTEMPATH\CodeIgniter.php(509): CodeIgniter\CodeIgniter->runController(Object(App\Controllers\Web\Catalogo))
10 SYSTEMPATH\CodeIgniter.php(355): CodeIgniter\CodeIgniter->handleRequest(null, Object(Config\Cache), false)
11 SYSTEMPATH\Boot.php(312): CodeIgniter\CodeIgniter->run()
12 SYSTEMPATH\Boot.php(67): CodeIgniter\Boot::runCodeIgniter(Object(CodeIgniter\CodeIgniter))
13 FCPATH\index.php(56): CodeIgniter\Boot::bootWeb(Object(Config\Paths))
CRITICAL - 2024-07-23 20:24:49 --> [Caused by] mysqli_sql_exception: Unknown column 'marcas.nombre' in 'field list'
in SYSTEMPATH\Database\MySQLi\Connection.php on line 308.
 1 SYSTEMPATH\Database\MySQLi\Connection.php(308): mysqli->query('SELECT `productos`.*, `marcas`.`nombre` AS `marca`, `subcategorias`.`nombre` AS `subcategoria`, `categorias`.`nombre` AS `categoria`
FROM `productos`
JOIN `marcas` AS `m` ON `m`.`id` = `productos`.`marca_id`
JOIN `subcategorias` AS `sc` ON `sc`.`id` = `productos`.`subcategoria_id`
JOIN `categorias` AS `c` ON `c`.`id` = `sc`.`categoria_id`
WHERE `productos`.`id` = \'1\'', 0)
 2 SYSTEMPATH\Database\BaseConnection.php(722): CodeIgniter\Database\MySQLi\Connection->execute('SELECT `productos`.*, `marcas`.`nombre` AS `marca`, `subcategorias`.`nombre` AS `subcategoria`, `categorias`.`nombre` AS `categoria`
FROM `productos`
JOIN `marcas` AS `m` ON `m`.`id` = `productos`.`marca_id`
JOIN `subcategorias` AS `sc` ON `sc`.`id` = `productos`.`subcategoria_id`
JOIN `categorias` AS `c` ON `c`.`id` = `sc`.`categoria_id`
WHERE `productos`.`id` = \'1\'')
 3 SYSTEMPATH\Database\BaseConnection.php(636): CodeIgniter\Database\BaseConnection->simpleQuery('SELECT `productos`.*, `marcas`.`nombre` AS `marca`, `subcategorias`.`nombre` AS `subcategoria`, `categorias`.`nombre` AS `categoria`
FROM `productos`
JOIN `marcas` AS `m` ON `m`.`id` = `productos`.`marca_id`
JOIN `subcategorias` AS `sc` ON `sc`.`id` = `productos`.`subcategoria_id`
JOIN `categorias` AS `c` ON `c`.`id` = `sc`.`categoria_id`
WHERE `productos`.`id` = \'1\'')
 4 SYSTEMPATH\Database\BaseBuilder.php(1629): CodeIgniter\Database\BaseConnection->query('SELECT `productos`.*, `marcas`.`nombre` AS `marca`, `subcategorias`.`nombre` AS `subcategoria`, `categorias`.`nombre` AS `categoria`
FROM `productos`
JOIN `marcas` AS `m` ON `m`.`id` = `productos`.`marca_id`
JOIN `subcategorias` AS `sc` ON `sc`.`id` = `productos`.`subcategoria_id`
JOIN `categorias` AS `c` ON `c`.`id` = `sc`.`categoria_id`
WHERE `productos`.`id` = :productos.id:', [...], false)
 5 SYSTEMPATH\Model.php(210): CodeIgniter\Database\BaseBuilder->get()
 6 SYSTEMPATH\BaseModel.php(610): CodeIgniter\Model->doFind(false, null)
 7 APPPATH\Models\ProductoModel.php(44): CodeIgniter\BaseModel->find()
 8 APPPATH\Controllers\Web\Catalogo.php(41): App\Models\ProductoModel->productoDetallado('1')
 9 SYSTEMPATH\CodeIgniter.php(933): App\Controllers\Web\Catalogo->show('1')
10 SYSTEMPATH\CodeIgniter.php(509): CodeIgniter\CodeIgniter->runController(Object(App\Controllers\Web\Catalogo))
11 SYSTEMPATH\CodeIgniter.php(355): CodeIgniter\CodeIgniter->handleRequest(null, Object(Config\Cache), false)
12 SYSTEMPATH\Boot.php(312): CodeIgniter\CodeIgniter->run()
13 SYSTEMPATH\Boot.php(67): CodeIgniter\Boot::runCodeIgniter(Object(CodeIgniter\CodeIgniter))
14 FCPATH\index.php(56): CodeIgniter\Boot::bootWeb(Object(Config\Paths))
ERROR - 2024-07-23 20:24:57 --> mysqli_sql_exception: Unknown column 'marcas.nombre' in 'field list' in C:\xampp\htdocs\Torres_Enrique\system\Database\MySQLi\Connection.php:308
Stack trace:
#0 C:\xampp\htdocs\Torres_Enrique\system\Database\MySQLi\Connection.php(308): mysqli->query('SELECT `product...', 0)
#1 C:\xampp\htdocs\Torres_Enrique\system\Database\BaseConnection.php(722): CodeIgniter\Database\MySQLi\Connection->execute('SELECT `product...')
#2 C:\xampp\htdocs\Torres_Enrique\system\Database\BaseConnection.php(636): CodeIgniter\Database\BaseConnection->simpleQuery('SELECT `product...')
#3 C:\xampp\htdocs\Torres_Enrique\system\Database\BaseBuilder.php(1629): CodeIgniter\Database\BaseConnection->query('SELECT `product...', Array, false)
#4 C:\xampp\htdocs\Torres_Enrique\system\Model.php(319): CodeIgniter\Database\BaseBuilder->get()
#5 C:\xampp\htdocs\Torres_Enrique\system\BaseModel.php(714): CodeIgniter\Model->doFirst()
#6 C:\xampp\htdocs\Torres_Enrique\app\Models\ProductoModel.php(44): CodeIgniter\BaseModel->first()
#7 C:\xampp\htdocs\Torres_Enrique\app\Controllers\Web\Catalogo.php(41): App\Models\ProductoModel->productoDetallado('1')
#8 C:\xampp\htdocs\Torres_Enrique\system\CodeIgniter.php(933): App\Controllers\Web\Catalogo->show('1')
#9 C:\xampp\htdocs\Torres_Enrique\system\CodeIgniter.php(509): CodeIgniter\CodeIgniter->runController(Object(App\Controllers\Web\Catalogo))
#10 C:\xampp\htdocs\Torres_Enrique\system\CodeIgniter.php(355): CodeIgniter\CodeIgniter->handleRequest(NULL, Object(Config\Cache), false)
#11 C:\xampp\htdocs\Torres_Enrique\system\Boot.php(312): CodeIgniter\CodeIgniter->run()
#12 C:\xampp\htdocs\Torres_Enrique\system\Boot.php(67): CodeIgniter\Boot::runCodeIgniter(Object(CodeIgniter\CodeIgniter))
#13 C:\xampp\htdocs\Torres_Enrique\index.php(56): CodeIgniter\Boot::bootWeb(Object(Config\Paths))
#14 {main}
CRITICAL - 2024-07-23 20:24:57 --> CodeIgniter\Database\Exceptions\DatabaseException: Unknown column 'marcas.nombre' in 'field list'
[Method: GET, Route: producto/1]
in SYSTEMPATH\Database\BaseConnection.php on line 676.
 1 SYSTEMPATH\Database\BaseBuilder.php(1629): CodeIgniter\Database\BaseConnection->query('SELECT `productos`.*, `marcas`.`nombre` AS `marca`, `subcategorias`.`nombre` AS `subcategoria`, `categorias`.`nombre` AS `categoria`
FROM `productos`
JOIN `marcas` AS `m` ON `m`.`id` = `productos`.`marca_id`
JOIN `subcategorias` AS `sc` ON `sc`.`id` = `productos`.`subcategoria_id`
JOIN `categorias` AS `c` ON `c`.`id` = `sc`.`categoria_id`
WHERE `productos`.`id` = :productos.id:
 LIMIT 1', [...], false)
 2 SYSTEMPATH\Model.php(319): CodeIgniter\Database\BaseBuilder->get()
 3 SYSTEMPATH\BaseModel.php(714): CodeIgniter\Model->doFirst()
 4 APPPATH\Models\ProductoModel.php(44): CodeIgniter\BaseModel->first()
 5 APPPATH\Controllers\Web\Catalogo.php(41): App\Models\ProductoModel->productoDetallado('1')
 6 SYSTEMPATH\CodeIgniter.php(933): App\Controllers\Web\Catalogo->show('1')
 7 SYSTEMPATH\CodeIgniter.php(509): CodeIgniter\CodeIgniter->runController(Object(App\Controllers\Web\Catalogo))
 8 SYSTEMPATH\CodeIgniter.php(355): CodeIgniter\CodeIgniter->handleRequest(null, Object(Config\Cache), false)
 9 SYSTEMPATH\Boot.php(312): CodeIgniter\CodeIgniter->run()
10 SYSTEMPATH\Boot.php(67): CodeIgniter\Boot::runCodeIgniter(Object(CodeIgniter\CodeIgniter))
11 FCPATH\index.php(56): CodeIgniter\Boot::bootWeb(Object(Config\Paths))
CRITICAL - 2024-07-23 20:24:57 --> [Caused by] CodeIgniter\Database\Exceptions\DatabaseException: Unknown column 'marcas.nombre' in 'field list'
in SYSTEMPATH\Database\MySQLi\Connection.php on line 313.
 1 SYSTEMPATH\Database\BaseConnection.php(722): CodeIgniter\Database\MySQLi\Connection->execute('SELECT `productos`.*, `marcas`.`nombre` AS `marca`, `subcategorias`.`nombre` AS `subcategoria`, `categorias`.`nombre` AS `categoria`
FROM `productos`
JOIN `marcas` AS `m` ON `m`.`id` = `productos`.`marca_id`
JOIN `subcategorias` AS `sc` ON `sc`.`id` = `productos`.`subcategoria_id`
JOIN `categorias` AS `c` ON `c`.`id` = `sc`.`categoria_id`
WHERE `productos`.`id` = \'1\'
 LIMIT 1')
 2 SYSTEMPATH\Database\BaseConnection.php(636): CodeIgniter\Database\BaseConnection->simpleQuery('SELECT `productos`.*, `marcas`.`nombre` AS `marca`, `subcategorias`.`nombre` AS `subcategoria`, `categorias`.`nombre` AS `categoria`
FROM `productos`
JOIN `marcas` AS `m` ON `m`.`id` = `productos`.`marca_id`
JOIN `subcategorias` AS `sc` ON `sc`.`id` = `productos`.`subcategoria_id`
JOIN `categorias` AS `c` ON `c`.`id` = `sc`.`categoria_id`
WHERE `productos`.`id` = \'1\'
 LIMIT 1')
 3 SYSTEMPATH\Database\BaseBuilder.php(1629): CodeIgniter\Database\BaseConnection->query('SELECT `productos`.*, `marcas`.`nombre` AS `marca`, `subcategorias`.`nombre` AS `subcategoria`, `categorias`.`nombre` AS `categoria`
FROM `productos`
JOIN `marcas` AS `m` ON `m`.`id` = `productos`.`marca_id`
JOIN `subcategorias` AS `sc` ON `sc`.`id` = `productos`.`subcategoria_id`
JOIN `categorias` AS `c` ON `c`.`id` = `sc`.`categoria_id`
WHERE `productos`.`id` = :productos.id:
 LIMIT 1', [...], false)
 4 SYSTEMPATH\Model.php(319): CodeIgniter\Database\BaseBuilder->get()
 5 SYSTEMPATH\BaseModel.php(714): CodeIgniter\Model->doFirst()
 6 APPPATH\Models\ProductoModel.php(44): CodeIgniter\BaseModel->first()
 7 APPPATH\Controllers\Web\Catalogo.php(41): App\Models\ProductoModel->productoDetallado('1')
 8 SYSTEMPATH\CodeIgniter.php(933): App\Controllers\Web\Catalogo->show('1')
 9 SYSTEMPATH\CodeIgniter.php(509): CodeIgniter\CodeIgniter->runController(Object(App\Controllers\Web\Catalogo))
10 SYSTEMPATH\CodeIgniter.php(355): CodeIgniter\CodeIgniter->handleRequest(null, Object(Config\Cache), false)
11 SYSTEMPATH\Boot.php(312): CodeIgniter\CodeIgniter->run()
12 SYSTEMPATH\Boot.php(67): CodeIgniter\Boot::runCodeIgniter(Object(CodeIgniter\CodeIgniter))
13 FCPATH\index.php(56): CodeIgniter\Boot::bootWeb(Object(Config\Paths))
CRITICAL - 2024-07-23 20:24:57 --> [Caused by] mysqli_sql_exception: Unknown column 'marcas.nombre' in 'field list'
in SYSTEMPATH\Database\MySQLi\Connection.php on line 308.
 1 SYSTEMPATH\Database\MySQLi\Connection.php(308): mysqli->query('SELECT `productos`.*, `marcas`.`nombre` AS `marca`, `subcategorias`.`nombre` AS `subcategoria`, `categorias`.`nombre` AS `categoria`
FROM `productos`
JOIN `marcas` AS `m` ON `m`.`id` = `productos`.`marca_id`
JOIN `subcategorias` AS `sc` ON `sc`.`id` = `productos`.`subcategoria_id`
JOIN `categorias` AS `c` ON `c`.`id` = `sc`.`categoria_id`
WHERE `productos`.`id` = \'1\'
 LIMIT 1', 0)
 2 SYSTEMPATH\Database\BaseConnection.php(722): CodeIgniter\Database\MySQLi\Connection->execute('SELECT `productos`.*, `marcas`.`nombre` AS `marca`, `subcategorias`.`nombre` AS `subcategoria`, `categorias`.`nombre` AS `categoria`
FROM `productos`
JOIN `marcas` AS `m` ON `m`.`id` = `productos`.`marca_id`
JOIN `subcategorias` AS `sc` ON `sc`.`id` = `productos`.`subcategoria_id`
JOIN `categorias` AS `c` ON `c`.`id` = `sc`.`categoria_id`
WHERE `productos`.`id` = \'1\'
 LIMIT 1')
 3 SYSTEMPATH\Database\BaseConnection.php(636): CodeIgniter\Database\BaseConnection->simpleQuery('SELECT `productos`.*, `marcas`.`nombre` AS `marca`, `subcategorias`.`nombre` AS `subcategoria`, `categorias`.`nombre` AS `categoria`
FROM `productos`
JOIN `marcas` AS `m` ON `m`.`id` = `productos`.`marca_id`
JOIN `subcategorias` AS `sc` ON `sc`.`id` = `productos`.`subcategoria_id`
JOIN `categorias` AS `c` ON `c`.`id` = `sc`.`categoria_id`
WHERE `productos`.`id` = \'1\'
 LIMIT 1')
 4 SYSTEMPATH\Database\BaseBuilder.php(1629): CodeIgniter\Database\BaseConnection->query('SELECT `productos`.*, `marcas`.`nombre` AS `marca`, `subcategorias`.`nombre` AS `subcategoria`, `categorias`.`nombre` AS `categoria`
FROM `productos`
JOIN `marcas` AS `m` ON `m`.`id` = `productos`.`marca_id`
JOIN `subcategorias` AS `sc` ON `sc`.`id` = `productos`.`subcategoria_id`
JOIN `categorias` AS `c` ON `c`.`id` = `sc`.`categoria_id`
WHERE `productos`.`id` = :productos.id:
 LIMIT 1', [...], false)
 5 SYSTEMPATH\Model.php(319): CodeIgniter\Database\BaseBuilder->get()
 6 SYSTEMPATH\BaseModel.php(714): CodeIgniter\Model->doFirst()
 7 APPPATH\Models\ProductoModel.php(44): CodeIgniter\BaseModel->first()
 8 APPPATH\Controllers\Web\Catalogo.php(41): App\Models\ProductoModel->productoDetallado('1')
 9 SYSTEMPATH\CodeIgniter.php(933): App\Controllers\Web\Catalogo->show('1')
10 SYSTEMPATH\CodeIgniter.php(509): CodeIgniter\CodeIgniter->runController(Object(App\Controllers\Web\Catalogo))
11 SYSTEMPATH\CodeIgniter.php(355): CodeIgniter\CodeIgniter->handleRequest(null, Object(Config\Cache), false)
12 SYSTEMPATH\Boot.php(312): CodeIgniter\CodeIgniter->run()
13 SYSTEMPATH\Boot.php(67): CodeIgniter\Boot::runCodeIgniter(Object(CodeIgniter\CodeIgniter))
14 FCPATH\index.php(56): CodeIgniter\Boot::bootWeb(Object(Config\Paths))
ERROR - 2024-07-23 20:25:10 --> mysqli_sql_exception: Unknown column 'marcas.nombre' in 'field list' in C:\xampp\htdocs\Torres_Enrique\system\Database\MySQLi\Connection.php:308
Stack trace:
#0 C:\xampp\htdocs\Torres_Enrique\system\Database\MySQLi\Connection.php(308): mysqli->query('SELECT `product...', 0)
#1 C:\xampp\htdocs\Torres_Enrique\system\Database\BaseConnection.php(722): CodeIgniter\Database\MySQLi\Connection->execute('SELECT `product...')
#2 C:\xampp\htdocs\Torres_Enrique\system\Database\BaseConnection.php(636): CodeIgniter\Database\BaseConnection->simpleQuery('SELECT `product...')
#3 C:\xampp\htdocs\Torres_Enrique\system\Database\BaseBuilder.php(1629): CodeIgniter\Database\BaseConnection->query('SELECT `product...', Array, false)
#4 C:\xampp\htdocs\Torres_Enrique\system\Model.php(319): CodeIgniter\Database\BaseBuilder->get()
#5 C:\xampp\htdocs\Torres_Enrique\system\BaseModel.php(714): CodeIgniter\Model->doFirst()
#6 C:\xampp\htdocs\Torres_Enrique\app\Models\ProductoModel.php(44): CodeIgniter\BaseModel->first()
#7 C:\xampp\htdocs\Torres_Enrique\app\Controllers\Web\Catalogo.php(41): App\Models\ProductoModel->productoDetallado('1')
#8 C:\xampp\htdocs\Torres_Enrique\system\CodeIgniter.php(933): App\Controllers\Web\Catalogo->show('1')
#9 C:\xampp\htdocs\Torres_Enrique\system\CodeIgniter.php(509): CodeIgniter\CodeIgniter->runController(Object(App\Controllers\Web\Catalogo))
#10 C:\xampp\htdocs\Torres_Enrique\system\CodeIgniter.php(355): CodeIgniter\CodeIgniter->handleRequest(NULL, Object(Config\Cache), false)
#11 C:\xampp\htdocs\Torres_Enrique\system\Boot.php(312): CodeIgniter\CodeIgniter->run()
#12 C:\xampp\htdocs\Torres_Enrique\system\Boot.php(67): CodeIgniter\Boot::runCodeIgniter(Object(CodeIgniter\CodeIgniter))
#13 C:\xampp\htdocs\Torres_Enrique\index.php(56): CodeIgniter\Boot::bootWeb(Object(Config\Paths))
#14 {main}
CRITICAL - 2024-07-23 20:25:10 --> CodeIgniter\Database\Exceptions\DatabaseException: Unknown column 'marcas.nombre' in 'field list'
[Method: GET, Route: producto/1]
in SYSTEMPATH\Database\BaseConnection.php on line 676.
 1 SYSTEMPATH\Database\BaseBuilder.php(1629): CodeIgniter\Database\BaseConnection->query('SELECT `productos`.*, `marcas`.`nombre`, `subcategorias`.`nombre` AS `subcategoria`, `categorias`.`nombre` AS `categoria`
FROM `productos`
JOIN `marcas` AS `m` ON `m`.`id` = `productos`.`marca_id`
JOIN `subcategorias` AS `sc` ON `sc`.`id` = `productos`.`subcategoria_id`
JOIN `categorias` AS `c` ON `c`.`id` = `sc`.`categoria_id`
WHERE `productos`.`id` = :productos.id:
 LIMIT 1', [...], false)
 2 SYSTEMPATH\Model.php(319): CodeIgniter\Database\BaseBuilder->get()
 3 SYSTEMPATH\BaseModel.php(714): CodeIgniter\Model->doFirst()
 4 APPPATH\Models\ProductoModel.php(44): CodeIgniter\BaseModel->first()
 5 APPPATH\Controllers\Web\Catalogo.php(41): App\Models\ProductoModel->productoDetallado('1')
 6 SYSTEMPATH\CodeIgniter.php(933): App\Controllers\Web\Catalogo->show('1')
 7 SYSTEMPATH\CodeIgniter.php(509): CodeIgniter\CodeIgniter->runController(Object(App\Controllers\Web\Catalogo))
 8 SYSTEMPATH\CodeIgniter.php(355): CodeIgniter\CodeIgniter->handleRequest(null, Object(Config\Cache), false)
 9 SYSTEMPATH\Boot.php(312): CodeIgniter\CodeIgniter->run()
10 SYSTEMPATH\Boot.php(67): CodeIgniter\Boot::runCodeIgniter(Object(CodeIgniter\CodeIgniter))
11 FCPATH\index.php(56): CodeIgniter\Boot::bootWeb(Object(Config\Paths))
CRITICAL - 2024-07-23 20:25:10 --> [Caused by] CodeIgniter\Database\Exceptions\DatabaseException: Unknown column 'marcas.nombre' in 'field list'
in SYSTEMPATH\Database\MySQLi\Connection.php on line 313.
 1 SYSTEMPATH\Database\BaseConnection.php(722): CodeIgniter\Database\MySQLi\Connection->execute('SELECT `productos`.*, `marcas`.`nombre`, `subcategorias`.`nombre` AS `subcategoria`, `categorias`.`nombre` AS `categoria`
FROM `productos`
JOIN `marcas` AS `m` ON `m`.`id` = `productos`.`marca_id`
JOIN `subcategorias` AS `sc` ON `sc`.`id` = `productos`.`subcategoria_id`
JOIN `categorias` AS `c` ON `c`.`id` = `sc`.`categoria_id`
WHERE `productos`.`id` = \'1\'
 LIMIT 1')
 2 SYSTEMPATH\Database\BaseConnection.php(636): CodeIgniter\Database\BaseConnection->simpleQuery('SELECT `productos`.*, `marcas`.`nombre`, `subcategorias`.`nombre` AS `subcategoria`, `categorias`.`nombre` AS `categoria`
FROM `productos`
JOIN `marcas` AS `m` ON `m`.`id` = `productos`.`marca_id`
JOIN `subcategorias` AS `sc` ON `sc`.`id` = `productos`.`subcategoria_id`
JOIN `categorias` AS `c` ON `c`.`id` = `sc`.`categoria_id`
WHERE `productos`.`id` = \'1\'
 LIMIT 1')
 3 SYSTEMPATH\Database\BaseBuilder.php(1629): CodeIgniter\Database\BaseConnection->query('SELECT `productos`.*, `marcas`.`nombre`, `subcategorias`.`nombre` AS `subcategoria`, `categorias`.`nombre` AS `categoria`
FROM `productos`
JOIN `marcas` AS `m` ON `m`.`id` = `productos`.`marca_id`
JOIN `subcategorias` AS `sc` ON `sc`.`id` = `productos`.`subcategoria_id`
JOIN `categorias` AS `c` ON `c`.`id` = `sc`.`categoria_id`
WHERE `productos`.`id` = :productos.id:
 LIMIT 1', [...], false)
 4 SYSTEMPATH\Model.php(319): CodeIgniter\Database\BaseBuilder->get()
 5 SYSTEMPATH\BaseModel.php(714): CodeIgniter\Model->doFirst()
 6 APPPATH\Models\ProductoModel.php(44): CodeIgniter\BaseModel->first()
 7 APPPATH\Controllers\Web\Catalogo.php(41): App\Models\ProductoModel->productoDetallado('1')
 8 SYSTEMPATH\CodeIgniter.php(933): App\Controllers\Web\Catalogo->show('1')
 9 SYSTEMPATH\CodeIgniter.php(509): CodeIgniter\CodeIgniter->runController(Object(App\Controllers\Web\Catalogo))
10 SYSTEMPATH\CodeIgniter.php(355): CodeIgniter\CodeIgniter->handleRequest(null, Object(Config\Cache), false)
11 SYSTEMPATH\Boot.php(312): CodeIgniter\CodeIgniter->run()
12 SYSTEMPATH\Boot.php(67): CodeIgniter\Boot::runCodeIgniter(Object(CodeIgniter\CodeIgniter))
13 FCPATH\index.php(56): CodeIgniter\Boot::bootWeb(Object(Config\Paths))
CRITICAL - 2024-07-23 20:25:10 --> [Caused by] mysqli_sql_exception: Unknown column 'marcas.nombre' in 'field list'
in SYSTEMPATH\Database\MySQLi\Connection.php on line 308.
 1 SYSTEMPATH\Database\MySQLi\Connection.php(308): mysqli->query('SELECT `productos`.*, `marcas`.`nombre`, `subcategorias`.`nombre` AS `subcategoria`, `categorias`.`nombre` AS `categoria`
FROM `productos`
JOIN `marcas` AS `m` ON `m`.`id` = `productos`.`marca_id`
JOIN `subcategorias` AS `sc` ON `sc`.`id` = `productos`.`subcategoria_id`
JOIN `categorias` AS `c` ON `c`.`id` = `sc`.`categoria_id`
WHERE `productos`.`id` = \'1\'
 LIMIT 1', 0)
 2 SYSTEMPATH\Database\BaseConnection.php(722): CodeIgniter\Database\MySQLi\Connection->execute('SELECT `productos`.*, `marcas`.`nombre`, `subcategorias`.`nombre` AS `subcategoria`, `categorias`.`nombre` AS `categoria`
FROM `productos`
JOIN `marcas` AS `m` ON `m`.`id` = `productos`.`marca_id`
JOIN `subcategorias` AS `sc` ON `sc`.`id` = `productos`.`subcategoria_id`
JOIN `categorias` AS `c` ON `c`.`id` = `sc`.`categoria_id`
WHERE `productos`.`id` = \'1\'
 LIMIT 1')
 3 SYSTEMPATH\Database\BaseConnection.php(636): CodeIgniter\Database\BaseConnection->simpleQuery('SELECT `productos`.*, `marcas`.`nombre`, `subcategorias`.`nombre` AS `subcategoria`, `categorias`.`nombre` AS `categoria`
FROM `productos`
JOIN `marcas` AS `m` ON `m`.`id` = `productos`.`marca_id`
JOIN `subcategorias` AS `sc` ON `sc`.`id` = `productos`.`subcategoria_id`
JOIN `categorias` AS `c` ON `c`.`id` = `sc`.`categoria_id`
WHERE `productos`.`id` = \'1\'
 LIMIT 1')
 4 SYSTEMPATH\Database\BaseBuilder.php(1629): CodeIgniter\Database\BaseConnection->query('SELECT `productos`.*, `marcas`.`nombre`, `subcategorias`.`nombre` AS `subcategoria`, `categorias`.`nombre` AS `categoria`
FROM `productos`
JOIN `marcas` AS `m` ON `m`.`id` = `productos`.`marca_id`
JOIN `subcategorias` AS `sc` ON `sc`.`id` = `productos`.`subcategoria_id`
JOIN `categorias` AS `c` ON `c`.`id` = `sc`.`categoria_id`
WHERE `productos`.`id` = :productos.id:
 LIMIT 1', [...], false)
 5 SYSTEMPATH\Model.php(319): CodeIgniter\Database\BaseBuilder->get()
 6 SYSTEMPATH\BaseModel.php(714): CodeIgniter\Model->doFirst()
 7 APPPATH\Models\ProductoModel.php(44): CodeIgniter\BaseModel->first()
 8 APPPATH\Controllers\Web\Catalogo.php(41): App\Models\ProductoModel->productoDetallado('1')
 9 SYSTEMPATH\CodeIgniter.php(933): App\Controllers\Web\Catalogo->show('1')
10 SYSTEMPATH\CodeIgniter.php(509): CodeIgniter\CodeIgniter->runController(Object(App\Controllers\Web\Catalogo))
11 SYSTEMPATH\CodeIgniter.php(355): CodeIgniter\CodeIgniter->handleRequest(null, Object(Config\Cache), false)
12 SYSTEMPATH\Boot.php(312): CodeIgniter\CodeIgniter->run()
13 SYSTEMPATH\Boot.php(67): CodeIgniter\Boot::runCodeIgniter(Object(CodeIgniter\CodeIgniter))
14 FCPATH\index.php(56): CodeIgniter\Boot::bootWeb(Object(Config\Paths))
ERROR - 2024-07-23 20:25:11 --> mysqli_sql_exception: Unknown column 'marcas.nombre' in 'field list' in C:\xampp\htdocs\Torres_Enrique\system\Database\MySQLi\Connection.php:308
Stack trace:
#0 C:\xampp\htdocs\Torres_Enrique\system\Database\MySQLi\Connection.php(308): mysqli->query('SELECT `product...', 0)
#1 C:\xampp\htdocs\Torres_Enrique\system\Database\BaseConnection.php(722): CodeIgniter\Database\MySQLi\Connection->execute('SELECT `product...')
#2 C:\xampp\htdocs\Torres_Enrique\system\Database\BaseConnection.php(636): CodeIgniter\Database\BaseConnection->simpleQuery('SELECT `product...')
#3 C:\xampp\htdocs\Torres_Enrique\system\Database\BaseBuilder.php(1629): CodeIgniter\Database\BaseConnection->query('SELECT `product...', Array, false)
#4 C:\xampp\htdocs\Torres_Enrique\system\Model.php(319): CodeIgniter\Database\BaseBuilder->get()
#5 C:\xampp\htdocs\Torres_Enrique\system\BaseModel.php(714): CodeIgniter\Model->doFirst()
#6 C:\xampp\htdocs\Torres_Enrique\app\Models\ProductoModel.php(44): CodeIgniter\BaseModel->first()
#7 C:\xampp\htdocs\Torres_Enrique\app\Controllers\Web\Catalogo.php(41): App\Models\ProductoModel->productoDetallado('1')
#8 C:\xampp\htdocs\Torres_Enrique\system\CodeIgniter.php(933): App\Controllers\Web\Catalogo->show('1')
#9 C:\xampp\htdocs\Torres_Enrique\system\CodeIgniter.php(509): CodeIgniter\CodeIgniter->runController(Object(App\Controllers\Web\Catalogo))
#10 C:\xampp\htdocs\Torres_Enrique\system\CodeIgniter.php(355): CodeIgniter\CodeIgniter->handleRequest(NULL, Object(Config\Cache), false)
#11 C:\xampp\htdocs\Torres_Enrique\system\Boot.php(312): CodeIgniter\CodeIgniter->run()
#12 C:\xampp\htdocs\Torres_Enrique\system\Boot.php(67): CodeIgniter\Boot::runCodeIgniter(Object(CodeIgniter\CodeIgniter))
#13 C:\xampp\htdocs\Torres_Enrique\index.php(56): CodeIgniter\Boot::bootWeb(Object(Config\Paths))
#14 {main}
CRITICAL - 2024-07-23 20:25:11 --> CodeIgniter\Database\Exceptions\DatabaseException: Unknown column 'marcas.nombre' in 'field list'
[Method: GET, Route: producto/1]
in SYSTEMPATH\Database\BaseConnection.php on line 676.
 1 SYSTEMPATH\Database\BaseBuilder.php(1629): CodeIgniter\Database\BaseConnection->query('SELECT `productos`.*, `marcas`.`nombre`, `subcategorias`.`nombre` AS `subcategoria`, `categorias`.`nombre` AS `categoria`
FROM `productos`
JOIN `marcas` AS `m` ON `m`.`id` = `productos`.`marca_id`
JOIN `subcategorias` AS `sc` ON `sc`.`id` = `productos`.`subcategoria_id`
JOIN `categorias` AS `c` ON `c`.`id` = `sc`.`categoria_id`
WHERE `productos`.`id` = :productos.id:
 LIMIT 1', [...], false)
 2 SYSTEMPATH\Model.php(319): CodeIgniter\Database\BaseBuilder->get()
 3 SYSTEMPATH\BaseModel.php(714): CodeIgniter\Model->doFirst()
 4 APPPATH\Models\ProductoModel.php(44): CodeIgniter\BaseModel->first()
 5 APPPATH\Controllers\Web\Catalogo.php(41): App\Models\ProductoModel->productoDetallado('1')
 6 SYSTEMPATH\CodeIgniter.php(933): App\Controllers\Web\Catalogo->show('1')
 7 SYSTEMPATH\CodeIgniter.php(509): CodeIgniter\CodeIgniter->runController(Object(App\Controllers\Web\Catalogo))
 8 SYSTEMPATH\CodeIgniter.php(355): CodeIgniter\CodeIgniter->handleRequest(null, Object(Config\Cache), false)
 9 SYSTEMPATH\Boot.php(312): CodeIgniter\CodeIgniter->run()
10 SYSTEMPATH\Boot.php(67): CodeIgniter\Boot::runCodeIgniter(Object(CodeIgniter\CodeIgniter))
11 FCPATH\index.php(56): CodeIgniter\Boot::bootWeb(Object(Config\Paths))
CRITICAL - 2024-07-23 20:25:11 --> [Caused by] CodeIgniter\Database\Exceptions\DatabaseException: Unknown column 'marcas.nombre' in 'field list'
in SYSTEMPATH\Database\MySQLi\Connection.php on line 313.
 1 SYSTEMPATH\Database\BaseConnection.php(722): CodeIgniter\Database\MySQLi\Connection->execute('SELECT `productos`.*, `marcas`.`nombre`, `subcategorias`.`nombre` AS `subcategoria`, `categorias`.`nombre` AS `categoria`
FROM `productos`
JOIN `marcas` AS `m` ON `m`.`id` = `productos`.`marca_id`
JOIN `subcategorias` AS `sc` ON `sc`.`id` = `productos`.`subcategoria_id`
JOIN `categorias` AS `c` ON `c`.`id` = `sc`.`categoria_id`
WHERE `productos`.`id` = \'1\'
 LIMIT 1')
 2 SYSTEMPATH\Database\BaseConnection.php(636): CodeIgniter\Database\BaseConnection->simpleQuery('SELECT `productos`.*, `marcas`.`nombre`, `subcategorias`.`nombre` AS `subcategoria`, `categorias`.`nombre` AS `categoria`
FROM `productos`
JOIN `marcas` AS `m` ON `m`.`id` = `productos`.`marca_id`
JOIN `subcategorias` AS `sc` ON `sc`.`id` = `productos`.`subcategoria_id`
JOIN `categorias` AS `c` ON `c`.`id` = `sc`.`categoria_id`
WHERE `productos`.`id` = \'1\'
 LIMIT 1')
 3 SYSTEMPATH\Database\BaseBuilder.php(1629): CodeIgniter\Database\BaseConnection->query('SELECT `productos`.*, `marcas`.`nombre`, `subcategorias`.`nombre` AS `subcategoria`, `categorias`.`nombre` AS `categoria`
FROM `productos`
JOIN `marcas` AS `m` ON `m`.`id` = `productos`.`marca_id`
JOIN `subcategorias` AS `sc` ON `sc`.`id` = `productos`.`subcategoria_id`
JOIN `categorias` AS `c` ON `c`.`id` = `sc`.`categoria_id`
WHERE `productos`.`id` = :productos.id:
 LIMIT 1', [...], false)
 4 SYSTEMPATH\Model.php(319): CodeIgniter\Database\BaseBuilder->get()
 5 SYSTEMPATH\BaseModel.php(714): CodeIgniter\Model->doFirst()
 6 APPPATH\Models\ProductoModel.php(44): CodeIgniter\BaseModel->first()
 7 APPPATH\Controllers\Web\Catalogo.php(41): App\Models\ProductoModel->productoDetallado('1')
 8 SYSTEMPATH\CodeIgniter.php(933): App\Controllers\Web\Catalogo->show('1')
 9 SYSTEMPATH\CodeIgniter.php(509): CodeIgniter\CodeIgniter->runController(Object(App\Controllers\Web\Catalogo))
10 SYSTEMPATH\CodeIgniter.php(355): CodeIgniter\CodeIgniter->handleRequest(null, Object(Config\Cache), false)
11 SYSTEMPATH\Boot.php(312): CodeIgniter\CodeIgniter->run()
12 SYSTEMPATH\Boot.php(67): CodeIgniter\Boot::runCodeIgniter(Object(CodeIgniter\CodeIgniter))
13 FCPATH\index.php(56): CodeIgniter\Boot::bootWeb(Object(Config\Paths))
CRITICAL - 2024-07-23 20:25:11 --> [Caused by] mysqli_sql_exception: Unknown column 'marcas.nombre' in 'field list'
in SYSTEMPATH\Database\MySQLi\Connection.php on line 308.
 1 SYSTEMPATH\Database\MySQLi\Connection.php(308): mysqli->query('SELECT `productos`.*, `marcas`.`nombre`, `subcategorias`.`nombre` AS `subcategoria`, `categorias`.`nombre` AS `categoria`
FROM `productos`
JOIN `marcas` AS `m` ON `m`.`id` = `productos`.`marca_id`
JOIN `subcategorias` AS `sc` ON `sc`.`id` = `productos`.`subcategoria_id`
JOIN `categorias` AS `c` ON `c`.`id` = `sc`.`categoria_id`
WHERE `productos`.`id` = \'1\'
 LIMIT 1', 0)
 2 SYSTEMPATH\Database\BaseConnection.php(722): CodeIgniter\Database\MySQLi\Connection->execute('SELECT `productos`.*, `marcas`.`nombre`, `subcategorias`.`nombre` AS `subcategoria`, `categorias`.`nombre` AS `categoria`
FROM `productos`
JOIN `marcas` AS `m` ON `m`.`id` = `productos`.`marca_id`
JOIN `subcategorias` AS `sc` ON `sc`.`id` = `productos`.`subcategoria_id`
JOIN `categorias` AS `c` ON `c`.`id` = `sc`.`categoria_id`
WHERE `productos`.`id` = \'1\'
 LIMIT 1')
 3 SYSTEMPATH\Database\BaseConnection.php(636): CodeIgniter\Database\BaseConnection->simpleQuery('SELECT `productos`.*, `marcas`.`nombre`, `subcategorias`.`nombre` AS `subcategoria`, `categorias`.`nombre` AS `categoria`
FROM `productos`
JOIN `marcas` AS `m` ON `m`.`id` = `productos`.`marca_id`
JOIN `subcategorias` AS `sc` ON `sc`.`id` = `productos`.`subcategoria_id`
JOIN `categorias` AS `c` ON `c`.`id` = `sc`.`categoria_id`
WHERE `productos`.`id` = \'1\'
 LIMIT 1')
 4 SYSTEMPATH\Database\BaseBuilder.php(1629): CodeIgniter\Database\BaseConnection->query('SELECT `productos`.*, `marcas`.`nombre`, `subcategorias`.`nombre` AS `subcategoria`, `categorias`.`nombre` AS `categoria`
FROM `productos`
JOIN `marcas` AS `m` ON `m`.`id` = `productos`.`marca_id`
JOIN `subcategorias` AS `sc` ON `sc`.`id` = `productos`.`subcategoria_id`
JOIN `categorias` AS `c` ON `c`.`id` = `sc`.`categoria_id`
WHERE `productos`.`id` = :productos.id:
 LIMIT 1', [...], false)
 5 SYSTEMPATH\Model.php(319): CodeIgniter\Database\BaseBuilder->get()
 6 SYSTEMPATH\BaseModel.php(714): CodeIgniter\Model->doFirst()
 7 APPPATH\Models\ProductoModel.php(44): CodeIgniter\BaseModel->first()
 8 APPPATH\Controllers\Web\Catalogo.php(41): App\Models\ProductoModel->productoDetallado('1')
 9 SYSTEMPATH\CodeIgniter.php(933): App\Controllers\Web\Catalogo->show('1')
10 SYSTEMPATH\CodeIgniter.php(509): CodeIgniter\CodeIgniter->runController(Object(App\Controllers\Web\Catalogo))
11 SYSTEMPATH\CodeIgniter.php(355): CodeIgniter\CodeIgniter->handleRequest(null, Object(Config\Cache), false)
12 SYSTEMPATH\Boot.php(312): CodeIgniter\CodeIgniter->run()
13 SYSTEMPATH\Boot.php(67): CodeIgniter\Boot::runCodeIgniter(Object(CodeIgniter\CodeIgniter))
14 FCPATH\index.php(56): CodeIgniter\Boot::bootWeb(Object(Config\Paths))
ERROR - 2024-07-23 20:25:14 --> mysqli_sql_exception: Unknown column 'marcas.nombre' in 'field list' in C:\xampp\htdocs\Torres_Enrique\system\Database\MySQLi\Connection.php:308
Stack trace:
#0 C:\xampp\htdocs\Torres_Enrique\system\Database\MySQLi\Connection.php(308): mysqli->query('SELECT `product...', 0)
#1 C:\xampp\htdocs\Torres_Enrique\system\Database\BaseConnection.php(722): CodeIgniter\Database\MySQLi\Connection->execute('SELECT `product...')
#2 C:\xampp\htdocs\Torres_Enrique\system\Database\BaseConnection.php(636): CodeIgniter\Database\BaseConnection->simpleQuery('SELECT `product...')
#3 C:\xampp\htdocs\Torres_Enrique\system\Database\BaseBuilder.php(1629): CodeIgniter\Database\BaseConnection->query('SELECT `product...', Array, false)
#4 C:\xampp\htdocs\Torres_Enrique\system\Model.php(319): CodeIgniter\Database\BaseBuilder->get()
#5 C:\xampp\htdocs\Torres_Enrique\system\BaseModel.php(714): CodeIgniter\Model->doFirst()
#6 C:\xampp\htdocs\Torres_Enrique\app\Models\ProductoModel.php(44): CodeIgniter\BaseModel->first()
#7 C:\xampp\htdocs\Torres_Enrique\app\Controllers\Web\Catalogo.php(41): App\Models\ProductoModel->productoDetallado('1')
#8 C:\xampp\htdocs\Torres_Enrique\system\CodeIgniter.php(933): App\Controllers\Web\Catalogo->show('1')
#9 C:\xampp\htdocs\Torres_Enrique\system\CodeIgniter.php(509): CodeIgniter\CodeIgniter->runController(Object(App\Controllers\Web\Catalogo))
#10 C:\xampp\htdocs\Torres_Enrique\system\CodeIgniter.php(355): CodeIgniter\CodeIgniter->handleRequest(NULL, Object(Config\Cache), false)
#11 C:\xampp\htdocs\Torres_Enrique\system\Boot.php(312): CodeIgniter\CodeIgniter->run()
#12 C:\xampp\htdocs\Torres_Enrique\system\Boot.php(67): CodeIgniter\Boot::runCodeIgniter(Object(CodeIgniter\CodeIgniter))
#13 C:\xampp\htdocs\Torres_Enrique\index.php(56): CodeIgniter\Boot::bootWeb(Object(Config\Paths))
#14 {main}
CRITICAL - 2024-07-23 20:25:14 --> CodeIgniter\Database\Exceptions\DatabaseException: Unknown column 'marcas.nombre' in 'field list'
[Method: GET, Route: producto/1]
in SYSTEMPATH\Database\BaseConnection.php on line 676.
 1 SYSTEMPATH\Database\BaseBuilder.php(1629): CodeIgniter\Database\BaseConnection->query('SELECT `productos`.*, `marcas`.`nombre` AS `marca`, `subcategorias`.`nombre` AS `subcategoria`, `categorias`.`nombre` AS `categoria`
FROM `productos`
JOIN `marcas` AS `m` ON `m`.`id` = `productos`.`marca_id`
JOIN `subcategorias` AS `sc` ON `sc`.`id` = `productos`.`subcategoria_id`
JOIN `categorias` AS `c` ON `c`.`id` = `sc`.`categoria_id`
WHERE `productos`.`id` = :productos.id:
 LIMIT 1', [...], false)
 2 SYSTEMPATH\Model.php(319): CodeIgniter\Database\BaseBuilder->get()
 3 SYSTEMPATH\BaseModel.php(714): CodeIgniter\Model->doFirst()
 4 APPPATH\Models\ProductoModel.php(44): CodeIgniter\BaseModel->first()
 5 APPPATH\Controllers\Web\Catalogo.php(41): App\Models\ProductoModel->productoDetallado('1')
 6 SYSTEMPATH\CodeIgniter.php(933): App\Controllers\Web\Catalogo->show('1')
 7 SYSTEMPATH\CodeIgniter.php(509): CodeIgniter\CodeIgniter->runController(Object(App\Controllers\Web\Catalogo))
 8 SYSTEMPATH\CodeIgniter.php(355): CodeIgniter\CodeIgniter->handleRequest(null, Object(Config\Cache), false)
 9 SYSTEMPATH\Boot.php(312): CodeIgniter\CodeIgniter->run()
10 SYSTEMPATH\Boot.php(67): CodeIgniter\Boot::runCodeIgniter(Object(CodeIgniter\CodeIgniter))
11 FCPATH\index.php(56): CodeIgniter\Boot::bootWeb(Object(Config\Paths))
CRITICAL - 2024-07-23 20:25:14 --> [Caused by] CodeIgniter\Database\Exceptions\DatabaseException: Unknown column 'marcas.nombre' in 'field list'
in SYSTEMPATH\Database\MySQLi\Connection.php on line 313.
 1 SYSTEMPATH\Database\BaseConnection.php(722): CodeIgniter\Database\MySQLi\Connection->execute('SELECT `productos`.*, `marcas`.`nombre` AS `marca`, `subcategorias`.`nombre` AS `subcategoria`, `categorias`.`nombre` AS `categoria`
FROM `productos`
JOIN `marcas` AS `m` ON `m`.`id` = `productos`.`marca_id`
JOIN `subcategorias` AS `sc` ON `sc`.`id` = `productos`.`subcategoria_id`
JOIN `categorias` AS `c` ON `c`.`id` = `sc`.`categoria_id`
WHERE `productos`.`id` = \'1\'
 LIMIT 1')
 2 SYSTEMPATH\Database\BaseConnection.php(636): CodeIgniter\Database\BaseConnection->simpleQuery('SELECT `productos`.*, `marcas`.`nombre` AS `marca`, `subcategorias`.`nombre` AS `subcategoria`, `categorias`.`nombre` AS `categoria`
FROM `productos`
JOIN `marcas` AS `m` ON `m`.`id` = `productos`.`marca_id`
JOIN `subcategorias` AS `sc` ON `sc`.`id` = `productos`.`subcategoria_id`
JOIN `categorias` AS `c` ON `c`.`id` = `sc`.`categoria_id`
WHERE `productos`.`id` = \'1\'
 LIMIT 1')
 3 SYSTEMPATH\Database\BaseBuilder.php(1629): CodeIgniter\Database\BaseConnection->query('SELECT `productos`.*, `marcas`.`nombre` AS `marca`, `subcategorias`.`nombre` AS `subcategoria`, `categorias`.`nombre` AS `categoria`
FROM `productos`
JOIN `marcas` AS `m` ON `m`.`id` = `productos`.`marca_id`
JOIN `subcategorias` AS `sc` ON `sc`.`id` = `productos`.`subcategoria_id`
JOIN `categorias` AS `c` ON `c`.`id` = `sc`.`categoria_id`
WHERE `productos`.`id` = :productos.id:
 LIMIT 1', [...], false)
 4 SYSTEMPATH\Model.php(319): CodeIgniter\Database\BaseBuilder->get()
 5 SYSTEMPATH\BaseModel.php(714): CodeIgniter\Model->doFirst()
 6 APPPATH\Models\ProductoModel.php(44): CodeIgniter\BaseModel->first()
 7 APPPATH\Controllers\Web\Catalogo.php(41): App\Models\ProductoModel->productoDetallado('1')
 8 SYSTEMPATH\CodeIgniter.php(933): App\Controllers\Web\Catalogo->show('1')
 9 SYSTEMPATH\CodeIgniter.php(509): CodeIgniter\CodeIgniter->runController(Object(App\Controllers\Web\Catalogo))
10 SYSTEMPATH\CodeIgniter.php(355): CodeIgniter\CodeIgniter->handleRequest(null, Object(Config\Cache), false)
11 SYSTEMPATH\Boot.php(312): CodeIgniter\CodeIgniter->run()
12 SYSTEMPATH\Boot.php(67): CodeIgniter\Boot::runCodeIgniter(Object(CodeIgniter\CodeIgniter))
13 FCPATH\index.php(56): CodeIgniter\Boot::bootWeb(Object(Config\Paths))
CRITICAL - 2024-07-23 20:25:14 --> [Caused by] mysqli_sql_exception: Unknown column 'marcas.nombre' in 'field list'
in SYSTEMPATH\Database\MySQLi\Connection.php on line 308.
 1 SYSTEMPATH\Database\MySQLi\Connection.php(308): mysqli->query('SELECT `productos`.*, `marcas`.`nombre` AS `marca`, `subcategorias`.`nombre` AS `subcategoria`, `categorias`.`nombre` AS `categoria`
FROM `productos`
JOIN `marcas` AS `m` ON `m`.`id` = `productos`.`marca_id`
JOIN `subcategorias` AS `sc` ON `sc`.`id` = `productos`.`subcategoria_id`
JOIN `categorias` AS `c` ON `c`.`id` = `sc`.`categoria_id`
WHERE `productos`.`id` = \'1\'
 LIMIT 1', 0)
 2 SYSTEMPATH\Database\BaseConnection.php(722): CodeIgniter\Database\MySQLi\Connection->execute('SELECT `productos`.*, `marcas`.`nombre` AS `marca`, `subcategorias`.`nombre` AS `subcategoria`, `categorias`.`nombre` AS `categoria`
FROM `productos`
JOIN `marcas` AS `m` ON `m`.`id` = `productos`.`marca_id`
JOIN `subcategorias` AS `sc` ON `sc`.`id` = `productos`.`subcategoria_id`
JOIN `categorias` AS `c` ON `c`.`id` = `sc`.`categoria_id`
WHERE `productos`.`id` = \'1\'
 LIMIT 1')
 3 SYSTEMPATH\Database\BaseConnection.php(636): CodeIgniter\Database\BaseConnection->simpleQuery('SELECT `productos`.*, `marcas`.`nombre` AS `marca`, `subcategorias`.`nombre` AS `subcategoria`, `categorias`.`nombre` AS `categoria`
FROM `productos`
JOIN `marcas` AS `m` ON `m`.`id` = `productos`.`marca_id`
JOIN `subcategorias` AS `sc` ON `sc`.`id` = `productos`.`subcategoria_id`
JOIN `categorias` AS `c` ON `c`.`id` = `sc`.`categoria_id`
WHERE `productos`.`id` = \'1\'
 LIMIT 1')
 4 SYSTEMPATH\Database\BaseBuilder.php(1629): CodeIgniter\Database\BaseConnection->query('SELECT `productos`.*, `marcas`.`nombre` AS `marca`, `subcategorias`.`nombre` AS `subcategoria`, `categorias`.`nombre` AS `categoria`
FROM `productos`
JOIN `marcas` AS `m` ON `m`.`id` = `productos`.`marca_id`
JOIN `subcategorias` AS `sc` ON `sc`.`id` = `productos`.`subcategoria_id`
JOIN `categorias` AS `c` ON `c`.`id` = `sc`.`categoria_id`
WHERE `productos`.`id` = :productos.id:
 LIMIT 1', [...], false)
 5 SYSTEMPATH\Model.php(319): CodeIgniter\Database\BaseBuilder->get()
 6 SYSTEMPATH\BaseModel.php(714): CodeIgniter\Model->doFirst()
 7 APPPATH\Models\ProductoModel.php(44): CodeIgniter\BaseModel->first()
 8 APPPATH\Controllers\Web\Catalogo.php(41): App\Models\ProductoModel->productoDetallado('1')
 9 SYSTEMPATH\CodeIgniter.php(933): App\Controllers\Web\Catalogo->show('1')
10 SYSTEMPATH\CodeIgniter.php(509): CodeIgniter\CodeIgniter->runController(Object(App\Controllers\Web\Catalogo))
11 SYSTEMPATH\CodeIgniter.php(355): CodeIgniter\CodeIgniter->handleRequest(null, Object(Config\Cache), false)
12 SYSTEMPATH\Boot.php(312): CodeIgniter\CodeIgniter->run()
13 SYSTEMPATH\Boot.php(67): CodeIgniter\Boot::runCodeIgniter(Object(CodeIgniter\CodeIgniter))
14 FCPATH\index.php(56): CodeIgniter\Boot::bootWeb(Object(Config\Paths))
CRITICAL - 2024-07-23 20:25:47 --> BadMethodCallException: Call to undefined method App\Models\ProductoModel::getImangenById
[Method: GET, Route: producto/1]
in SYSTEMPATH\Model.php on line 921.
 1 APPPATH\Controllers\Web\Catalogo.php(42): CodeIgniter\Model->__call('getImangenById', [...])
 2 SYSTEMPATH\CodeIgniter.php(933): App\Controllers\Web\Catalogo->show('1')
 3 SYSTEMPATH\CodeIgniter.php(509): CodeIgniter\CodeIgniter->runController(Object(App\Controllers\Web\Catalogo))
 4 SYSTEMPATH\CodeIgniter.php(355): CodeIgniter\CodeIgniter->handleRequest(null, Object(Config\Cache), false)
 5 SYSTEMPATH\Boot.php(312): CodeIgniter\CodeIgniter->run()
 6 SYSTEMPATH\Boot.php(67): CodeIgniter\Boot::runCodeIgniter(Object(CodeIgniter\CodeIgniter))
 7 FCPATH\index.php(56): CodeIgniter\Boot::bootWeb(Object(Config\Paths))
CRITICAL - 2024-07-23 20:28:11 --> BadMethodCallException: Call to undefined method App\Models\ProductoModel::getImangenById
[Method: GET, Route: producto/1]
in SYSTEMPATH\Model.php on line 921.
 1 APPPATH\Controllers\Web\Catalogo.php(42): CodeIgniter\Model->__call('getImangenById', [...])
 2 SYSTEMPATH\CodeIgniter.php(933): App\Controllers\Web\Catalogo->show('1')
 3 SYSTEMPATH\CodeIgniter.php(509): CodeIgniter\CodeIgniter->runController(Object(App\Controllers\Web\Catalogo))
 4 SYSTEMPATH\CodeIgniter.php(355): CodeIgniter\CodeIgniter->handleRequest(null, Object(Config\Cache), false)
 5 SYSTEMPATH\Boot.php(312): CodeIgniter\CodeIgniter->run()
 6 SYSTEMPATH\Boot.php(67): CodeIgniter\Boot::runCodeIgniter(Object(CodeIgniter\CodeIgniter))
 7 FCPATH\index.php(56): CodeIgniter\Boot::bootWeb(Object(Config\Paths))
CRITICAL - 2024-07-23 20:28:12 --> BadMethodCallException: Call to undefined method App\Models\ProductoModel::getImangenById
[Method: GET, Route: producto/1]
in SYSTEMPATH\Model.php on line 921.
 1 APPPATH\Controllers\Web\Catalogo.php(42): CodeIgniter\Model->__call('getImangenById', [...])
 2 SYSTEMPATH\CodeIgniter.php(933): App\Controllers\Web\Catalogo->show('1')
 3 SYSTEMPATH\CodeIgniter.php(509): CodeIgniter\CodeIgniter->runController(Object(App\Controllers\Web\Catalogo))
 4 SYSTEMPATH\CodeIgniter.php(355): CodeIgniter\CodeIgniter->handleRequest(null, Object(Config\Cache), false)
 5 SYSTEMPATH\Boot.php(312): CodeIgniter\CodeIgniter->run()
 6 SYSTEMPATH\Boot.php(67): CodeIgniter\Boot::runCodeIgniter(Object(CodeIgniter\CodeIgniter))
 7 FCPATH\index.php(56): CodeIgniter\Boot::bootWeb(Object(Config\Paths))
CRITICAL - 2024-07-23 20:28:14 --> BadMethodCallException: Call to undefined method App\Models\ProductoModel::getImangenById
[Method: GET, Route: producto/1]
in SYSTEMPATH\Model.php on line 921.
 1 APPPATH\Controllers\Web\Catalogo.php(42): CodeIgniter\Model->__call('getImangenById', [...])
 2 SYSTEMPATH\CodeIgniter.php(933): App\Controllers\Web\Catalogo->show('1')
 3 SYSTEMPATH\CodeIgniter.php(509): CodeIgniter\CodeIgniter->runController(Object(App\Controllers\Web\Catalogo))
 4 SYSTEMPATH\CodeIgniter.php(355): CodeIgniter\CodeIgniter->handleRequest(null, Object(Config\Cache), false)
 5 SYSTEMPATH\Boot.php(312): CodeIgniter\CodeIgniter->run()
 6 SYSTEMPATH\Boot.php(67): CodeIgniter\Boot::runCodeIgniter(Object(CodeIgniter\CodeIgniter))
 7 FCPATH\index.php(56): CodeIgniter\Boot::bootWeb(Object(Config\Paths))
CRITICAL - 2024-07-23 20:28:26 --> BadMethodCallException: Call to undefined method App\Models\ProductoModel::getImangenById
[Method: GET, Route: producto/1]
in SYSTEMPATH\Model.php on line 921.
 1 APPPATH\Controllers\Web\Catalogo.php(42): CodeIgniter\Model->__call('getImangenById', [...])
 2 SYSTEMPATH\CodeIgniter.php(933): App\Controllers\Web\Catalogo->show('1')
 3 SYSTEMPATH\CodeIgniter.php(509): CodeIgniter\CodeIgniter->runController(Object(App\Controllers\Web\Catalogo))
 4 SYSTEMPATH\CodeIgniter.php(355): CodeIgniter\CodeIgniter->handleRequest(null, Object(Config\Cache), false)
 5 SYSTEMPATH\Boot.php(312): CodeIgniter\CodeIgniter->run()
 6 SYSTEMPATH\Boot.php(67): CodeIgniter\Boot::runCodeIgniter(Object(CodeIgniter\CodeIgniter))
 7 FCPATH\index.php(56): CodeIgniter\Boot::bootWeb(Object(Config\Paths))
ERROR - 2024-07-23 20:29:45 --> mysqli_sql_exception: Unknown column 'imagenes.producto_id' in 'on clause' in C:\xampp\htdocs\Torres_Enrique\system\Database\MySQLi\Connection.php:308
Stack trace:
#0 C:\xampp\htdocs\Torres_Enrique\system\Database\MySQLi\Connection.php(308): mysqli->query('SELECT `imagene...', 0)
#1 C:\xampp\htdocs\Torres_Enrique\system\Database\BaseConnection.php(722): CodeIgniter\Database\MySQLi\Connection->execute('SELECT `imagene...')
#2 C:\xampp\htdocs\Torres_Enrique\system\Database\BaseConnection.php(636): CodeIgniter\Database\BaseConnection->simpleQuery('SELECT `imagene...')
#3 C:\xampp\htdocs\Torres_Enrique\system\Database\BaseBuilder.php(1629): CodeIgniter\Database\BaseConnection->query('SELECT `imagene...', Array, false)
#4 C:\xampp\htdocs\Torres_Enrique\system\Model.php(319): CodeIgniter\Database\BaseBuilder->get()
#5 C:\xampp\htdocs\Torres_Enrique\system\BaseModel.php(714): CodeIgniter\Model->doFirst()
#6 C:\xampp\htdocs\Torres_Enrique\app\Models\ProductoModel.php(52): CodeIgniter\BaseModel->first()
#7 C:\xampp\htdocs\Torres_Enrique\app\Controllers\Web\Catalogo.php(42): App\Models\ProductoModel->getImagenById('1')
#8 C:\xampp\htdocs\Torres_Enrique\system\CodeIgniter.php(933): App\Controllers\Web\Catalogo->show('1')
#9 C:\xampp\htdocs\Torres_Enrique\system\CodeIgniter.php(509): CodeIgniter\CodeIgniter->runController(Object(App\Controllers\Web\Catalogo))
#10 C:\xampp\htdocs\Torres_Enrique\system\CodeIgniter.php(355): CodeIgniter\CodeIgniter->handleRequest(NULL, Object(Config\Cache), false)
#11 C:\xampp\htdocs\Torres_Enrique\system\Boot.php(312): CodeIgniter\CodeIgniter->run()
#12 C:\xampp\htdocs\Torres_Enrique\system\Boot.php(67): CodeIgniter\Boot::runCodeIgniter(Object(CodeIgniter\CodeIgniter))
#13 C:\xampp\htdocs\Torres_Enrique\index.php(56): CodeIgniter\Boot::bootWeb(Object(Config\Paths))
#14 {main}
CRITICAL - 2024-07-23 20:29:45 --> CodeIgniter\Database\Exceptions\DatabaseException: Unknown column 'imagenes.producto_id' in 'on clause'
[Method: GET, Route: producto/1]
in SYSTEMPATH\Database\BaseConnection.php on line 676.
 1 SYSTEMPATH\Database\BaseBuilder.php(1629): CodeIgniter\Database\BaseConnection->query('SELECT `imagenes`.*
FROM `productos`
JOIN `imagenes` ON `imagenes`.`producto_id` = `productos`.`id`
WHERE `productos`.`id` = :productos.id:
 LIMIT 1', [...], false)
 2 SYSTEMPATH\Model.php(319): CodeIgniter\Database\BaseBuilder->get()
 3 SYSTEMPATH\BaseModel.php(714): CodeIgniter\Model->doFirst()
 4 APPPATH\Models\ProductoModel.php(52): CodeIgniter\BaseModel->first()
 5 APPPATH\Controllers\Web\Catalogo.php(42): App\Models\ProductoModel->getImagenById('1')
 6 SYSTEMPATH\CodeIgniter.php(933): App\Controllers\Web\Catalogo->show('1')
 7 SYSTEMPATH\CodeIgniter.php(509): CodeIgniter\CodeIgniter->runController(Object(App\Controllers\Web\Catalogo))
 8 SYSTEMPATH\CodeIgniter.php(355): CodeIgniter\CodeIgniter->handleRequest(null, Object(Config\Cache), false)
 9 SYSTEMPATH\Boot.php(312): CodeIgniter\CodeIgniter->run()
10 SYSTEMPATH\Boot.php(67): CodeIgniter\Boot::runCodeIgniter(Object(CodeIgniter\CodeIgniter))
11 FCPATH\index.php(56): CodeIgniter\Boot::bootWeb(Object(Config\Paths))
CRITICAL - 2024-07-23 20:29:45 --> [Caused by] CodeIgniter\Database\Exceptions\DatabaseException: Unknown column 'imagenes.producto_id' in 'on clause'
in SYSTEMPATH\Database\MySQLi\Connection.php on line 313.
 1 SYSTEMPATH\Database\BaseConnection.php(722): CodeIgniter\Database\MySQLi\Connection->execute('SELECT `imagenes`.*
FROM `productos`
JOIN `imagenes` ON `imagenes`.`producto_id` = `productos`.`id`
WHERE `productos`.`id` = \'1\'
 LIMIT 1')
 2 SYSTEMPATH\Database\BaseConnection.php(636): CodeIgniter\Database\BaseConnection->simpleQuery('SELECT `imagenes`.*
FROM `productos`
JOIN `imagenes` ON `imagenes`.`producto_id` = `productos`.`id`
WHERE `productos`.`id` = \'1\'
 LIMIT 1')
 3 SYSTEMPATH\Database\BaseBuilder.php(1629): CodeIgniter\Database\BaseConnection->query('SELECT `imagenes`.*
FROM `productos`
JOIN `imagenes` ON `imagenes`.`producto_id` = `productos`.`id`
WHERE `productos`.`id` = :productos.id:
 LIMIT 1', [...], false)
 4 SYSTEMPATH\Model.php(319): CodeIgniter\Database\BaseBuilder->get()
 5 SYSTEMPATH\BaseModel.php(714): CodeIgniter\Model->doFirst()
 6 APPPATH\Models\ProductoModel.php(52): CodeIgniter\BaseModel->first()
 7 APPPATH\Controllers\Web\Catalogo.php(42): App\Models\ProductoModel->getImagenById('1')
 8 SYSTEMPATH\CodeIgniter.php(933): App\Controllers\Web\Catalogo->show('1')
 9 SYSTEMPATH\CodeIgniter.php(509): CodeIgniter\CodeIgniter->runController(Object(App\Controllers\Web\Catalogo))
10 SYSTEMPATH\CodeIgniter.php(355): CodeIgniter\CodeIgniter->handleRequest(null, Object(Config\Cache), false)
11 SYSTEMPATH\Boot.php(312): CodeIgniter\CodeIgniter->run()
12 SYSTEMPATH\Boot.php(67): CodeIgniter\Boot::runCodeIgniter(Object(CodeIgniter\CodeIgniter))
13 FCPATH\index.php(56): CodeIgniter\Boot::bootWeb(Object(Config\Paths))
CRITICAL - 2024-07-23 20:29:45 --> [Caused by] mysqli_sql_exception: Unknown column 'imagenes.producto_id' in 'on clause'
in SYSTEMPATH\Database\MySQLi\Connection.php on line 308.
 1 SYSTEMPATH\Database\MySQLi\Connection.php(308): mysqli->query('SELECT `imagenes`.*
FROM `productos`
JOIN `imagenes` ON `imagenes`.`producto_id` = `productos`.`id`
WHERE `productos`.`id` = \'1\'
 LIMIT 1', 0)
 2 SYSTEMPATH\Database\BaseConnection.php(722): CodeIgniter\Database\MySQLi\Connection->execute('SELECT `imagenes`.*
FROM `productos`
JOIN `imagenes` ON `imagenes`.`producto_id` = `productos`.`id`
WHERE `productos`.`id` = \'1\'
 LIMIT 1')
 3 SYSTEMPATH\Database\BaseConnection.php(636): CodeIgniter\Database\BaseConnection->simpleQuery('SELECT `imagenes`.*
FROM `productos`
JOIN `imagenes` ON `imagenes`.`producto_id` = `productos`.`id`
WHERE `productos`.`id` = \'1\'
 LIMIT 1')
 4 SYSTEMPATH\Database\BaseBuilder.php(1629): CodeIgniter\Database\BaseConnection->query('SELECT `imagenes`.*
FROM `productos`
JOIN `imagenes` ON `imagenes`.`producto_id` = `productos`.`id`
WHERE `productos`.`id` = :productos.id:
 LIMIT 1', [...], false)
 5 SYSTEMPATH\Model.php(319): CodeIgniter\Database\BaseBuilder->get()
 6 SYSTEMPATH\BaseModel.php(714): CodeIgniter\Model->doFirst()
 7 APPPATH\Models\ProductoModel.php(52): CodeIgniter\BaseModel->first()
 8 APPPATH\Controllers\Web\Catalogo.php(42): App\Models\ProductoModel->getImagenById('1')
 9 SYSTEMPATH\CodeIgniter.php(933): App\Controllers\Web\Catalogo->show('1')
10 SYSTEMPATH\CodeIgniter.php(509): CodeIgniter\CodeIgniter->runController(Object(App\Controllers\Web\Catalogo))
11 SYSTEMPATH\CodeIgniter.php(355): CodeIgniter\CodeIgniter->handleRequest(null, Object(Config\Cache), false)
12 SYSTEMPATH\Boot.php(312): CodeIgniter\CodeIgniter->run()
13 SYSTEMPATH\Boot.php(67): CodeIgniter\Boot::runCodeIgniter(Object(CodeIgniter\CodeIgniter))
14 FCPATH\index.php(56): CodeIgniter\Boot::bootWeb(Object(Config\Paths))
CRITICAL - 2024-07-23 20:30:21 --> CodeIgniter\View\Exceptions\ViewException: Invalid file: "productos/ver.php"
[Method: GET, Route: producto/1]
in SYSTEMPATH\Exceptions\FrameworkException.php on line 41.
 1 SYSTEMPATH\View\View.php(222): CodeIgniter\Exceptions\FrameworkException::forInvalidFile('productos/ver.php')
 2 SYSTEMPATH\Common.php(1171): CodeIgniter\View\View->render('productos/ver', [], true)
 3 APPPATH\Controllers\Web\Catalogo.php(43): view('productos/ver', [...])
 4 SYSTEMPATH\CodeIgniter.php(933): App\Controllers\Web\Catalogo->show('1')
 5 SYSTEMPATH\CodeIgniter.php(509): CodeIgniter\CodeIgniter->runController(Object(App\Controllers\Web\Catalogo))
 6 SYSTEMPATH\CodeIgniter.php(355): CodeIgniter\CodeIgniter->handleRequest(null, Object(Config\Cache), false)
 7 SYSTEMPATH\Boot.php(312): CodeIgniter\CodeIgniter->run()
 8 SYSTEMPATH\Boot.php(67): CodeIgniter\Boot::runCodeIgniter(Object(CodeIgniter\CodeIgniter))
 9 FCPATH\index.php(56): CodeIgniter\Boot::bootWeb(Object(Config\Paths))
CRITICAL - 2024-07-23 20:30:28 --> BadMethodCallException: Call to undefined method App\Models\ProductoModel::getImangenById
[Method: GET, Route: producto/1]
in SYSTEMPATH\Model.php on line 921.
 1 APPPATH\Controllers\Web\Catalogo.php(42): CodeIgniter\Model->__call('getImangenById', [...])
 2 SYSTEMPATH\CodeIgniter.php(933): App\Controllers\Web\Catalogo->show('1')
 3 SYSTEMPATH\CodeIgniter.php(509): CodeIgniter\CodeIgniter->runController(Object(App\Controllers\Web\Catalogo))
 4 SYSTEMPATH\CodeIgniter.php(355): CodeIgniter\CodeIgniter->handleRequest(null, Object(Config\Cache), false)
 5 SYSTEMPATH\Boot.php(312): CodeIgniter\CodeIgniter->run()
 6 SYSTEMPATH\Boot.php(67): CodeIgniter\Boot::runCodeIgniter(Object(CodeIgniter\CodeIgniter))
 7 FCPATH\index.php(56): CodeIgniter\Boot::bootWeb(Object(Config\Paths))
INFO - 2024-07-23 20:30:38 --> Session: Class initialized using 'CodeIgniter\Session\Handlers\FileHandler' driver.
CRITICAL - 2024-07-23 20:30:38 --> ErrorException: Undefined variable $imagenes
[Method: GET, Route: producto/1]
in APPPATH\Views\web\producto.php on line 17.
 1 APPPATH\Views\web\producto.php(17): CodeIgniter\Debug\Exceptions->errorHandler(2, 'Undefined variable $imagenes', 'C:\\xampp\\htdocs\\Torres_Enrique\\app\\Views\\web\\producto.php', 17)
 2 SYSTEMPATH\View\View.php(234): include('C:\\xampp\\htdocs\\Torres_Enrique\\app\\Views\\web\\producto.php')
 3 SYSTEMPATH\View\View.php(237): CodeIgniter\View\View->CodeIgniter\View\{closure}()
 4 SYSTEMPATH\Common.php(1171): CodeIgniter\View\View->render('web/producto', [], true)
 5 APPPATH\Controllers\Web\Catalogo.php(46): view('web/producto')
 6 SYSTEMPATH\CodeIgniter.php(933): App\Controllers\Web\Catalogo->show('1')
 7 SYSTEMPATH\CodeIgniter.php(509): CodeIgniter\CodeIgniter->runController(Object(App\Controllers\Web\Catalogo))
 8 SYSTEMPATH\CodeIgniter.php(355): CodeIgniter\CodeIgniter->handleRequest(null, Object(Config\Cache), false)
 9 SYSTEMPATH\Boot.php(312): CodeIgniter\CodeIgniter->run()
10 SYSTEMPATH\Boot.php(67): CodeIgniter\Boot::runCodeIgniter(Object(CodeIgniter\CodeIgniter))
11 FCPATH\index.php(56): CodeIgniter\Boot::bootWeb(Object(Config\Paths))
CRITICAL - 2024-07-23 20:30:45 --> BadMethodCallException: Call to undefined method App\Models\ProductoModel::getImangenById
[Method: GET, Route: producto/1]
in SYSTEMPATH\Model.php on line 921.
 1 APPPATH\Controllers\Web\Catalogo.php(42): CodeIgniter\Model->__call('getImangenById', [...])
 2 SYSTEMPATH\CodeIgniter.php(933): App\Controllers\Web\Catalogo->show('1')
 3 SYSTEMPATH\CodeIgniter.php(509): CodeIgniter\CodeIgniter->runController(Object(App\Controllers\Web\Catalogo))
 4 SYSTEMPATH\CodeIgniter.php(355): CodeIgniter\CodeIgniter->handleRequest(null, Object(Config\Cache), false)
 5 SYSTEMPATH\Boot.php(312): CodeIgniter\CodeIgniter->run()
 6 SYSTEMPATH\Boot.php(67): CodeIgniter\Boot::runCodeIgniter(Object(CodeIgniter\CodeIgniter))
 7 FCPATH\index.php(56): CodeIgniter\Boot::bootWeb(Object(Config\Paths))
INFO - 2024-07-23 20:32:59 --> Session: Class initialized using 'CodeIgniter\Session\Handlers\FileHandler' driver.
INFO - 2024-07-23 20:34:49 --> Session: Class initialized using 'CodeIgniter\Session\Handlers\FileHandler' driver.
INFO - 2024-07-23 20:34:49 --> Session: Class initialized using 'CodeIgniter\Session\Handlers\FileHandler' driver.
INFO - 2024-07-23 20:34:50 --> Session: Class initialized using 'CodeIgniter\Session\Handlers\FileHandler' driver.
INFO - 2024-07-23 20:34:51 --> Session: Class initialized using 'CodeIgniter\Session\Handlers\FileHandler' driver.
INFO - 2024-07-23 20:34:51 --> Session: Class initialized using 'CodeIgniter\Session\Handlers\FileHandler' driver.
INFO - 2024-07-23 20:34:51 --> Session: Class initialized using 'CodeIgniter\Session\Handlers\FileHandler' driver.
INFO - 2024-07-23 20:36:03 --> Session: Class initialized using 'CodeIgniter\Session\Handlers\FileHandler' driver.
INFO - 2024-07-23 20:36:04 --> Session: Class initialized using 'CodeIgniter\Session\Handlers\FileHandler' driver.
INFO - 2024-07-23 20:36:06 --> Session: Class initialized using 'CodeIgniter\Session\Handlers\FileHandler' driver.
INFO - 2024-07-23 20:36:10 --> Session: Class initialized using 'CodeIgniter\Session\Handlers\FileHandler' driver.
INFO - 2024-07-23 20:36:11 --> Session: Class initialized using 'CodeIgniter\Session\Handlers\FileHandler' driver.
INFO - 2024-07-23 20:36:12 --> Session: Class initialized using 'CodeIgniter\Session\Handlers\FileHandler' driver.
INFO - 2024-07-23 20:36:14 --> Session: Class initialized using 'CodeIgniter\Session\Handlers\FileHandler' driver.
INFO - 2024-07-23 20:50:49 --> Session: Class initialized using 'CodeIgniter\Session\Handlers\FileHandler' driver.
INFO - 2024-07-23 21:00:14 --> Session: Class initialized using 'CodeIgniter\Session\Handlers\FileHandler' driver.
INFO - 2024-07-23 21:00:17 --> Session: Class initialized using 'CodeIgniter\Session\Handlers\FileHandler' driver.
INFO - 2024-07-23 21:00:17 --> Session: Class initialized using 'CodeIgniter\Session\Handlers\FileHandler' driver.
INFO - 2024-07-23 21:00:18 --> Session: Class initialized using 'CodeIgniter\Session\Handlers\FileHandler' driver.
INFO - 2024-07-23 21:00:19 --> Session: Class initialized using 'CodeIgniter\Session\Handlers\FileHandler' driver.
INFO - 2024-07-23 21:00:19 --> Session: Class initialized using 'CodeIgniter\Session\Handlers\FileHandler' driver.
INFO - 2024-07-23 21:00:20 --> Session: Class initialized using 'CodeIgniter\Session\Handlers\FileHandler' driver.
INFO - 2024-07-23 23:44:38 --> Session: Class initialized using 'CodeIgniter\Session\Handlers\FileHandler' driver.
INFO - 2024-07-23 23:44:40 --> Session: Class initialized using 'CodeIgniter\Session\Handlers\FileHandler' driver.
INFO - 2024-07-23 23:46:37 --> Session: Class initialized using 'CodeIgniter\Session\Handlers\FileHandler' driver.
INFO - 2024-07-23 23:53:53 --> Session: Class initialized using 'CodeIgniter\Session\Handlers\FileHandler' driver.
INFO - 2024-07-23 23:54:05 --> Session: Class initialized using 'CodeIgniter\Session\Handlers\FileHandler' driver.
INFO - 2024-07-23 23:55:17 --> Session: Class initialized using 'CodeIgniter\Session\Handlers\FileHandler' driver.
INFO - 2024-07-23 23:55:17 --> Session: Class initialized using 'CodeIgniter\Session\Handlers\FileHandler' driver.
INFO - 2024-07-23 23:55:36 --> Session: Class initialized using 'CodeIgniter\Session\Handlers\FileHandler' driver.
