INFO - 2024-08-27 14:16:47 --> Session: Class initialized using 'CodeIgniter\Session\Handlers\FileHandler' driver.
INFO - 2024-08-27 14:16:47 --> Cart Class Initialized
INFO - 2024-08-27 14:17:17 --> Session: Class initialized using 'CodeIgniter\Session\Handlers\FileHandler' driver.
INFO - 2024-08-27 14:17:17 --> Cart Class Initialized
INFO - 2024-08-27 14:17:22 --> Session: Class initialized using 'CodeIgniter\Session\Handlers\FileHandler' driver.
INFO - 2024-08-27 14:17:22 --> Cart Class Initialized
INFO - 2024-08-27 14:17:27 --> Session: Class initialized using 'CodeIgniter\Session\Handlers\FileHandler' driver.
INFO - 2024-08-27 14:17:27 --> Cart Class Initialized
INFO - 2024-08-27 14:17:30 --> Session: Class initialized using 'CodeIgniter\Session\Handlers\FileHandler' driver.
INFO - 2024-08-27 14:17:30 --> Cart Class Initialized
INFO - 2024-08-27 14:17:36 --> Session: Class initialized using 'CodeIgniter\Session\Handlers\FileHandler' driver.
INFO - 2024-08-27 14:17:36 --> Cart Class Initialized
ERROR - 2024-08-27 14:17:40 --> Error connecting to the database: mysqli_sql_exception: No se puede establecer una conexión ya que el equipo de destino denegó expresamente dicha conexión in C:\xampp\htdocs\Torres_Enrique\system\Database\MySQLi\Connection.php:186
Stack trace:
#0 C:\xampp\htdocs\Torres_Enrique\system\Database\MySQLi\Connection.php(186): mysqli->real_connect('localhost', 'root', Object(SensitiveParameterValue), 'torres_enrique_...', 3306, '', 0)
#1 C:\xampp\htdocs\Torres_Enrique\system\Database\BaseConnection.php(421): CodeIgniter\Database\MySQLi\Connection->connect(false)
#2 C:\xampp\htdocs\Torres_Enrique\system\Database\BaseConnection.php(604): CodeIgniter\Database\BaseConnection->initialize()
#3 C:\xampp\htdocs\Torres_Enrique\system\Database\BaseBuilder.php(1629): CodeIgniter\Database\BaseConnection->query('SELECT `product...', Array, false)
#4 C:\xampp\htdocs\Torres_Enrique\app\Models\ProductoModel.php(97): CodeIgniter\Database\BaseBuilder->get()
#5 C:\xampp\htdocs\Torres_Enrique\app\Controllers\Web\Catalogo.php(106): App\Models\ProductoModel->obtenerProductosActivos(Object(CodeIgniter\Database\MySQLi\Builder))
#6 C:\xampp\htdocs\Torres_Enrique\system\CodeIgniter.php(933): App\Controllers\Web\Catalogo->index()
#7 C:\xampp\htdocs\Torres_Enrique\system\CodeIgniter.php(509): CodeIgniter\CodeIgniter->runController(Object(App\Controllers\Web\Catalogo))
#8 C:\xampp\htdocs\Torres_Enrique\system\CodeIgniter.php(355): CodeIgniter\CodeIgniter->handleRequest(NULL, Object(Config\Cache), false)
#9 C:\xampp\htdocs\Torres_Enrique\system\Boot.php(312): CodeIgniter\CodeIgniter->run()
#10 C:\xampp\htdocs\Torres_Enrique\system\Boot.php(67): CodeIgniter\Boot::runCodeIgniter(Object(CodeIgniter\CodeIgniter))
#11 C:\xampp\htdocs\Torres_Enrique\index.php(56): CodeIgniter\Boot::bootWeb(Object(Config\Paths))
#12 {main}

Next CodeIgniter\Database\Exceptions\DatabaseException: No se puede establecer una conexión ya que el equipo de destino denegó expresamente dicha conexión in C:\xampp\htdocs\Torres_Enrique\system\Database\MySQLi\Connection.php:231
Stack trace:
#0 C:\xampp\htdocs\Torres_Enrique\system\Database\BaseConnection.php(421): CodeIgniter\Database\MySQLi\Connection->connect(false)
#1 C:\xampp\htdocs\Torres_Enrique\system\Database\BaseConnection.php(604): CodeIgniter\Database\BaseConnection->initialize()
#2 C:\xampp\htdocs\Torres_Enrique\system\Database\BaseBuilder.php(1629): CodeIgniter\Database\BaseConnection->query('SELECT `product...', Array, false)
#3 C:\xampp\htdocs\Torres_Enrique\app\Models\ProductoModel.php(97): CodeIgniter\Database\BaseBuilder->get()
#4 C:\xampp\htdocs\Torres_Enrique\app\Controllers\Web\Catalogo.php(106): App\Models\ProductoModel->obtenerProductosActivos(Object(CodeIgniter\Database\MySQLi\Builder))
#5 C:\xampp\htdocs\Torres_Enrique\system\CodeIgniter.php(933): App\Controllers\Web\Catalogo->index()
#6 C:\xampp\htdocs\Torres_Enrique\system\CodeIgniter.php(509): CodeIgniter\CodeIgniter->runController(Object(App\Controllers\Web\Catalogo))
#7 C:\xampp\htdocs\Torres_Enrique\system\CodeIgniter.php(355): CodeIgniter\CodeIgniter->handleRequest(NULL, Object(Config\Cache), false)
#8 C:\xampp\htdocs\Torres_Enrique\system\Boot.php(312): CodeIgniter\CodeIgniter->run()
#9 C:\xampp\htdocs\Torres_Enrique\system\Boot.php(67): CodeIgniter\Boot::runCodeIgniter(Object(CodeIgniter\CodeIgniter))
#10 C:\xampp\htdocs\Torres_Enrique\index.php(56): CodeIgniter\Boot::bootWeb(Object(Config\Paths))
#11 {main}
CRITICAL - 2024-08-27 14:17:40 --> CodeIgniter\Database\Exceptions\DatabaseException: Unable to connect to the database.
Main connection [MySQLi]: No se puede establecer una conexión ya que el equipo de destino denegó expresamente dicha conexión
[Method: GET, Route: catalogo]
in SYSTEMPATH\Database\BaseConnection.php on line 457.
 1 SYSTEMPATH\Database\BaseConnection.php(604): CodeIgniter\Database\BaseConnection->initialize()
 2 SYSTEMPATH\Database\BaseBuilder.php(1629): CodeIgniter\Database\BaseConnection->query('SELECT `productos`.*, `marcas`.`nombre` AS `nombre_marca`, `imagenes`.`url` AS `imagen_url`, GROUP_CONCAT(categorias.nombre) AS categorias
FROM `productos`
JOIN `marcas` ON `marcas`.`id` = `productos`.`marca_id`
LEFT JOIN `productos_imagenes` ON `productos_imagenes`.`producto_id` = `productos`.`id`
LEFT JOIN `imagenes` ON `imagenes`.`id` = `productos_imagenes`.`imagen_id`
JOIN `productos_categorias` ON `productos_categorias`.`producto_id` = `productos`.`id`
JOIN `categorias` ON `categorias`.`id` = `productos_categorias`.`categoria_id`
WHERE `productos`.`baja` = :productos.baja:
GROUP BY `productos`.`id`
ORDER BY `productos`.`fecha_creacion` DESC', [...], false)
 3 APPPATH\Models\ProductoModel.php(97): CodeIgniter\Database\BaseBuilder->get()
 4 APPPATH\Controllers\Web\Catalogo.php(106): App\Models\ProductoModel->obtenerProductosActivos(Object(CodeIgniter\Database\MySQLi\Builder))
 5 SYSTEMPATH\CodeIgniter.php(933): App\Controllers\Web\Catalogo->index()
 6 SYSTEMPATH\CodeIgniter.php(509): CodeIgniter\CodeIgniter->runController(Object(App\Controllers\Web\Catalogo))
 7 SYSTEMPATH\CodeIgniter.php(355): CodeIgniter\CodeIgniter->handleRequest(null, Object(Config\Cache), false)
 8 SYSTEMPATH\Boot.php(312): CodeIgniter\CodeIgniter->run()
 9 SYSTEMPATH\Boot.php(67): CodeIgniter\Boot::runCodeIgniter(Object(CodeIgniter\CodeIgniter))
10 FCPATH\index.php(56): CodeIgniter\Boot::bootWeb(Object(Config\Paths))
INFO - 2024-08-27 14:17:58 --> Session: Class initialized using 'CodeIgniter\Session\Handlers\FileHandler' driver.
INFO - 2024-08-27 14:17:58 --> Cart Class Initialized
ERROR - 2024-08-27 14:17:58 --> mysqli_sql_exception: Table 'torres_enrique_bd.productos' doesn't exist in C:\xampp\htdocs\Torres_Enrique\system\Database\MySQLi\Connection.php:308
Stack trace:
#0 C:\xampp\htdocs\Torres_Enrique\system\Database\MySQLi\Connection.php(308): mysqli->query('SELECT `product...', 0)
#1 C:\xampp\htdocs\Torres_Enrique\system\Database\BaseConnection.php(722): CodeIgniter\Database\MySQLi\Connection->execute('SELECT `product...')
#2 C:\xampp\htdocs\Torres_Enrique\system\Database\BaseConnection.php(636): CodeIgniter\Database\BaseConnection->simpleQuery('SELECT `product...')
#3 C:\xampp\htdocs\Torres_Enrique\system\Database\BaseBuilder.php(1629): CodeIgniter\Database\BaseConnection->query('SELECT `product...', Array, false)
#4 C:\xampp\htdocs\Torres_Enrique\app\Models\ProductoModel.php(97): CodeIgniter\Database\BaseBuilder->get()
#5 C:\xampp\htdocs\Torres_Enrique\app\Controllers\Web\Catalogo.php(106): App\Models\ProductoModel->obtenerProductosActivos(Object(CodeIgniter\Database\MySQLi\Builder))
#6 C:\xampp\htdocs\Torres_Enrique\system\CodeIgniter.php(933): App\Controllers\Web\Catalogo->index()
#7 C:\xampp\htdocs\Torres_Enrique\system\CodeIgniter.php(509): CodeIgniter\CodeIgniter->runController(Object(App\Controllers\Web\Catalogo))
#8 C:\xampp\htdocs\Torres_Enrique\system\CodeIgniter.php(355): CodeIgniter\CodeIgniter->handleRequest(NULL, Object(Config\Cache), false)
#9 C:\xampp\htdocs\Torres_Enrique\system\Boot.php(312): CodeIgniter\CodeIgniter->run()
#10 C:\xampp\htdocs\Torres_Enrique\system\Boot.php(67): CodeIgniter\Boot::runCodeIgniter(Object(CodeIgniter\CodeIgniter))
#11 C:\xampp\htdocs\Torres_Enrique\index.php(56): CodeIgniter\Boot::bootWeb(Object(Config\Paths))
#12 {main}
CRITICAL - 2024-08-27 14:17:58 --> CodeIgniter\Database\Exceptions\DatabaseException: Table 'torres_enrique_bd.productos' doesn't exist
[Method: GET, Route: catalogo]
in SYSTEMPATH\Database\BaseConnection.php on line 676.
 1 SYSTEMPATH\Database\BaseBuilder.php(1629): CodeIgniter\Database\BaseConnection->query('SELECT `productos`.*, `marcas`.`nombre` AS `nombre_marca`, `imagenes`.`url` AS `imagen_url`, GROUP_CONCAT(categorias.nombre) AS categorias
FROM `productos`
JOIN `marcas` ON `marcas`.`id` = `productos`.`marca_id`
LEFT JOIN `productos_imagenes` ON `productos_imagenes`.`producto_id` = `productos`.`id`
LEFT JOIN `imagenes` ON `imagenes`.`id` = `productos_imagenes`.`imagen_id`
JOIN `productos_categorias` ON `productos_categorias`.`producto_id` = `productos`.`id`
JOIN `categorias` ON `categorias`.`id` = `productos_categorias`.`categoria_id`
WHERE `productos`.`baja` = :productos.baja:
GROUP BY `productos`.`id`
ORDER BY `productos`.`fecha_creacion` DESC', [...], false)
 2 APPPATH\Models\ProductoModel.php(97): CodeIgniter\Database\BaseBuilder->get()
 3 APPPATH\Controllers\Web\Catalogo.php(106): App\Models\ProductoModel->obtenerProductosActivos(Object(CodeIgniter\Database\MySQLi\Builder))
 4 SYSTEMPATH\CodeIgniter.php(933): App\Controllers\Web\Catalogo->index()
 5 SYSTEMPATH\CodeIgniter.php(509): CodeIgniter\CodeIgniter->runController(Object(App\Controllers\Web\Catalogo))
 6 SYSTEMPATH\CodeIgniter.php(355): CodeIgniter\CodeIgniter->handleRequest(null, Object(Config\Cache), false)
 7 SYSTEMPATH\Boot.php(312): CodeIgniter\CodeIgniter->run()
 8 SYSTEMPATH\Boot.php(67): CodeIgniter\Boot::runCodeIgniter(Object(CodeIgniter\CodeIgniter))
 9 FCPATH\index.php(56): CodeIgniter\Boot::bootWeb(Object(Config\Paths))
CRITICAL - 2024-08-27 14:17:58 --> [Caused by] CodeIgniter\Database\Exceptions\DatabaseException: Table 'torres_enrique_bd.productos' doesn't exist
in SYSTEMPATH\Database\MySQLi\Connection.php on line 313.
 1 SYSTEMPATH\Database\BaseConnection.php(722): CodeIgniter\Database\MySQLi\Connection->execute('SELECT `productos`.*, `marcas`.`nombre` AS `nombre_marca`, `imagenes`.`url` AS `imagen_url`, GROUP_CONCAT(categorias.nombre) AS categorias
FROM `productos`
JOIN `marcas` ON `marcas`.`id` = `productos`.`marca_id`
LEFT JOIN `productos_imagenes` ON `productos_imagenes`.`producto_id` = `productos`.`id`
LEFT JOIN `imagenes` ON `imagenes`.`id` = `productos_imagenes`.`imagen_id`
JOIN `productos_categorias` ON `productos_categorias`.`producto_id` = `productos`.`id`
JOIN `categorias` ON `categorias`.`id` = `productos_categorias`.`categoria_id`
WHERE `productos`.`baja` = 0
GROUP BY `productos`.`id`
ORDER BY `productos`.`fecha_creacion` DESC')
 2 SYSTEMPATH\Database\BaseConnection.php(636): CodeIgniter\Database\BaseConnection->simpleQuery('SELECT `productos`.*, `marcas`.`nombre` AS `nombre_marca`, `imagenes`.`url` AS `imagen_url`, GROUP_CONCAT(categorias.nombre) AS categorias
FROM `productos`
JOIN `marcas` ON `marcas`.`id` = `productos`.`marca_id`
LEFT JOIN `productos_imagenes` ON `productos_imagenes`.`producto_id` = `productos`.`id`
LEFT JOIN `imagenes` ON `imagenes`.`id` = `productos_imagenes`.`imagen_id`
JOIN `productos_categorias` ON `productos_categorias`.`producto_id` = `productos`.`id`
JOIN `categorias` ON `categorias`.`id` = `productos_categorias`.`categoria_id`
WHERE `productos`.`baja` = 0
GROUP BY `productos`.`id`
ORDER BY `productos`.`fecha_creacion` DESC')
 3 SYSTEMPATH\Database\BaseBuilder.php(1629): CodeIgniter\Database\BaseConnection->query('SELECT `productos`.*, `marcas`.`nombre` AS `nombre_marca`, `imagenes`.`url` AS `imagen_url`, GROUP_CONCAT(categorias.nombre) AS categorias
FROM `productos`
JOIN `marcas` ON `marcas`.`id` = `productos`.`marca_id`
LEFT JOIN `productos_imagenes` ON `productos_imagenes`.`producto_id` = `productos`.`id`
LEFT JOIN `imagenes` ON `imagenes`.`id` = `productos_imagenes`.`imagen_id`
JOIN `productos_categorias` ON `productos_categorias`.`producto_id` = `productos`.`id`
JOIN `categorias` ON `categorias`.`id` = `productos_categorias`.`categoria_id`
WHERE `productos`.`baja` = :productos.baja:
GROUP BY `productos`.`id`
ORDER BY `productos`.`fecha_creacion` DESC', [...], false)
 4 APPPATH\Models\ProductoModel.php(97): CodeIgniter\Database\BaseBuilder->get()
 5 APPPATH\Controllers\Web\Catalogo.php(106): App\Models\ProductoModel->obtenerProductosActivos(Object(CodeIgniter\Database\MySQLi\Builder))
 6 SYSTEMPATH\CodeIgniter.php(933): App\Controllers\Web\Catalogo->index()
 7 SYSTEMPATH\CodeIgniter.php(509): CodeIgniter\CodeIgniter->runController(Object(App\Controllers\Web\Catalogo))
 8 SYSTEMPATH\CodeIgniter.php(355): CodeIgniter\CodeIgniter->handleRequest(null, Object(Config\Cache), false)
 9 SYSTEMPATH\Boot.php(312): CodeIgniter\CodeIgniter->run()
10 SYSTEMPATH\Boot.php(67): CodeIgniter\Boot::runCodeIgniter(Object(CodeIgniter\CodeIgniter))
11 FCPATH\index.php(56): CodeIgniter\Boot::bootWeb(Object(Config\Paths))
CRITICAL - 2024-08-27 14:17:58 --> [Caused by] mysqli_sql_exception: Table 'torres_enrique_bd.productos' doesn't exist
in SYSTEMPATH\Database\MySQLi\Connection.php on line 308.
 1 SYSTEMPATH\Database\MySQLi\Connection.php(308): mysqli->query('SELECT `productos`.*, `marcas`.`nombre` AS `nombre_marca`, `imagenes`.`url` AS `imagen_url`, GROUP_CONCAT(categorias.nombre) AS categorias
FROM `productos`
JOIN `marcas` ON `marcas`.`id` = `productos`.`marca_id`
LEFT JOIN `productos_imagenes` ON `productos_imagenes`.`producto_id` = `productos`.`id`
LEFT JOIN `imagenes` ON `imagenes`.`id` = `productos_imagenes`.`imagen_id`
JOIN `productos_categorias` ON `productos_categorias`.`producto_id` = `productos`.`id`
JOIN `categorias` ON `categorias`.`id` = `productos_categorias`.`categoria_id`
WHERE `productos`.`baja` = 0
GROUP BY `productos`.`id`
ORDER BY `productos`.`fecha_creacion` DESC', 0)
 2 SYSTEMPATH\Database\BaseConnection.php(722): CodeIgniter\Database\MySQLi\Connection->execute('SELECT `productos`.*, `marcas`.`nombre` AS `nombre_marca`, `imagenes`.`url` AS `imagen_url`, GROUP_CONCAT(categorias.nombre) AS categorias
FROM `productos`
JOIN `marcas` ON `marcas`.`id` = `productos`.`marca_id`
LEFT JOIN `productos_imagenes` ON `productos_imagenes`.`producto_id` = `productos`.`id`
LEFT JOIN `imagenes` ON `imagenes`.`id` = `productos_imagenes`.`imagen_id`
JOIN `productos_categorias` ON `productos_categorias`.`producto_id` = `productos`.`id`
JOIN `categorias` ON `categorias`.`id` = `productos_categorias`.`categoria_id`
WHERE `productos`.`baja` = 0
GROUP BY `productos`.`id`
ORDER BY `productos`.`fecha_creacion` DESC')
 3 SYSTEMPATH\Database\BaseConnection.php(636): CodeIgniter\Database\BaseConnection->simpleQuery('SELECT `productos`.*, `marcas`.`nombre` AS `nombre_marca`, `imagenes`.`url` AS `imagen_url`, GROUP_CONCAT(categorias.nombre) AS categorias
FROM `productos`
JOIN `marcas` ON `marcas`.`id` = `productos`.`marca_id`
LEFT JOIN `productos_imagenes` ON `productos_imagenes`.`producto_id` = `productos`.`id`
LEFT JOIN `imagenes` ON `imagenes`.`id` = `productos_imagenes`.`imagen_id`
JOIN `productos_categorias` ON `productos_categorias`.`producto_id` = `productos`.`id`
JOIN `categorias` ON `categorias`.`id` = `productos_categorias`.`categoria_id`
WHERE `productos`.`baja` = 0
GROUP BY `productos`.`id`
ORDER BY `productos`.`fecha_creacion` DESC')
 4 SYSTEMPATH\Database\BaseBuilder.php(1629): CodeIgniter\Database\BaseConnection->query('SELECT `productos`.*, `marcas`.`nombre` AS `nombre_marca`, `imagenes`.`url` AS `imagen_url`, GROUP_CONCAT(categorias.nombre) AS categorias
FROM `productos`
JOIN `marcas` ON `marcas`.`id` = `productos`.`marca_id`
LEFT JOIN `productos_imagenes` ON `productos_imagenes`.`producto_id` = `productos`.`id`
LEFT JOIN `imagenes` ON `imagenes`.`id` = `productos_imagenes`.`imagen_id`
JOIN `productos_categorias` ON `productos_categorias`.`producto_id` = `productos`.`id`
JOIN `categorias` ON `categorias`.`id` = `productos_categorias`.`categoria_id`
WHERE `productos`.`baja` = :productos.baja:
GROUP BY `productos`.`id`
ORDER BY `productos`.`fecha_creacion` DESC', [...], false)
 5 APPPATH\Models\ProductoModel.php(97): CodeIgniter\Database\BaseBuilder->get()
 6 APPPATH\Controllers\Web\Catalogo.php(106): App\Models\ProductoModel->obtenerProductosActivos(Object(CodeIgniter\Database\MySQLi\Builder))
 7 SYSTEMPATH\CodeIgniter.php(933): App\Controllers\Web\Catalogo->index()
 8 SYSTEMPATH\CodeIgniter.php(509): CodeIgniter\CodeIgniter->runController(Object(App\Controllers\Web\Catalogo))
 9 SYSTEMPATH\CodeIgniter.php(355): CodeIgniter\CodeIgniter->handleRequest(null, Object(Config\Cache), false)
10 SYSTEMPATH\Boot.php(312): CodeIgniter\CodeIgniter->run()
11 SYSTEMPATH\Boot.php(67): CodeIgniter\Boot::runCodeIgniter(Object(CodeIgniter\CodeIgniter))
12 FCPATH\index.php(56): CodeIgniter\Boot::bootWeb(Object(Config\Paths))
ERROR - 2024-08-27 14:31:02 --> mysqli_sql_exception: Invalid default value for 'fecha' in C:\xampp\htdocs\Torres_Enrique\system\Database\MySQLi\Connection.php:308
Stack trace:
#0 C:\xampp\htdocs\Torres_Enrique\system\Database\MySQLi\Connection.php(308): mysqli->query('CREATE TABLE `c...', 0)
#1 C:\xampp\htdocs\Torres_Enrique\system\Database\BaseConnection.php(722): CodeIgniter\Database\MySQLi\Connection->execute('CREATE TABLE `c...')
#2 C:\xampp\htdocs\Torres_Enrique\system\Database\BaseConnection.php(636): CodeIgniter\Database\BaseConnection->simpleQuery('CREATE TABLE `c...')
#3 C:\xampp\htdocs\Torres_Enrique\system\Database\Forge.php(570): CodeIgniter\Database\BaseConnection->query('CREATE TABLE `c...')
#4 C:\xampp\htdocs\Torres_Enrique\app\Database\Migrations\2024-02-13-194120_Contactos.php(49): CodeIgniter\Database\Forge->createTable('contactos')
#5 C:\xampp\htdocs\Torres_Enrique\system\Database\MigrationRunner.php(867): App\Database\Migrations\Contactos->up()
#6 C:\xampp\htdocs\Torres_Enrique\system\Database\MigrationRunner.php(183): CodeIgniter\Database\MigrationRunner->migrate('up', Object(stdClass))
#7 C:\xampp\htdocs\Torres_Enrique\system\Commands\Database\Migrate.php(85): CodeIgniter\Database\MigrationRunner->latest(NULL)
#8 C:\xampp\htdocs\Torres_Enrique\system\CLI\Commands.php(70): CodeIgniter\Commands\Database\Migrate->run(Array)
#9 C:\xampp\htdocs\Torres_Enrique\system\CLI\Console.php(48): CodeIgniter\CLI\Commands->run('migrate', Array)
#10 C:\xampp\htdocs\Torres_Enrique\system\Boot.php(338): CodeIgniter\CLI\Console->run()
#11 C:\xampp\htdocs\Torres_Enrique\system\Boot.php(104): CodeIgniter\Boot::runCommand(Object(CodeIgniter\CLI\Console))
#12 C:\xampp\htdocs\Torres_Enrique\spark(84): CodeIgniter\Boot::bootSpark(Object(Config\Paths))
#13 {main}
ERROR - 2024-08-27 14:34:40 --> mysqli_sql_exception: Invalid default value for 'fecha' in C:\xampp\htdocs\Torres_Enrique\system\Database\MySQLi\Connection.php:308
Stack trace:
#0 C:\xampp\htdocs\Torres_Enrique\system\Database\MySQLi\Connection.php(308): mysqli->query('CREATE TABLE `c...', 0)
#1 C:\xampp\htdocs\Torres_Enrique\system\Database\BaseConnection.php(722): CodeIgniter\Database\MySQLi\Connection->execute('CREATE TABLE `c...')
#2 C:\xampp\htdocs\Torres_Enrique\system\Database\BaseConnection.php(636): CodeIgniter\Database\BaseConnection->simpleQuery('CREATE TABLE `c...')
#3 C:\xampp\htdocs\Torres_Enrique\system\Database\Forge.php(570): CodeIgniter\Database\BaseConnection->query('CREATE TABLE `c...')
#4 C:\xampp\htdocs\Torres_Enrique\app\Database\Migrations\2024-02-13-194120_Contactos.php(49): CodeIgniter\Database\Forge->createTable('contactos')
#5 C:\xampp\htdocs\Torres_Enrique\system\Database\MigrationRunner.php(867): App\Database\Migrations\Contactos->up()
#6 C:\xampp\htdocs\Torres_Enrique\system\Database\MigrationRunner.php(183): CodeIgniter\Database\MigrationRunner->migrate('up', Object(stdClass))
#7 C:\xampp\htdocs\Torres_Enrique\system\Commands\Database\Migrate.php(85): CodeIgniter\Database\MigrationRunner->latest(NULL)
#8 C:\xampp\htdocs\Torres_Enrique\system\CLI\Commands.php(70): CodeIgniter\Commands\Database\Migrate->run(Array)
#9 C:\xampp\htdocs\Torres_Enrique\system\CLI\Console.php(48): CodeIgniter\CLI\Commands->run('migrate', Array)
#10 C:\xampp\htdocs\Torres_Enrique\system\Boot.php(338): CodeIgniter\CLI\Console->run()
#11 C:\xampp\htdocs\Torres_Enrique\system\Boot.php(104): CodeIgniter\Boot::runCommand(Object(CodeIgniter\CLI\Console))
#12 C:\xampp\htdocs\Torres_Enrique\spark(84): CodeIgniter\Boot::bootSpark(Object(Config\Paths))
#13 {main}
ERROR - 2024-08-27 14:39:02 --> mysqli_sql_exception: Can't create table `torres_enrique_bd`.`ordenes` (errno: 150 "Foreign key constraint is incorrectly formed") in C:\xampp\htdocs\Torres_Enrique\system\Database\MySQLi\Connection.php:308
Stack trace:
#0 C:\xampp\htdocs\Torres_Enrique\system\Database\MySQLi\Connection.php(308): mysqli->query('CREATE TABLE `o...', 0)
#1 C:\xampp\htdocs\Torres_Enrique\system\Database\BaseConnection.php(722): CodeIgniter\Database\MySQLi\Connection->execute('CREATE TABLE `o...')
#2 C:\xampp\htdocs\Torres_Enrique\system\Database\BaseConnection.php(636): CodeIgniter\Database\BaseConnection->simpleQuery('CREATE TABLE `o...')
#3 C:\xampp\htdocs\Torres_Enrique\system\Database\Forge.php(570): CodeIgniter\Database\BaseConnection->query('CREATE TABLE `o...')
#4 C:\xampp\htdocs\Torres_Enrique\app\Database\Migrations\2024-02-13-210505_Ordenes.php(53): CodeIgniter\Database\Forge->createTable('ordenes')
#5 C:\xampp\htdocs\Torres_Enrique\system\Database\MigrationRunner.php(867): App\Database\Migrations\Ordenes->up()
#6 C:\xampp\htdocs\Torres_Enrique\system\Database\MigrationRunner.php(183): CodeIgniter\Database\MigrationRunner->migrate('up', Object(stdClass))
#7 C:\xampp\htdocs\Torres_Enrique\system\Commands\Database\Migrate.php(85): CodeIgniter\Database\MigrationRunner->latest(NULL)
#8 C:\xampp\htdocs\Torres_Enrique\system\CLI\Commands.php(70): CodeIgniter\Commands\Database\Migrate->run(Array)
#9 C:\xampp\htdocs\Torres_Enrique\system\CLI\Console.php(48): CodeIgniter\CLI\Commands->run('migrate', Array)
#10 C:\xampp\htdocs\Torres_Enrique\system\Boot.php(338): CodeIgniter\CLI\Console->run()
#11 C:\xampp\htdocs\Torres_Enrique\system\Boot.php(104): CodeIgniter\Boot::runCommand(Object(CodeIgniter\CLI\Console))
#12 C:\xampp\htdocs\Torres_Enrique\spark(84): CodeIgniter\Boot::bootSpark(Object(Config\Paths))
#13 {main}
INFO - 2024-08-27 14:41:06 --> Session: Class initialized using 'CodeIgniter\Session\Handlers\FileHandler' driver.
INFO - 2024-08-27 14:41:06 --> Cart Class Initialized
ERROR - 2024-08-27 14:41:06 --> mysqli_sql_exception: Table 'torres_enrique_bd.productos_imagenes' doesn't exist in C:\xampp\htdocs\Torres_Enrique\system\Database\MySQLi\Connection.php:308
Stack trace:
#0 C:\xampp\htdocs\Torres_Enrique\system\Database\MySQLi\Connection.php(308): mysqli->query('SELECT `product...', 0)
#1 C:\xampp\htdocs\Torres_Enrique\system\Database\BaseConnection.php(722): CodeIgniter\Database\MySQLi\Connection->execute('SELECT `product...')
#2 C:\xampp\htdocs\Torres_Enrique\system\Database\BaseConnection.php(636): CodeIgniter\Database\BaseConnection->simpleQuery('SELECT `product...')
#3 C:\xampp\htdocs\Torres_Enrique\system\Database\BaseBuilder.php(1629): CodeIgniter\Database\BaseConnection->query('SELECT `product...', Array, false)
#4 C:\xampp\htdocs\Torres_Enrique\app\Models\ProductoModel.php(97): CodeIgniter\Database\BaseBuilder->get()
#5 C:\xampp\htdocs\Torres_Enrique\app\Controllers\Web\Catalogo.php(106): App\Models\ProductoModel->obtenerProductosActivos(Object(CodeIgniter\Database\MySQLi\Builder))
#6 C:\xampp\htdocs\Torres_Enrique\system\CodeIgniter.php(933): App\Controllers\Web\Catalogo->index()
#7 C:\xampp\htdocs\Torres_Enrique\system\CodeIgniter.php(509): CodeIgniter\CodeIgniter->runController(Object(App\Controllers\Web\Catalogo))
#8 C:\xampp\htdocs\Torres_Enrique\system\CodeIgniter.php(355): CodeIgniter\CodeIgniter->handleRequest(NULL, Object(Config\Cache), false)
#9 C:\xampp\htdocs\Torres_Enrique\system\Boot.php(312): CodeIgniter\CodeIgniter->run()
#10 C:\xampp\htdocs\Torres_Enrique\system\Boot.php(67): CodeIgniter\Boot::runCodeIgniter(Object(CodeIgniter\CodeIgniter))
#11 C:\xampp\htdocs\Torres_Enrique\index.php(56): CodeIgniter\Boot::bootWeb(Object(Config\Paths))
#12 {main}
CRITICAL - 2024-08-27 14:41:06 --> CodeIgniter\Database\Exceptions\DatabaseException: Table 'torres_enrique_bd.productos_imagenes' doesn't exist
[Method: GET, Route: catalogo]
in SYSTEMPATH\Database\BaseConnection.php on line 676.
 1 SYSTEMPATH\Database\BaseBuilder.php(1629): CodeIgniter\Database\BaseConnection->query('SELECT `productos`.*, `marcas`.`nombre` AS `nombre_marca`, `imagenes`.`url` AS `imagen_url`, GROUP_CONCAT(categorias.nombre) AS categorias
FROM `productos`
JOIN `marcas` ON `marcas`.`id` = `productos`.`marca_id`
LEFT JOIN `productos_imagenes` ON `productos_imagenes`.`producto_id` = `productos`.`id`
LEFT JOIN `imagenes` ON `imagenes`.`id` = `productos_imagenes`.`imagen_id`
JOIN `productos_categorias` ON `productos_categorias`.`producto_id` = `productos`.`id`
JOIN `categorias` ON `categorias`.`id` = `productos_categorias`.`categoria_id`
WHERE `productos`.`baja` = :productos.baja:
GROUP BY `productos`.`id`
ORDER BY `productos`.`fecha_creacion` DESC', [...], false)
 2 APPPATH\Models\ProductoModel.php(97): CodeIgniter\Database\BaseBuilder->get()
 3 APPPATH\Controllers\Web\Catalogo.php(106): App\Models\ProductoModel->obtenerProductosActivos(Object(CodeIgniter\Database\MySQLi\Builder))
 4 SYSTEMPATH\CodeIgniter.php(933): App\Controllers\Web\Catalogo->index()
 5 SYSTEMPATH\CodeIgniter.php(509): CodeIgniter\CodeIgniter->runController(Object(App\Controllers\Web\Catalogo))
 6 SYSTEMPATH\CodeIgniter.php(355): CodeIgniter\CodeIgniter->handleRequest(null, Object(Config\Cache), false)
 7 SYSTEMPATH\Boot.php(312): CodeIgniter\CodeIgniter->run()
 8 SYSTEMPATH\Boot.php(67): CodeIgniter\Boot::runCodeIgniter(Object(CodeIgniter\CodeIgniter))
 9 FCPATH\index.php(56): CodeIgniter\Boot::bootWeb(Object(Config\Paths))
CRITICAL - 2024-08-27 14:41:06 --> [Caused by] CodeIgniter\Database\Exceptions\DatabaseException: Table 'torres_enrique_bd.productos_imagenes' doesn't exist
in SYSTEMPATH\Database\MySQLi\Connection.php on line 313.
 1 SYSTEMPATH\Database\BaseConnection.php(722): CodeIgniter\Database\MySQLi\Connection->execute('SELECT `productos`.*, `marcas`.`nombre` AS `nombre_marca`, `imagenes`.`url` AS `imagen_url`, GROUP_CONCAT(categorias.nombre) AS categorias
FROM `productos`
JOIN `marcas` ON `marcas`.`id` = `productos`.`marca_id`
LEFT JOIN `productos_imagenes` ON `productos_imagenes`.`producto_id` = `productos`.`id`
LEFT JOIN `imagenes` ON `imagenes`.`id` = `productos_imagenes`.`imagen_id`
JOIN `productos_categorias` ON `productos_categorias`.`producto_id` = `productos`.`id`
JOIN `categorias` ON `categorias`.`id` = `productos_categorias`.`categoria_id`
WHERE `productos`.`baja` = 0
GROUP BY `productos`.`id`
ORDER BY `productos`.`fecha_creacion` DESC')
 2 SYSTEMPATH\Database\BaseConnection.php(636): CodeIgniter\Database\BaseConnection->simpleQuery('SELECT `productos`.*, `marcas`.`nombre` AS `nombre_marca`, `imagenes`.`url` AS `imagen_url`, GROUP_CONCAT(categorias.nombre) AS categorias
FROM `productos`
JOIN `marcas` ON `marcas`.`id` = `productos`.`marca_id`
LEFT JOIN `productos_imagenes` ON `productos_imagenes`.`producto_id` = `productos`.`id`
LEFT JOIN `imagenes` ON `imagenes`.`id` = `productos_imagenes`.`imagen_id`
JOIN `productos_categorias` ON `productos_categorias`.`producto_id` = `productos`.`id`
JOIN `categorias` ON `categorias`.`id` = `productos_categorias`.`categoria_id`
WHERE `productos`.`baja` = 0
GROUP BY `productos`.`id`
ORDER BY `productos`.`fecha_creacion` DESC')
 3 SYSTEMPATH\Database\BaseBuilder.php(1629): CodeIgniter\Database\BaseConnection->query('SELECT `productos`.*, `marcas`.`nombre` AS `nombre_marca`, `imagenes`.`url` AS `imagen_url`, GROUP_CONCAT(categorias.nombre) AS categorias
FROM `productos`
JOIN `marcas` ON `marcas`.`id` = `productos`.`marca_id`
LEFT JOIN `productos_imagenes` ON `productos_imagenes`.`producto_id` = `productos`.`id`
LEFT JOIN `imagenes` ON `imagenes`.`id` = `productos_imagenes`.`imagen_id`
JOIN `productos_categorias` ON `productos_categorias`.`producto_id` = `productos`.`id`
JOIN `categorias` ON `categorias`.`id` = `productos_categorias`.`categoria_id`
WHERE `productos`.`baja` = :productos.baja:
GROUP BY `productos`.`id`
ORDER BY `productos`.`fecha_creacion` DESC', [...], false)
 4 APPPATH\Models\ProductoModel.php(97): CodeIgniter\Database\BaseBuilder->get()
 5 APPPATH\Controllers\Web\Catalogo.php(106): App\Models\ProductoModel->obtenerProductosActivos(Object(CodeIgniter\Database\MySQLi\Builder))
 6 SYSTEMPATH\CodeIgniter.php(933): App\Controllers\Web\Catalogo->index()
 7 SYSTEMPATH\CodeIgniter.php(509): CodeIgniter\CodeIgniter->runController(Object(App\Controllers\Web\Catalogo))
 8 SYSTEMPATH\CodeIgniter.php(355): CodeIgniter\CodeIgniter->handleRequest(null, Object(Config\Cache), false)
 9 SYSTEMPATH\Boot.php(312): CodeIgniter\CodeIgniter->run()
10 SYSTEMPATH\Boot.php(67): CodeIgniter\Boot::runCodeIgniter(Object(CodeIgniter\CodeIgniter))
11 FCPATH\index.php(56): CodeIgniter\Boot::bootWeb(Object(Config\Paths))
CRITICAL - 2024-08-27 14:41:06 --> [Caused by] mysqli_sql_exception: Table 'torres_enrique_bd.productos_imagenes' doesn't exist
in SYSTEMPATH\Database\MySQLi\Connection.php on line 308.
 1 SYSTEMPATH\Database\MySQLi\Connection.php(308): mysqli->query('SELECT `productos`.*, `marcas`.`nombre` AS `nombre_marca`, `imagenes`.`url` AS `imagen_url`, GROUP_CONCAT(categorias.nombre) AS categorias
FROM `productos`
JOIN `marcas` ON `marcas`.`id` = `productos`.`marca_id`
LEFT JOIN `productos_imagenes` ON `productos_imagenes`.`producto_id` = `productos`.`id`
LEFT JOIN `imagenes` ON `imagenes`.`id` = `productos_imagenes`.`imagen_id`
JOIN `productos_categorias` ON `productos_categorias`.`producto_id` = `productos`.`id`
JOIN `categorias` ON `categorias`.`id` = `productos_categorias`.`categoria_id`
WHERE `productos`.`baja` = 0
GROUP BY `productos`.`id`
ORDER BY `productos`.`fecha_creacion` DESC', 0)
 2 SYSTEMPATH\Database\BaseConnection.php(722): CodeIgniter\Database\MySQLi\Connection->execute('SELECT `productos`.*, `marcas`.`nombre` AS `nombre_marca`, `imagenes`.`url` AS `imagen_url`, GROUP_CONCAT(categorias.nombre) AS categorias
FROM `productos`
JOIN `marcas` ON `marcas`.`id` = `productos`.`marca_id`
LEFT JOIN `productos_imagenes` ON `productos_imagenes`.`producto_id` = `productos`.`id`
LEFT JOIN `imagenes` ON `imagenes`.`id` = `productos_imagenes`.`imagen_id`
JOIN `productos_categorias` ON `productos_categorias`.`producto_id` = `productos`.`id`
JOIN `categorias` ON `categorias`.`id` = `productos_categorias`.`categoria_id`
WHERE `productos`.`baja` = 0
GROUP BY `productos`.`id`
ORDER BY `productos`.`fecha_creacion` DESC')
 3 SYSTEMPATH\Database\BaseConnection.php(636): CodeIgniter\Database\BaseConnection->simpleQuery('SELECT `productos`.*, `marcas`.`nombre` AS `nombre_marca`, `imagenes`.`url` AS `imagen_url`, GROUP_CONCAT(categorias.nombre) AS categorias
FROM `productos`
JOIN `marcas` ON `marcas`.`id` = `productos`.`marca_id`
LEFT JOIN `productos_imagenes` ON `productos_imagenes`.`producto_id` = `productos`.`id`
LEFT JOIN `imagenes` ON `imagenes`.`id` = `productos_imagenes`.`imagen_id`
JOIN `productos_categorias` ON `productos_categorias`.`producto_id` = `productos`.`id`
JOIN `categorias` ON `categorias`.`id` = `productos_categorias`.`categoria_id`
WHERE `productos`.`baja` = 0
GROUP BY `productos`.`id`
ORDER BY `productos`.`fecha_creacion` DESC')
 4 SYSTEMPATH\Database\BaseBuilder.php(1629): CodeIgniter\Database\BaseConnection->query('SELECT `productos`.*, `marcas`.`nombre` AS `nombre_marca`, `imagenes`.`url` AS `imagen_url`, GROUP_CONCAT(categorias.nombre) AS categorias
FROM `productos`
JOIN `marcas` ON `marcas`.`id` = `productos`.`marca_id`
LEFT JOIN `productos_imagenes` ON `productos_imagenes`.`producto_id` = `productos`.`id`
LEFT JOIN `imagenes` ON `imagenes`.`id` = `productos_imagenes`.`imagen_id`
JOIN `productos_categorias` ON `productos_categorias`.`producto_id` = `productos`.`id`
JOIN `categorias` ON `categorias`.`id` = `productos_categorias`.`categoria_id`
WHERE `productos`.`baja` = :productos.baja:
GROUP BY `productos`.`id`
ORDER BY `productos`.`fecha_creacion` DESC', [...], false)
 5 APPPATH\Models\ProductoModel.php(97): CodeIgniter\Database\BaseBuilder->get()
 6 APPPATH\Controllers\Web\Catalogo.php(106): App\Models\ProductoModel->obtenerProductosActivos(Object(CodeIgniter\Database\MySQLi\Builder))
 7 SYSTEMPATH\CodeIgniter.php(933): App\Controllers\Web\Catalogo->index()
 8 SYSTEMPATH\CodeIgniter.php(509): CodeIgniter\CodeIgniter->runController(Object(App\Controllers\Web\Catalogo))
 9 SYSTEMPATH\CodeIgniter.php(355): CodeIgniter\CodeIgniter->handleRequest(null, Object(Config\Cache), false)
10 SYSTEMPATH\Boot.php(312): CodeIgniter\CodeIgniter->run()
11 SYSTEMPATH\Boot.php(67): CodeIgniter\Boot::runCodeIgniter(Object(CodeIgniter\CodeIgniter))
12 FCPATH\index.php(56): CodeIgniter\Boot::bootWeb(Object(Config\Paths))
INFO - 2024-08-27 14:57:09 --> Session: Class initialized using 'CodeIgniter\Session\Handlers\FileHandler' driver.
INFO - 2024-08-27 14:57:09 --> Cart Class Initialized
ERROR - 2024-08-27 14:57:09 --> mysqli_sql_exception: Table 'torres_enrique_bd.productos_imagenes' doesn't exist in C:\xampp\htdocs\Torres_Enrique\system\Database\MySQLi\Connection.php:308
Stack trace:
#0 C:\xampp\htdocs\Torres_Enrique\system\Database\MySQLi\Connection.php(308): mysqli->query('SELECT `product...', 0)
#1 C:\xampp\htdocs\Torres_Enrique\system\Database\BaseConnection.php(722): CodeIgniter\Database\MySQLi\Connection->execute('SELECT `product...')
#2 C:\xampp\htdocs\Torres_Enrique\system\Database\BaseConnection.php(636): CodeIgniter\Database\BaseConnection->simpleQuery('SELECT `product...')
#3 C:\xampp\htdocs\Torres_Enrique\system\Database\BaseBuilder.php(1629): CodeIgniter\Database\BaseConnection->query('SELECT `product...', Array, false)
#4 C:\xampp\htdocs\Torres_Enrique\app\Models\ProductoModel.php(97): CodeIgniter\Database\BaseBuilder->get()
#5 C:\xampp\htdocs\Torres_Enrique\app\Controllers\Web\Catalogo.php(106): App\Models\ProductoModel->obtenerProductosActivos(Object(CodeIgniter\Database\MySQLi\Builder))
#6 C:\xampp\htdocs\Torres_Enrique\system\CodeIgniter.php(933): App\Controllers\Web\Catalogo->index()
#7 C:\xampp\htdocs\Torres_Enrique\system\CodeIgniter.php(509): CodeIgniter\CodeIgniter->runController(Object(App\Controllers\Web\Catalogo))
#8 C:\xampp\htdocs\Torres_Enrique\system\CodeIgniter.php(355): CodeIgniter\CodeIgniter->handleRequest(NULL, Object(Config\Cache), false)
#9 C:\xampp\htdocs\Torres_Enrique\system\Boot.php(312): CodeIgniter\CodeIgniter->run()
#10 C:\xampp\htdocs\Torres_Enrique\system\Boot.php(67): CodeIgniter\Boot::runCodeIgniter(Object(CodeIgniter\CodeIgniter))
#11 C:\xampp\htdocs\Torres_Enrique\index.php(56): CodeIgniter\Boot::bootWeb(Object(Config\Paths))
#12 {main}
CRITICAL - 2024-08-27 14:57:09 --> CodeIgniter\Database\Exceptions\DatabaseException: Table 'torres_enrique_bd.productos_imagenes' doesn't exist
[Method: GET, Route: catalogo]
in SYSTEMPATH\Database\BaseConnection.php on line 676.
 1 SYSTEMPATH\Database\BaseBuilder.php(1629): CodeIgniter\Database\BaseConnection->query('SELECT `productos`.*, `marcas`.`nombre` AS `nombre_marca`, `imagenes`.`url` AS `imagen_url`, GROUP_CONCAT(categorias.nombre) AS categorias
FROM `productos`
JOIN `marcas` ON `marcas`.`id` = `productos`.`marca_id`
LEFT JOIN `productos_imagenes` ON `productos_imagenes`.`producto_id` = `productos`.`id`
LEFT JOIN `imagenes` ON `imagenes`.`id` = `productos_imagenes`.`imagen_id`
JOIN `productos_categorias` ON `productos_categorias`.`producto_id` = `productos`.`id`
JOIN `categorias` ON `categorias`.`id` = `productos_categorias`.`categoria_id`
WHERE `productos`.`baja` = :productos.baja:
GROUP BY `productos`.`id`
ORDER BY `productos`.`fecha_creacion` DESC', [...], false)
 2 APPPATH\Models\ProductoModel.php(97): CodeIgniter\Database\BaseBuilder->get()
 3 APPPATH\Controllers\Web\Catalogo.php(106): App\Models\ProductoModel->obtenerProductosActivos(Object(CodeIgniter\Database\MySQLi\Builder))
 4 SYSTEMPATH\CodeIgniter.php(933): App\Controllers\Web\Catalogo->index()
 5 SYSTEMPATH\CodeIgniter.php(509): CodeIgniter\CodeIgniter->runController(Object(App\Controllers\Web\Catalogo))
 6 SYSTEMPATH\CodeIgniter.php(355): CodeIgniter\CodeIgniter->handleRequest(null, Object(Config\Cache), false)
 7 SYSTEMPATH\Boot.php(312): CodeIgniter\CodeIgniter->run()
 8 SYSTEMPATH\Boot.php(67): CodeIgniter\Boot::runCodeIgniter(Object(CodeIgniter\CodeIgniter))
 9 FCPATH\index.php(56): CodeIgniter\Boot::bootWeb(Object(Config\Paths))
CRITICAL - 2024-08-27 14:57:09 --> [Caused by] CodeIgniter\Database\Exceptions\DatabaseException: Table 'torres_enrique_bd.productos_imagenes' doesn't exist
in SYSTEMPATH\Database\MySQLi\Connection.php on line 313.
 1 SYSTEMPATH\Database\BaseConnection.php(722): CodeIgniter\Database\MySQLi\Connection->execute('SELECT `productos`.*, `marcas`.`nombre` AS `nombre_marca`, `imagenes`.`url` AS `imagen_url`, GROUP_CONCAT(categorias.nombre) AS categorias
FROM `productos`
JOIN `marcas` ON `marcas`.`id` = `productos`.`marca_id`
LEFT JOIN `productos_imagenes` ON `productos_imagenes`.`producto_id` = `productos`.`id`
LEFT JOIN `imagenes` ON `imagenes`.`id` = `productos_imagenes`.`imagen_id`
JOIN `productos_categorias` ON `productos_categorias`.`producto_id` = `productos`.`id`
JOIN `categorias` ON `categorias`.`id` = `productos_categorias`.`categoria_id`
WHERE `productos`.`baja` = 0
GROUP BY `productos`.`id`
ORDER BY `productos`.`fecha_creacion` DESC')
 2 SYSTEMPATH\Database\BaseConnection.php(636): CodeIgniter\Database\BaseConnection->simpleQuery('SELECT `productos`.*, `marcas`.`nombre` AS `nombre_marca`, `imagenes`.`url` AS `imagen_url`, GROUP_CONCAT(categorias.nombre) AS categorias
FROM `productos`
JOIN `marcas` ON `marcas`.`id` = `productos`.`marca_id`
LEFT JOIN `productos_imagenes` ON `productos_imagenes`.`producto_id` = `productos`.`id`
LEFT JOIN `imagenes` ON `imagenes`.`id` = `productos_imagenes`.`imagen_id`
JOIN `productos_categorias` ON `productos_categorias`.`producto_id` = `productos`.`id`
JOIN `categorias` ON `categorias`.`id` = `productos_categorias`.`categoria_id`
WHERE `productos`.`baja` = 0
GROUP BY `productos`.`id`
ORDER BY `productos`.`fecha_creacion` DESC')
 3 SYSTEMPATH\Database\BaseBuilder.php(1629): CodeIgniter\Database\BaseConnection->query('SELECT `productos`.*, `marcas`.`nombre` AS `nombre_marca`, `imagenes`.`url` AS `imagen_url`, GROUP_CONCAT(categorias.nombre) AS categorias
FROM `productos`
JOIN `marcas` ON `marcas`.`id` = `productos`.`marca_id`
LEFT JOIN `productos_imagenes` ON `productos_imagenes`.`producto_id` = `productos`.`id`
LEFT JOIN `imagenes` ON `imagenes`.`id` = `productos_imagenes`.`imagen_id`
JOIN `productos_categorias` ON `productos_categorias`.`producto_id` = `productos`.`id`
JOIN `categorias` ON `categorias`.`id` = `productos_categorias`.`categoria_id`
WHERE `productos`.`baja` = :productos.baja:
GROUP BY `productos`.`id`
ORDER BY `productos`.`fecha_creacion` DESC', [...], false)
 4 APPPATH\Models\ProductoModel.php(97): CodeIgniter\Database\BaseBuilder->get()
 5 APPPATH\Controllers\Web\Catalogo.php(106): App\Models\ProductoModel->obtenerProductosActivos(Object(CodeIgniter\Database\MySQLi\Builder))
 6 SYSTEMPATH\CodeIgniter.php(933): App\Controllers\Web\Catalogo->index()
 7 SYSTEMPATH\CodeIgniter.php(509): CodeIgniter\CodeIgniter->runController(Object(App\Controllers\Web\Catalogo))
 8 SYSTEMPATH\CodeIgniter.php(355): CodeIgniter\CodeIgniter->handleRequest(null, Object(Config\Cache), false)
 9 SYSTEMPATH\Boot.php(312): CodeIgniter\CodeIgniter->run()
10 SYSTEMPATH\Boot.php(67): CodeIgniter\Boot::runCodeIgniter(Object(CodeIgniter\CodeIgniter))
11 FCPATH\index.php(56): CodeIgniter\Boot::bootWeb(Object(Config\Paths))
CRITICAL - 2024-08-27 14:57:09 --> [Caused by] mysqli_sql_exception: Table 'torres_enrique_bd.productos_imagenes' doesn't exist
in SYSTEMPATH\Database\MySQLi\Connection.php on line 308.
 1 SYSTEMPATH\Database\MySQLi\Connection.php(308): mysqli->query('SELECT `productos`.*, `marcas`.`nombre` AS `nombre_marca`, `imagenes`.`url` AS `imagen_url`, GROUP_CONCAT(categorias.nombre) AS categorias
FROM `productos`
JOIN `marcas` ON `marcas`.`id` = `productos`.`marca_id`
LEFT JOIN `productos_imagenes` ON `productos_imagenes`.`producto_id` = `productos`.`id`
LEFT JOIN `imagenes` ON `imagenes`.`id` = `productos_imagenes`.`imagen_id`
JOIN `productos_categorias` ON `productos_categorias`.`producto_id` = `productos`.`id`
JOIN `categorias` ON `categorias`.`id` = `productos_categorias`.`categoria_id`
WHERE `productos`.`baja` = 0
GROUP BY `productos`.`id`
ORDER BY `productos`.`fecha_creacion` DESC', 0)
 2 SYSTEMPATH\Database\BaseConnection.php(722): CodeIgniter\Database\MySQLi\Connection->execute('SELECT `productos`.*, `marcas`.`nombre` AS `nombre_marca`, `imagenes`.`url` AS `imagen_url`, GROUP_CONCAT(categorias.nombre) AS categorias
FROM `productos`
JOIN `marcas` ON `marcas`.`id` = `productos`.`marca_id`
LEFT JOIN `productos_imagenes` ON `productos_imagenes`.`producto_id` = `productos`.`id`
LEFT JOIN `imagenes` ON `imagenes`.`id` = `productos_imagenes`.`imagen_id`
JOIN `productos_categorias` ON `productos_categorias`.`producto_id` = `productos`.`id`
JOIN `categorias` ON `categorias`.`id` = `productos_categorias`.`categoria_id`
WHERE `productos`.`baja` = 0
GROUP BY `productos`.`id`
ORDER BY `productos`.`fecha_creacion` DESC')
 3 SYSTEMPATH\Database\BaseConnection.php(636): CodeIgniter\Database\BaseConnection->simpleQuery('SELECT `productos`.*, `marcas`.`nombre` AS `nombre_marca`, `imagenes`.`url` AS `imagen_url`, GROUP_CONCAT(categorias.nombre) AS categorias
FROM `productos`
JOIN `marcas` ON `marcas`.`id` = `productos`.`marca_id`
LEFT JOIN `productos_imagenes` ON `productos_imagenes`.`producto_id` = `productos`.`id`
LEFT JOIN `imagenes` ON `imagenes`.`id` = `productos_imagenes`.`imagen_id`
JOIN `productos_categorias` ON `productos_categorias`.`producto_id` = `productos`.`id`
JOIN `categorias` ON `categorias`.`id` = `productos_categorias`.`categoria_id`
WHERE `productos`.`baja` = 0
GROUP BY `productos`.`id`
ORDER BY `productos`.`fecha_creacion` DESC')
 4 SYSTEMPATH\Database\BaseBuilder.php(1629): CodeIgniter\Database\BaseConnection->query('SELECT `productos`.*, `marcas`.`nombre` AS `nombre_marca`, `imagenes`.`url` AS `imagen_url`, GROUP_CONCAT(categorias.nombre) AS categorias
FROM `productos`
JOIN `marcas` ON `marcas`.`id` = `productos`.`marca_id`
LEFT JOIN `productos_imagenes` ON `productos_imagenes`.`producto_id` = `productos`.`id`
LEFT JOIN `imagenes` ON `imagenes`.`id` = `productos_imagenes`.`imagen_id`
JOIN `productos_categorias` ON `productos_categorias`.`producto_id` = `productos`.`id`
JOIN `categorias` ON `categorias`.`id` = `productos_categorias`.`categoria_id`
WHERE `productos`.`baja` = :productos.baja:
GROUP BY `productos`.`id`
ORDER BY `productos`.`fecha_creacion` DESC', [...], false)
 5 APPPATH\Models\ProductoModel.php(97): CodeIgniter\Database\BaseBuilder->get()
 6 APPPATH\Controllers\Web\Catalogo.php(106): App\Models\ProductoModel->obtenerProductosActivos(Object(CodeIgniter\Database\MySQLi\Builder))
 7 SYSTEMPATH\CodeIgniter.php(933): App\Controllers\Web\Catalogo->index()
 8 SYSTEMPATH\CodeIgniter.php(509): CodeIgniter\CodeIgniter->runController(Object(App\Controllers\Web\Catalogo))
 9 SYSTEMPATH\CodeIgniter.php(355): CodeIgniter\CodeIgniter->handleRequest(null, Object(Config\Cache), false)
10 SYSTEMPATH\Boot.php(312): CodeIgniter\CodeIgniter->run()
11 SYSTEMPATH\Boot.php(67): CodeIgniter\Boot::runCodeIgniter(Object(CodeIgniter\CodeIgniter))
12 FCPATH\index.php(56): CodeIgniter\Boot::bootWeb(Object(Config\Paths))
INFO - 2024-08-27 15:21:27 --> Session: Class initialized using 'CodeIgniter\Session\Handlers\FileHandler' driver.
INFO - 2024-08-27 15:21:27 --> Cart Class Initialized
CRITICAL - 2024-08-27 15:21:27 --> BadMethodCallException: Call to undefined method App\Models\ProductoModel::obtenerProductosActivos
[Method: GET, Route: catalogo]
in SYSTEMPATH\Model.php on line 921.
 1 APPPATH\Controllers\Web\Catalogo.php(106): CodeIgniter\Model->__call('obtenerProductosActivos', [...])
 2 SYSTEMPATH\CodeIgniter.php(933): App\Controllers\Web\Catalogo->index()
 3 SYSTEMPATH\CodeIgniter.php(509): CodeIgniter\CodeIgniter->runController(Object(App\Controllers\Web\Catalogo))
 4 SYSTEMPATH\CodeIgniter.php(355): CodeIgniter\CodeIgniter->handleRequest(null, Object(Config\Cache), false)
 5 SYSTEMPATH\Boot.php(312): CodeIgniter\CodeIgniter->run()
 6 SYSTEMPATH\Boot.php(67): CodeIgniter\Boot::runCodeIgniter(Object(CodeIgniter\CodeIgniter))
 7 FCPATH\index.php(56): CodeIgniter\Boot::bootWeb(Object(Config\Paths))
INFO - 2024-08-27 15:33:17 --> Session: Class initialized using 'CodeIgniter\Session\Handlers\FileHandler' driver.
INFO - 2024-08-27 15:33:17 --> Cart Class Initialized
CRITICAL - 2024-08-27 15:33:17 --> BadMethodCallException: Call to undefined method App\Models\ProductoModel::obtenerProductosActivos
[Method: GET, Route: catalogo]
in SYSTEMPATH\Model.php on line 921.
 1 APPPATH\Controllers\Web\Catalogo.php(106): CodeIgniter\Model->__call('obtenerProductosActivos', [...])
 2 SYSTEMPATH\CodeIgniter.php(933): App\Controllers\Web\Catalogo->index()
 3 SYSTEMPATH\CodeIgniter.php(509): CodeIgniter\CodeIgniter->runController(Object(App\Controllers\Web\Catalogo))
 4 SYSTEMPATH\CodeIgniter.php(355): CodeIgniter\CodeIgniter->handleRequest(null, Object(Config\Cache), false)
 5 SYSTEMPATH\Boot.php(312): CodeIgniter\CodeIgniter->run()
 6 SYSTEMPATH\Boot.php(67): CodeIgniter\Boot::runCodeIgniter(Object(CodeIgniter\CodeIgniter))
 7 FCPATH\index.php(56): CodeIgniter\Boot::bootWeb(Object(Config\Paths))
INFO - 2024-08-27 15:51:26 --> Session: Class initialized using 'CodeIgniter\Session\Handlers\FileHandler' driver.
INFO - 2024-08-27 15:51:26 --> Cart Class Initialized
CRITICAL - 2024-08-27 15:51:26 --> BadMethodCallException: Call to undefined method App\Models\ProductoModel::obtenerProductosActivos
[Method: GET, Route: catalogo]
in SYSTEMPATH\Model.php on line 921.
 1 APPPATH\Controllers\Web\Catalogo.php(106): CodeIgniter\Model->__call('obtenerProductosActivos', [...])
 2 SYSTEMPATH\CodeIgniter.php(933): App\Controllers\Web\Catalogo->index()
 3 SYSTEMPATH\CodeIgniter.php(509): CodeIgniter\CodeIgniter->runController(Object(App\Controllers\Web\Catalogo))
 4 SYSTEMPATH\CodeIgniter.php(355): CodeIgniter\CodeIgniter->handleRequest(null, Object(Config\Cache), false)
 5 SYSTEMPATH\Boot.php(312): CodeIgniter\CodeIgniter->run()
 6 SYSTEMPATH\Boot.php(67): CodeIgniter\Boot::runCodeIgniter(Object(CodeIgniter\CodeIgniter))
 7 FCPATH\index.php(56): CodeIgniter\Boot::bootWeb(Object(Config\Paths))
INFO - 2024-08-27 15:54:43 --> Session: Class initialized using 'CodeIgniter\Session\Handlers\FileHandler' driver.
INFO - 2024-08-27 15:54:43 --> Cart Class Initialized
ERROR - 2024-08-27 15:54:43 --> mysqli_sql_exception: Unknown column 'productos.fecha_creacion' in 'order clause' in C:\xampp\htdocs\Torres_Enrique\system\Database\MySQLi\Connection.php:308
Stack trace:
#0 C:\xampp\htdocs\Torres_Enrique\system\Database\MySQLi\Connection.php(308): mysqli->query('SELECT `product...', 0)
#1 C:\xampp\htdocs\Torres_Enrique\system\Database\BaseConnection.php(722): CodeIgniter\Database\MySQLi\Connection->execute('SELECT `product...')
#2 C:\xampp\htdocs\Torres_Enrique\system\Database\BaseConnection.php(636): CodeIgniter\Database\BaseConnection->simpleQuery('SELECT `product...')
#3 C:\xampp\htdocs\Torres_Enrique\system\Database\BaseBuilder.php(1629): CodeIgniter\Database\BaseConnection->query('SELECT `product...', Array, false)
#4 C:\xampp\htdocs\Torres_Enrique\system\Model.php(275): CodeIgniter\Database\BaseBuilder->get()
#5 C:\xampp\htdocs\Torres_Enrique\system\BaseModel.php(676): CodeIgniter\Model->doFindAll(0, 0)
#6 C:\xampp\htdocs\Torres_Enrique\app\Models\ProductoModel.php(124): CodeIgniter\BaseModel->findAll()
#7 C:\xampp\htdocs\Torres_Enrique\app\Controllers\Web\Catalogo.php(106): App\Models\ProductoModel->getProductosActivos(Object(CodeIgniter\Database\MySQLi\Builder))
#8 C:\xampp\htdocs\Torres_Enrique\system\CodeIgniter.php(933): App\Controllers\Web\Catalogo->index()
#9 C:\xampp\htdocs\Torres_Enrique\system\CodeIgniter.php(509): CodeIgniter\CodeIgniter->runController(Object(App\Controllers\Web\Catalogo))
#10 C:\xampp\htdocs\Torres_Enrique\system\CodeIgniter.php(355): CodeIgniter\CodeIgniter->handleRequest(NULL, Object(Config\Cache), false)
#11 C:\xampp\htdocs\Torres_Enrique\system\Boot.php(312): CodeIgniter\CodeIgniter->run()
#12 C:\xampp\htdocs\Torres_Enrique\system\Boot.php(67): CodeIgniter\Boot::runCodeIgniter(Object(CodeIgniter\CodeIgniter))
#13 C:\xampp\htdocs\Torres_Enrique\index.php(56): CodeIgniter\Boot::bootWeb(Object(Config\Paths))
#14 {main}
CRITICAL - 2024-08-27 15:54:43 --> CodeIgniter\Database\Exceptions\DatabaseException: Unknown column 'productos.fecha_creacion' in 'order clause'
[Method: GET, Route: catalogo]
in SYSTEMPATH\Database\BaseConnection.php on line 676.
 1 SYSTEMPATH\Database\BaseBuilder.php(1629): CodeIgniter\Database\BaseConnection->query('SELECT `productos`.*, `imagenes_productos`.`ruta_imagen`
FROM `productos`
LEFT JOIN `imagenes_productos` ON `imagenes_productos`.`producto_id` = `productos`.`id`
WHERE `productos`.`estado` = :productos.estado:
GROUP BY `productos`.`id`
ORDER BY `productos`.`fecha_creacion` DESC', [...], false)
 2 SYSTEMPATH\Model.php(275): CodeIgniter\Database\BaseBuilder->get()
 3 SYSTEMPATH\BaseModel.php(676): CodeIgniter\Model->doFindAll(0, 0)
 4 APPPATH\Models\ProductoModel.php(124): CodeIgniter\BaseModel->findAll()
 5 APPPATH\Controllers\Web\Catalogo.php(106): App\Models\ProductoModel->getProductosActivos(Object(CodeIgniter\Database\MySQLi\Builder))
 6 SYSTEMPATH\CodeIgniter.php(933): App\Controllers\Web\Catalogo->index()
 7 SYSTEMPATH\CodeIgniter.php(509): CodeIgniter\CodeIgniter->runController(Object(App\Controllers\Web\Catalogo))
 8 SYSTEMPATH\CodeIgniter.php(355): CodeIgniter\CodeIgniter->handleRequest(null, Object(Config\Cache), false)
 9 SYSTEMPATH\Boot.php(312): CodeIgniter\CodeIgniter->run()
10 SYSTEMPATH\Boot.php(67): CodeIgniter\Boot::runCodeIgniter(Object(CodeIgniter\CodeIgniter))
11 FCPATH\index.php(56): CodeIgniter\Boot::bootWeb(Object(Config\Paths))
CRITICAL - 2024-08-27 15:54:43 --> [Caused by] CodeIgniter\Database\Exceptions\DatabaseException: Unknown column 'productos.fecha_creacion' in 'order clause'
in SYSTEMPATH\Database\MySQLi\Connection.php on line 313.
 1 SYSTEMPATH\Database\BaseConnection.php(722): CodeIgniter\Database\MySQLi\Connection->execute('SELECT `productos`.*, `imagenes_productos`.`ruta_imagen`
FROM `productos`
LEFT JOIN `imagenes_productos` ON `imagenes_productos`.`producto_id` = `productos`.`id`
WHERE `productos`.`estado` = \'activo\'
GROUP BY `productos`.`id`
ORDER BY `productos`.`fecha_creacion` DESC')
 2 SYSTEMPATH\Database\BaseConnection.php(636): CodeIgniter\Database\BaseConnection->simpleQuery('SELECT `productos`.*, `imagenes_productos`.`ruta_imagen`
FROM `productos`
LEFT JOIN `imagenes_productos` ON `imagenes_productos`.`producto_id` = `productos`.`id`
WHERE `productos`.`estado` = \'activo\'
GROUP BY `productos`.`id`
ORDER BY `productos`.`fecha_creacion` DESC')
 3 SYSTEMPATH\Database\BaseBuilder.php(1629): CodeIgniter\Database\BaseConnection->query('SELECT `productos`.*, `imagenes_productos`.`ruta_imagen`
FROM `productos`
LEFT JOIN `imagenes_productos` ON `imagenes_productos`.`producto_id` = `productos`.`id`
WHERE `productos`.`estado` = :productos.estado:
GROUP BY `productos`.`id`
ORDER BY `productos`.`fecha_creacion` DESC', [...], false)
 4 SYSTEMPATH\Model.php(275): CodeIgniter\Database\BaseBuilder->get()
 5 SYSTEMPATH\BaseModel.php(676): CodeIgniter\Model->doFindAll(0, 0)
 6 APPPATH\Models\ProductoModel.php(124): CodeIgniter\BaseModel->findAll()
 7 APPPATH\Controllers\Web\Catalogo.php(106): App\Models\ProductoModel->getProductosActivos(Object(CodeIgniter\Database\MySQLi\Builder))
 8 SYSTEMPATH\CodeIgniter.php(933): App\Controllers\Web\Catalogo->index()
 9 SYSTEMPATH\CodeIgniter.php(509): CodeIgniter\CodeIgniter->runController(Object(App\Controllers\Web\Catalogo))
10 SYSTEMPATH\CodeIgniter.php(355): CodeIgniter\CodeIgniter->handleRequest(null, Object(Config\Cache), false)
11 SYSTEMPATH\Boot.php(312): CodeIgniter\CodeIgniter->run()
12 SYSTEMPATH\Boot.php(67): CodeIgniter\Boot::runCodeIgniter(Object(CodeIgniter\CodeIgniter))
13 FCPATH\index.php(56): CodeIgniter\Boot::bootWeb(Object(Config\Paths))
CRITICAL - 2024-08-27 15:54:43 --> [Caused by] mysqli_sql_exception: Unknown column 'productos.fecha_creacion' in 'order clause'
in SYSTEMPATH\Database\MySQLi\Connection.php on line 308.
 1 SYSTEMPATH\Database\MySQLi\Connection.php(308): mysqli->query('SELECT `productos`.*, `imagenes_productos`.`ruta_imagen`
FROM `productos`
LEFT JOIN `imagenes_productos` ON `imagenes_productos`.`producto_id` = `productos`.`id`
WHERE `productos`.`estado` = \'activo\'
GROUP BY `productos`.`id`
ORDER BY `productos`.`fecha_creacion` DESC', 0)
 2 SYSTEMPATH\Database\BaseConnection.php(722): CodeIgniter\Database\MySQLi\Connection->execute('SELECT `productos`.*, `imagenes_productos`.`ruta_imagen`
FROM `productos`
LEFT JOIN `imagenes_productos` ON `imagenes_productos`.`producto_id` = `productos`.`id`
WHERE `productos`.`estado` = \'activo\'
GROUP BY `productos`.`id`
ORDER BY `productos`.`fecha_creacion` DESC')
 3 SYSTEMPATH\Database\BaseConnection.php(636): CodeIgniter\Database\BaseConnection->simpleQuery('SELECT `productos`.*, `imagenes_productos`.`ruta_imagen`
FROM `productos`
LEFT JOIN `imagenes_productos` ON `imagenes_productos`.`producto_id` = `productos`.`id`
WHERE `productos`.`estado` = \'activo\'
GROUP BY `productos`.`id`
ORDER BY `productos`.`fecha_creacion` DESC')
 4 SYSTEMPATH\Database\BaseBuilder.php(1629): CodeIgniter\Database\BaseConnection->query('SELECT `productos`.*, `imagenes_productos`.`ruta_imagen`
FROM `productos`
LEFT JOIN `imagenes_productos` ON `imagenes_productos`.`producto_id` = `productos`.`id`
WHERE `productos`.`estado` = :productos.estado:
GROUP BY `productos`.`id`
ORDER BY `productos`.`fecha_creacion` DESC', [...], false)
 5 SYSTEMPATH\Model.php(275): CodeIgniter\Database\BaseBuilder->get()
 6 SYSTEMPATH\BaseModel.php(676): CodeIgniter\Model->doFindAll(0, 0)
 7 APPPATH\Models\ProductoModel.php(124): CodeIgniter\BaseModel->findAll()
 8 APPPATH\Controllers\Web\Catalogo.php(106): App\Models\ProductoModel->getProductosActivos(Object(CodeIgniter\Database\MySQLi\Builder))
 9 SYSTEMPATH\CodeIgniter.php(933): App\Controllers\Web\Catalogo->index()
10 SYSTEMPATH\CodeIgniter.php(509): CodeIgniter\CodeIgniter->runController(Object(App\Controllers\Web\Catalogo))
11 SYSTEMPATH\CodeIgniter.php(355): CodeIgniter\CodeIgniter->handleRequest(null, Object(Config\Cache), false)
12 SYSTEMPATH\Boot.php(312): CodeIgniter\CodeIgniter->run()
13 SYSTEMPATH\Boot.php(67): CodeIgniter\Boot::runCodeIgniter(Object(CodeIgniter\CodeIgniter))
14 FCPATH\index.php(56): CodeIgniter\Boot::bootWeb(Object(Config\Paths))
INFO - 2024-08-27 15:56:21 --> Session: Class initialized using 'CodeIgniter\Session\Handlers\FileHandler' driver.
INFO - 2024-08-27 15:56:21 --> Cart Class Initialized
