INFO - 2024-08-18 17:40:26 --> Session: Class initialized using 'CodeIgniter\Session\Handlers\FileHandler' driver.
INFO - 2024-08-18 17:42:02 --> Session: Class initialized using 'CodeIgniter\Session\Handlers\FileHandler' driver.
INFO - 2024-08-18 17:42:19 --> Session: Class initialized using 'CodeIgniter\Session\Handlers\FileHandler' driver.
INFO - 2024-08-18 17:42:19 --> Session: Class initialized using 'CodeIgniter\Session\Handlers\FileHandler' driver.
INFO - 2024-08-18 17:42:19 --> Cart Class Initialized
INFO - 2024-08-18 17:42:22 --> Session: Class initialized using 'CodeIgniter\Session\Handlers\FileHandler' driver.
INFO - 2024-08-18 17:42:22 --> Cart Class Initialized
INFO - 2024-08-18 17:42:22 --> Session: Class initialized using 'CodeIgniter\Session\Handlers\FileHandler' driver.
INFO - 2024-08-18 17:42:22 --> Cart Class Initialized
INFO - 2024-08-18 17:42:24 --> Session: Class initialized using 'CodeIgniter\Session\Handlers\FileHandler' driver.
INFO - 2024-08-18 17:42:24 --> Cart Class Initialized
INFO - 2024-08-18 17:42:24 --> Session: Class initialized using 'CodeIgniter\Session\Handlers\FileHandler' driver.
INFO - 2024-08-18 17:42:24 --> Cart Class Initialized
INFO - 2024-08-18 17:42:25 --> Session: Class initialized using 'CodeIgniter\Session\Handlers\FileHandler' driver.
INFO - 2024-08-18 17:42:25 --> Cart Class Initialized
ERROR - 2024-08-18 17:42:25 --> An invalid name was submitted as the product name: Caja Cerrada Agujas Tattoo Lineas (x50 Unidades) 1213RL The name can only contain alpha-numeric characters, dashes, underscores, colons, and spaces
INFO - 2024-08-18 17:42:25 --> Session: Class initialized using 'CodeIgniter\Session\Handlers\FileHandler' driver.
INFO - 2024-08-18 17:42:25 --> Cart Class Initialized
INFO - 2024-08-18 17:43:28 --> Session: Class initialized using 'CodeIgniter\Session\Handlers\FileHandler' driver.
INFO - 2024-08-18 17:43:28 --> Cart Class Initialized
INFO - 2024-08-18 17:43:30 --> Session: Class initialized using 'CodeIgniter\Session\Handlers\FileHandler' driver.
INFO - 2024-08-18 17:43:30 --> Cart Class Initialized
INFO - 2024-08-18 17:44:45 --> Session: Class initialized using 'CodeIgniter\Session\Handlers\FileHandler' driver.
INFO - 2024-08-18 17:44:45 --> Cart Class Initialized
INFO - 2024-08-18 17:44:46 --> Session: Class initialized using 'CodeIgniter\Session\Handlers\FileHandler' driver.
INFO - 2024-08-18 17:44:46 --> Cart Class Initialized
INFO - 2024-08-18 17:44:47 --> Session: Class initialized using 'CodeIgniter\Session\Handlers\FileHandler' driver.
INFO - 2024-08-18 17:44:47 --> Cart Class Initialized
INFO - 2024-08-18 17:44:49 --> Session: Class initialized using 'CodeIgniter\Session\Handlers\FileHandler' driver.
INFO - 2024-08-18 17:44:49 --> Cart Class Initialized
INFO - 2024-08-18 17:47:39 --> Session: Class initialized using 'CodeIgniter\Session\Handlers\FileHandler' driver.
INFO - 2024-08-18 17:47:39 --> Cart Class Initialized
INFO - 2024-08-18 17:59:39 --> Session: Class initialized using 'CodeIgniter\Session\Handlers\FileHandler' driver.
INFO - 2024-08-18 17:59:39 --> Cart Class Initialized
CRITICAL - 2024-08-18 17:59:39 --> TypeError: form_input(): Argument #2 ($value) must be of type string, float given, called in C:\xampp\htdocs\Torres_Enrique\system\Helpers\form_helper.php on line 126
[Method: GET, Route: carrito]
in SYSTEMPATH\Helpers\form_helper.php on line 146.
 1 SYSTEMPATH\Helpers\form_helper.php(126): form_input('cart[1][price]', 12500.0, '', 'hidden')
 2 APPPATH\Views\web\carrito.php(53): form_hidden('cart[1][price]', 12500.0)
 3 SYSTEMPATH\View\View.php(234): include('C:\\xampp\\htdocs\\Torres_Enrique\\app\\Views\\web\\carrito.php')
 4 SYSTEMPATH\View\View.php(237): CodeIgniter\View\View->CodeIgniter\View\{closure}()
 5 SYSTEMPATH\Common.php(1171): CodeIgniter\View\View->render('web/carrito', [], true)
 6 APPPATH\Controllers\Web\Carrito.php(41): view('web/carrito', [...])
 7 SYSTEMPATH\CodeIgniter.php(933): App\Controllers\Web\Carrito->index()
 8 SYSTEMPATH\CodeIgniter.php(509): CodeIgniter\CodeIgniter->runController(Object(App\Controllers\Web\Carrito))
 9 SYSTEMPATH\CodeIgniter.php(355): CodeIgniter\CodeIgniter->handleRequest(null, Object(Config\Cache), false)
10 SYSTEMPATH\Boot.php(312): CodeIgniter\CodeIgniter->run()
11 SYSTEMPATH\Boot.php(67): CodeIgniter\Boot::runCodeIgniter(Object(CodeIgniter\CodeIgniter))
12 FCPATH\index.php(56): CodeIgniter\Boot::bootWeb(Object(Config\Paths))
INFO - 2024-08-18 18:02:19 --> Session: Class initialized using 'CodeIgniter\Session\Handlers\FileHandler' driver.
INFO - 2024-08-18 18:02:19 --> Cart Class Initialized
CRITICAL - 2024-08-18 18:02:19 --> ErrorException: Undefined variable $productos
[Method: GET, Route: carrito]
in APPPATH\Views\web\carrito.php on line 48.
 1 APPPATH\Views\web\carrito.php(48): CodeIgniter\Debug\Exceptions->errorHandler(2, 'Undefined variable $productos', 'C:\\xampp\\htdocs\\Torres_Enrique\\app\\Views\\web\\carrito.php', 48)
 2 SYSTEMPATH\View\View.php(234): include('C:\\xampp\\htdocs\\Torres_Enrique\\app\\Views\\web\\carrito.php')
 3 SYSTEMPATH\View\View.php(237): CodeIgniter\View\View->CodeIgniter\View\{closure}()
 4 SYSTEMPATH\Common.php(1171): CodeIgniter\View\View->render('web/carrito', [], true)
 5 APPPATH\Controllers\Web\Carrito.php(41): view('web/carrito', [...])
 6 SYSTEMPATH\CodeIgniter.php(933): App\Controllers\Web\Carrito->index()
 7 SYSTEMPATH\CodeIgniter.php(509): CodeIgniter\CodeIgniter->runController(Object(App\Controllers\Web\Carrito))
 8 SYSTEMPATH\CodeIgniter.php(355): CodeIgniter\CodeIgniter->handleRequest(null, Object(Config\Cache), false)
 9 SYSTEMPATH\Boot.php(312): CodeIgniter\CodeIgniter->run()
10 SYSTEMPATH\Boot.php(67): CodeIgniter\Boot::runCodeIgniter(Object(CodeIgniter\CodeIgniter))
11 FCPATH\index.php(56): CodeIgniter\Boot::bootWeb(Object(Config\Paths))
INFO - 2024-08-18 18:03:25 --> Session: Class initialized using 'CodeIgniter\Session\Handlers\FileHandler' driver.
INFO - 2024-08-18 18:03:25 --> Cart Class Initialized
CRITICAL - 2024-08-18 18:03:25 --> ErrorException: Undefined property: stdClass::$imagen
[Method: GET, Route: carrito]
in APPPATH\Views\web\carrito.php on line 51.
 1 APPPATH\Views\web\carrito.php(51): CodeIgniter\Debug\Exceptions->errorHandler(2, 'Undefined property: stdClass::$imagen', 'C:\\xampp\\htdocs\\Torres_Enrique\\app\\Views\\web\\carrito.php', 51)
 2 SYSTEMPATH\View\View.php(234): include('C:\\xampp\\htdocs\\Torres_Enrique\\app\\Views\\web\\carrito.php')
 3 SYSTEMPATH\View\View.php(237): CodeIgniter\View\View->CodeIgniter\View\{closure}()
 4 SYSTEMPATH\Common.php(1171): CodeIgniter\View\View->render('web/carrito', [], true)
 5 APPPATH\Controllers\Web\Carrito.php(43): view('web/carrito', [...])
 6 SYSTEMPATH\CodeIgniter.php(933): App\Controllers\Web\Carrito->index()
 7 SYSTEMPATH\CodeIgniter.php(509): CodeIgniter\CodeIgniter->runController(Object(App\Controllers\Web\Carrito))
 8 SYSTEMPATH\CodeIgniter.php(355): CodeIgniter\CodeIgniter->handleRequest(null, Object(Config\Cache), false)
 9 SYSTEMPATH\Boot.php(312): CodeIgniter\CodeIgniter->run()
10 SYSTEMPATH\Boot.php(67): CodeIgniter\Boot::runCodeIgniter(Object(CodeIgniter\CodeIgniter))
11 FCPATH\index.php(56): CodeIgniter\Boot::bootWeb(Object(Config\Paths))
INFO - 2024-08-18 18:04:14 --> Session: Class initialized using 'CodeIgniter\Session\Handlers\FileHandler' driver.
INFO - 2024-08-18 18:04:14 --> Cart Class Initialized
CRITICAL - 2024-08-18 18:04:14 --> ErrorException: Undefined property: stdClass::$imagen
[Method: GET, Route: carrito]
in APPPATH\Views\web\carrito.php on line 51.
 1 APPPATH\Views\web\carrito.php(51): CodeIgniter\Debug\Exceptions->errorHandler(2, 'Undefined property: stdClass::$imagen', 'C:\\xampp\\htdocs\\Torres_Enrique\\app\\Views\\web\\carrito.php', 51)
 2 SYSTEMPATH\View\View.php(234): include('C:\\xampp\\htdocs\\Torres_Enrique\\app\\Views\\web\\carrito.php')
 3 SYSTEMPATH\View\View.php(237): CodeIgniter\View\View->CodeIgniter\View\{closure}()
 4 SYSTEMPATH\Common.php(1171): CodeIgniter\View\View->render('web/carrito', [], true)
 5 APPPATH\Controllers\Web\Carrito.php(43): view('web/carrito', [...])
 6 SYSTEMPATH\CodeIgniter.php(933): App\Controllers\Web\Carrito->index()
 7 SYSTEMPATH\CodeIgniter.php(509): CodeIgniter\CodeIgniter->runController(Object(App\Controllers\Web\Carrito))
 8 SYSTEMPATH\CodeIgniter.php(355): CodeIgniter\CodeIgniter->handleRequest(null, Object(Config\Cache), false)
 9 SYSTEMPATH\Boot.php(312): CodeIgniter\CodeIgniter->run()
10 SYSTEMPATH\Boot.php(67): CodeIgniter\Boot::runCodeIgniter(Object(CodeIgniter\CodeIgniter))
11 FCPATH\index.php(56): CodeIgniter\Boot::bootWeb(Object(Config\Paths))
INFO - 2024-08-18 18:04:20 --> Session: Class initialized using 'CodeIgniter\Session\Handlers\FileHandler' driver.
INFO - 2024-08-18 18:04:20 --> Cart Class Initialized
CRITICAL - 2024-08-18 18:04:20 --> Error: Call to undefined function format_number()
[Method: GET, Route: carrito]
in APPPATH\Views\web\carrito.php on line 74.
 1 SYSTEMPATH\View\View.php(234): include()
 2 SYSTEMPATH\View\View.php(237): CodeIgniter\View\View->CodeIgniter\View\{closure}()
 3 SYSTEMPATH\Common.php(1171): CodeIgniter\View\View->render('web/carrito', [], true)
 4 APPPATH\Controllers\Web\Carrito.php(43): view('web/carrito', [...])
 5 SYSTEMPATH\CodeIgniter.php(933): App\Controllers\Web\Carrito->index()
 6 SYSTEMPATH\CodeIgniter.php(509): CodeIgniter\CodeIgniter->runController(Object(App\Controllers\Web\Carrito))
 7 SYSTEMPATH\CodeIgniter.php(355): CodeIgniter\CodeIgniter->handleRequest(null, Object(Config\Cache), false)
 8 SYSTEMPATH\Boot.php(312): CodeIgniter\CodeIgniter->run()
 9 SYSTEMPATH\Boot.php(67): CodeIgniter\Boot::runCodeIgniter(Object(CodeIgniter\CodeIgniter))
10 FCPATH\index.php(56): CodeIgniter\Boot::bootWeb(Object(Config\Paths))
INFO - 2024-08-18 18:05:16 --> Session: Class initialized using 'CodeIgniter\Session\Handlers\FileHandler' driver.
INFO - 2024-08-18 18:05:16 --> Cart Class Initialized
INFO - 2024-08-18 18:07:55 --> Session: Class initialized using 'CodeIgniter\Session\Handlers\FileHandler' driver.
INFO - 2024-08-18 18:07:55 --> Cart Class Initialized
INFO - 2024-08-18 18:07:57 --> Session: Class initialized using 'CodeIgniter\Session\Handlers\FileHandler' driver.
INFO - 2024-08-18 18:07:57 --> Cart Class Initialized
INFO - 2024-08-18 18:07:59 --> Session: Class initialized using 'CodeIgniter\Session\Handlers\FileHandler' driver.
INFO - 2024-08-18 18:07:59 --> Cart Class Initialized
INFO - 2024-08-18 18:08:01 --> Session: Class initialized using 'CodeIgniter\Session\Handlers\FileHandler' driver.
INFO - 2024-08-18 18:08:01 --> Cart Class Initialized
INFO - 2024-08-18 18:09:05 --> Session: Class initialized using 'CodeIgniter\Session\Handlers\FileHandler' driver.
INFO - 2024-08-18 18:09:05 --> Cart Class Initialized
CRITICAL - 2024-08-18 18:09:05 --> ErrorException: Attempt to read property "nombre" on array
[Method: GET, Route: carrito]
in APPPATH\Views\web\carrito.php on line 61.
 1 APPPATH\Views\web\carrito.php(61): CodeIgniter\Debug\Exceptions->errorHandler(2, 'Attempt to read property "nombre" on array', 'C:\\xampp\\htdocs\\Torres_Enrique\\app\\Views\\web\\carrito.php', 61)
 2 SYSTEMPATH\View\View.php(234): include('C:\\xampp\\htdocs\\Torres_Enrique\\app\\Views\\web\\carrito.php')
 3 SYSTEMPATH\View\View.php(237): CodeIgniter\View\View->CodeIgniter\View\{closure}()
 4 SYSTEMPATH\Common.php(1171): CodeIgniter\View\View->render('web/carrito', [], true)
 5 APPPATH\Controllers\Web\Carrito.php(43): view('web/carrito', [...])
 6 SYSTEMPATH\CodeIgniter.php(933): App\Controllers\Web\Carrito->index()
 7 SYSTEMPATH\CodeIgniter.php(509): CodeIgniter\CodeIgniter->runController(Object(App\Controllers\Web\Carrito))
 8 SYSTEMPATH\CodeIgniter.php(355): CodeIgniter\CodeIgniter->handleRequest(null, Object(Config\Cache), false)
 9 SYSTEMPATH\Boot.php(312): CodeIgniter\CodeIgniter->run()
10 SYSTEMPATH\Boot.php(67): CodeIgniter\Boot::runCodeIgniter(Object(CodeIgniter\CodeIgniter))
11 FCPATH\index.php(56): CodeIgniter\Boot::bootWeb(Object(Config\Paths))
INFO - 2024-08-18 18:09:43 --> Session: Class initialized using 'CodeIgniter\Session\Handlers\FileHandler' driver.
INFO - 2024-08-18 18:09:43 --> Cart Class Initialized
CRITICAL - 2024-08-18 18:09:43 --> ErrorException: Undefined variable $productos
[Method: GET, Route: carrito]
in APPPATH\Views\web\carrito.php on line 57.
 1 APPPATH\Views\web\carrito.php(57): CodeIgniter\Debug\Exceptions->errorHandler(2, 'Undefined variable $productos', 'C:\\xampp\\htdocs\\Torres_Enrique\\app\\Views\\web\\carrito.php', 57)
 2 SYSTEMPATH\View\View.php(234): include('C:\\xampp\\htdocs\\Torres_Enrique\\app\\Views\\web\\carrito.php')
 3 SYSTEMPATH\View\View.php(237): CodeIgniter\View\View->CodeIgniter\View\{closure}()
 4 SYSTEMPATH\Common.php(1171): CodeIgniter\View\View->render('web/carrito', [], true)
 5 APPPATH\Controllers\Web\Carrito.php(43): view('web/carrito', [...])
 6 SYSTEMPATH\CodeIgniter.php(933): App\Controllers\Web\Carrito->index()
 7 SYSTEMPATH\CodeIgniter.php(509): CodeIgniter\CodeIgniter->runController(Object(App\Controllers\Web\Carrito))
 8 SYSTEMPATH\CodeIgniter.php(355): CodeIgniter\CodeIgniter->handleRequest(null, Object(Config\Cache), false)
 9 SYSTEMPATH\Boot.php(312): CodeIgniter\CodeIgniter->run()
10 SYSTEMPATH\Boot.php(67): CodeIgniter\Boot::runCodeIgniter(Object(CodeIgniter\CodeIgniter))
11 FCPATH\index.php(56): CodeIgniter\Boot::bootWeb(Object(Config\Paths))
INFO - 2024-08-18 18:10:25 --> Session: Class initialized using 'CodeIgniter\Session\Handlers\FileHandler' driver.
INFO - 2024-08-18 18:10:25 --> Cart Class Initialized
CRITICAL - 2024-08-18 18:10:25 --> ErrorException: Attempt to read property "name" on array
[Method: GET, Route: carrito]
in APPPATH\Views\web\carrito.php on line 61.
 1 APPPATH\Views\web\carrito.php(61): CodeIgniter\Debug\Exceptions->errorHandler(2, 'Attempt to read property "name" on array', 'C:\\xampp\\htdocs\\Torres_Enrique\\app\\Views\\web\\carrito.php', 61)
 2 SYSTEMPATH\View\View.php(234): include('C:\\xampp\\htdocs\\Torres_Enrique\\app\\Views\\web\\carrito.php')
 3 SYSTEMPATH\View\View.php(237): CodeIgniter\View\View->CodeIgniter\View\{closure}()
 4 SYSTEMPATH\Common.php(1171): CodeIgniter\View\View->render('web/carrito', [], true)
 5 APPPATH\Controllers\Web\Carrito.php(43): view('web/carrito', [...])
 6 SYSTEMPATH\CodeIgniter.php(933): App\Controllers\Web\Carrito->index()
 7 SYSTEMPATH\CodeIgniter.php(509): CodeIgniter\CodeIgniter->runController(Object(App\Controllers\Web\Carrito))
 8 SYSTEMPATH\CodeIgniter.php(355): CodeIgniter\CodeIgniter->handleRequest(null, Object(Config\Cache), false)
 9 SYSTEMPATH\Boot.php(312): CodeIgniter\CodeIgniter->run()
10 SYSTEMPATH\Boot.php(67): CodeIgniter\Boot::runCodeIgniter(Object(CodeIgniter\CodeIgniter))
11 FCPATH\index.php(56): CodeIgniter\Boot::bootWeb(Object(Config\Paths))
INFO - 2024-08-18 18:10:29 --> Session: Class initialized using 'CodeIgniter\Session\Handlers\FileHandler' driver.
INFO - 2024-08-18 18:10:29 --> Cart Class Initialized
CRITICAL - 2024-08-18 18:10:29 --> ErrorException: Attempt to read property "name" on array
[Method: GET, Route: carrito]
in APPPATH\Views\web\carrito.php on line 61.
 1 APPPATH\Views\web\carrito.php(61): CodeIgniter\Debug\Exceptions->errorHandler(2, 'Attempt to read property "name" on array', 'C:\\xampp\\htdocs\\Torres_Enrique\\app\\Views\\web\\carrito.php', 61)
 2 SYSTEMPATH\View\View.php(234): include('C:\\xampp\\htdocs\\Torres_Enrique\\app\\Views\\web\\carrito.php')
 3 SYSTEMPATH\View\View.php(237): CodeIgniter\View\View->CodeIgniter\View\{closure}()
 4 SYSTEMPATH\Common.php(1171): CodeIgniter\View\View->render('web/carrito', [], true)
 5 APPPATH\Controllers\Web\Carrito.php(43): view('web/carrito', [...])
 6 SYSTEMPATH\CodeIgniter.php(933): App\Controllers\Web\Carrito->index()
 7 SYSTEMPATH\CodeIgniter.php(509): CodeIgniter\CodeIgniter->runController(Object(App\Controllers\Web\Carrito))
 8 SYSTEMPATH\CodeIgniter.php(355): CodeIgniter\CodeIgniter->handleRequest(null, Object(Config\Cache), false)
 9 SYSTEMPATH\Boot.php(312): CodeIgniter\CodeIgniter->run()
10 SYSTEMPATH\Boot.php(67): CodeIgniter\Boot::runCodeIgniter(Object(CodeIgniter\CodeIgniter))
11 FCPATH\index.php(56): CodeIgniter\Boot::bootWeb(Object(Config\Paths))
INFO - 2024-08-18 18:10:42 --> Session: Class initialized using 'CodeIgniter\Session\Handlers\FileHandler' driver.
INFO - 2024-08-18 18:10:42 --> Cart Class Initialized
CRITICAL - 2024-08-18 18:10:42 --> ErrorException: Attempt to read property "descripcion" on array
[Method: GET, Route: carrito]
in APPPATH\Views\web\carrito.php on line 62.
 1 APPPATH\Views\web\carrito.php(62): CodeIgniter\Debug\Exceptions->errorHandler(2, 'Attempt to read property "descripcion" on array', 'C:\\xampp\\htdocs\\Torres_Enrique\\app\\Views\\web\\carrito.php', 62)
 2 SYSTEMPATH\View\View.php(234): include('C:\\xampp\\htdocs\\Torres_Enrique\\app\\Views\\web\\carrito.php')
 3 SYSTEMPATH\View\View.php(237): CodeIgniter\View\View->CodeIgniter\View\{closure}()
 4 SYSTEMPATH\Common.php(1171): CodeIgniter\View\View->render('web/carrito', [], true)
 5 APPPATH\Controllers\Web\Carrito.php(43): view('web/carrito', [...])
 6 SYSTEMPATH\CodeIgniter.php(933): App\Controllers\Web\Carrito->index()
 7 SYSTEMPATH\CodeIgniter.php(509): CodeIgniter\CodeIgniter->runController(Object(App\Controllers\Web\Carrito))
 8 SYSTEMPATH\CodeIgniter.php(355): CodeIgniter\CodeIgniter->handleRequest(null, Object(Config\Cache), false)
 9 SYSTEMPATH\Boot.php(312): CodeIgniter\CodeIgniter->run()
10 SYSTEMPATH\Boot.php(67): CodeIgniter\Boot::runCodeIgniter(Object(CodeIgniter\CodeIgniter))
11 FCPATH\index.php(56): CodeIgniter\Boot::bootWeb(Object(Config\Paths))
INFO - 2024-08-18 18:11:16 --> Session: Class initialized using 'CodeIgniter\Session\Handlers\FileHandler' driver.
INFO - 2024-08-18 18:11:16 --> Cart Class Initialized
CRITICAL - 2024-08-18 18:11:16 --> ErrorException: Attempt to read property "precio" on array
[Method: GET, Route: carrito]
in APPPATH\Views\web\carrito.php on line 64.
 1 APPPATH\Views\web\carrito.php(64): CodeIgniter\Debug\Exceptions->errorHandler(2, 'Attempt to read property "precio" on array', 'C:\\xampp\\htdocs\\Torres_Enrique\\app\\Views\\web\\carrito.php', 64)
 2 SYSTEMPATH\View\View.php(234): include('C:\\xampp\\htdocs\\Torres_Enrique\\app\\Views\\web\\carrito.php')
 3 SYSTEMPATH\View\View.php(237): CodeIgniter\View\View->CodeIgniter\View\{closure}()
 4 SYSTEMPATH\Common.php(1171): CodeIgniter\View\View->render('web/carrito', [], true)
 5 APPPATH\Controllers\Web\Carrito.php(43): view('web/carrito', [...])
 6 SYSTEMPATH\CodeIgniter.php(933): App\Controllers\Web\Carrito->index()
 7 SYSTEMPATH\CodeIgniter.php(509): CodeIgniter\CodeIgniter->runController(Object(App\Controllers\Web\Carrito))
 8 SYSTEMPATH\CodeIgniter.php(355): CodeIgniter\CodeIgniter->handleRequest(null, Object(Config\Cache), false)
 9 SYSTEMPATH\Boot.php(312): CodeIgniter\CodeIgniter->run()
10 SYSTEMPATH\Boot.php(67): CodeIgniter\Boot::runCodeIgniter(Object(CodeIgniter\CodeIgniter))
11 FCPATH\index.php(56): CodeIgniter\Boot::bootWeb(Object(Config\Paths))
INFO - 2024-08-18 18:11:36 --> Session: Class initialized using 'CodeIgniter\Session\Handlers\FileHandler' driver.
INFO - 2024-08-18 18:11:36 --> Cart Class Initialized
CRITICAL - 2024-08-18 18:11:36 --> ErrorException: Attempt to read property "precio" on array
[Method: GET, Route: carrito]
in APPPATH\Views\web\carrito.php on line 64.
 1 APPPATH\Views\web\carrito.php(64): CodeIgniter\Debug\Exceptions->errorHandler(2, 'Attempt to read property "precio" on array', 'C:\\xampp\\htdocs\\Torres_Enrique\\app\\Views\\web\\carrito.php', 64)
 2 SYSTEMPATH\View\View.php(234): include('C:\\xampp\\htdocs\\Torres_Enrique\\app\\Views\\web\\carrito.php')
 3 SYSTEMPATH\View\View.php(237): CodeIgniter\View\View->CodeIgniter\View\{closure}()
 4 SYSTEMPATH\Common.php(1171): CodeIgniter\View\View->render('web/carrito', [], true)
 5 APPPATH\Controllers\Web\Carrito.php(43): view('web/carrito', [...])
 6 SYSTEMPATH\CodeIgniter.php(933): App\Controllers\Web\Carrito->index()
 7 SYSTEMPATH\CodeIgniter.php(509): CodeIgniter\CodeIgniter->runController(Object(App\Controllers\Web\Carrito))
 8 SYSTEMPATH\CodeIgniter.php(355): CodeIgniter\CodeIgniter->handleRequest(null, Object(Config\Cache), false)
 9 SYSTEMPATH\Boot.php(312): CodeIgniter\CodeIgniter->run()
10 SYSTEMPATH\Boot.php(67): CodeIgniter\Boot::runCodeIgniter(Object(CodeIgniter\CodeIgniter))
11 FCPATH\index.php(56): CodeIgniter\Boot::bootWeb(Object(Config\Paths))
INFO - 2024-08-18 18:11:52 --> Session: Class initialized using 'CodeIgniter\Session\Handlers\FileHandler' driver.
INFO - 2024-08-18 18:11:52 --> Cart Class Initialized
INFO - 2024-08-18 18:12:19 --> Session: Class initialized using 'CodeIgniter\Session\Handlers\FileHandler' driver.
INFO - 2024-08-18 18:12:19 --> Cart Class Initialized
INFO - 2024-08-18 18:12:31 --> Session: Class initialized using 'CodeIgniter\Session\Handlers\FileHandler' driver.
INFO - 2024-08-18 18:12:31 --> Cart Class Initialized
INFO - 2024-08-18 18:12:52 --> Session: Class initialized using 'CodeIgniter\Session\Handlers\FileHandler' driver.
INFO - 2024-08-18 18:12:52 --> Cart Class Initialized
INFO - 2024-08-18 18:12:55 --> Session: Class initialized using 'CodeIgniter\Session\Handlers\FileHandler' driver.
INFO - 2024-08-18 18:12:55 --> Cart Class Initialized
INFO - 2024-08-18 18:12:55 --> Session: Class initialized using 'CodeIgniter\Session\Handlers\FileHandler' driver.
INFO - 2024-08-18 18:12:55 --> Cart Class Initialized
INFO - 2024-08-18 18:12:57 --> Session: Class initialized using 'CodeIgniter\Session\Handlers\FileHandler' driver.
INFO - 2024-08-18 18:12:57 --> Cart Class Initialized
INFO - 2024-08-18 18:15:20 --> Session: Class initialized using 'CodeIgniter\Session\Handlers\FileHandler' driver.
INFO - 2024-08-18 18:15:20 --> Cart Class Initialized
INFO - 2024-08-18 18:16:39 --> Session: Class initialized using 'CodeIgniter\Session\Handlers\FileHandler' driver.
INFO - 2024-08-18 18:16:39 --> Cart Class Initialized
INFO - 2024-08-18 18:16:40 --> Session: Class initialized using 'CodeIgniter\Session\Handlers\FileHandler' driver.
INFO - 2024-08-18 18:16:40 --> Cart Class Initialized
INFO - 2024-08-18 18:16:43 --> Session: Class initialized using 'CodeIgniter\Session\Handlers\FileHandler' driver.
INFO - 2024-08-18 18:16:43 --> Cart Class Initialized
INFO - 2024-08-18 18:16:43 --> Session: Class initialized using 'CodeIgniter\Session\Handlers\FileHandler' driver.
INFO - 2024-08-18 18:16:43 --> Cart Class Initialized
INFO - 2024-08-18 18:16:45 --> Session: Class initialized using 'CodeIgniter\Session\Handlers\FileHandler' driver.
INFO - 2024-08-18 18:16:45 --> Cart Class Initialized
INFO - 2024-08-18 18:21:10 --> Session: Class initialized using 'CodeIgniter\Session\Handlers\FileHandler' driver.
INFO - 2024-08-18 18:21:10 --> Cart Class Initialized
CRITICAL - 2024-08-18 18:21:10 --> ErrorException: Undefined variable $cartItems
[Method: GET, Route: carrito]
in APPPATH\Views\web\carrito.php on line 42.
 1 APPPATH\Views\web\carrito.php(42): CodeIgniter\Debug\Exceptions->errorHandler(2, 'Undefined variable $cartItems', 'C:\\xampp\\htdocs\\Torres_Enrique\\app\\Views\\web\\carrito.php', 42)
 2 SYSTEMPATH\View\View.php(234): include('C:\\xampp\\htdocs\\Torres_Enrique\\app\\Views\\web\\carrito.php')
 3 SYSTEMPATH\View\View.php(237): CodeIgniter\View\View->CodeIgniter\View\{closure}()
 4 SYSTEMPATH\Common.php(1171): CodeIgniter\View\View->render('web/carrito', [], true)
 5 APPPATH\Controllers\Web\Carrito.php(43): view('web/carrito', [...])
 6 SYSTEMPATH\CodeIgniter.php(933): App\Controllers\Web\Carrito->index()
 7 SYSTEMPATH\CodeIgniter.php(509): CodeIgniter\CodeIgniter->runController(Object(App\Controllers\Web\Carrito))
 8 SYSTEMPATH\CodeIgniter.php(355): CodeIgniter\CodeIgniter->handleRequest(null, Object(Config\Cache), false)
 9 SYSTEMPATH\Boot.php(312): CodeIgniter\CodeIgniter->run()
10 SYSTEMPATH\Boot.php(67): CodeIgniter\Boot::runCodeIgniter(Object(CodeIgniter\CodeIgniter))
11 FCPATH\index.php(56): CodeIgniter\Boot::bootWeb(Object(Config\Paths))
INFO - 2024-08-18 18:22:48 --> Session: Class initialized using 'CodeIgniter\Session\Handlers\FileHandler' driver.
INFO - 2024-08-18 18:22:48 --> Cart Class Initialized
INFO - 2024-08-18 18:24:41 --> Session: Class initialized using 'CodeIgniter\Session\Handlers\FileHandler' driver.
INFO - 2024-08-18 18:24:41 --> Cart Class Initialized
INFO - 2024-08-18 18:24:56 --> Session: Class initialized using 'CodeIgniter\Session\Handlers\FileHandler' driver.
INFO - 2024-08-18 18:24:56 --> Cart Class Initialized
INFO - 2024-08-18 18:25:45 --> Session: Class initialized using 'CodeIgniter\Session\Handlers\FileHandler' driver.
INFO - 2024-08-18 18:25:45 --> Cart Class Initialized
INFO - 2024-08-18 18:30:01 --> Session: Class initialized using 'CodeIgniter\Session\Handlers\FileHandler' driver.
INFO - 2024-08-18 18:30:01 --> Cart Class Initialized
INFO - 2024-08-18 18:31:16 --> Session: Class initialized using 'CodeIgniter\Session\Handlers\FileHandler' driver.
INFO - 2024-08-18 18:31:16 --> Cart Class Initialized
INFO - 2024-08-18 18:31:21 --> Session: Class initialized using 'CodeIgniter\Session\Handlers\FileHandler' driver.
INFO - 2024-08-18 18:31:21 --> Cart Class Initialized
INFO - 2024-08-18 18:32:54 --> Session: Class initialized using 'CodeIgniter\Session\Handlers\FileHandler' driver.
INFO - 2024-08-18 18:32:54 --> Cart Class Initialized
INFO - 2024-08-18 18:33:21 --> Session: Class initialized using 'CodeIgniter\Session\Handlers\FileHandler' driver.
INFO - 2024-08-18 18:33:21 --> Cart Class Initialized
INFO - 2024-08-18 18:34:15 --> Session: Class initialized using 'CodeIgniter\Session\Handlers\FileHandler' driver.
INFO - 2024-08-18 18:34:15 --> Cart Class Initialized
INFO - 2024-08-18 18:36:02 --> Session: Class initialized using 'CodeIgniter\Session\Handlers\FileHandler' driver.
INFO - 2024-08-18 18:36:02 --> Cart Class Initialized
INFO - 2024-08-18 18:37:31 --> Session: Class initialized using 'CodeIgniter\Session\Handlers\FileHandler' driver.
INFO - 2024-08-18 18:37:31 --> Cart Class Initialized
INFO - 2024-08-18 18:38:03 --> Session: Class initialized using 'CodeIgniter\Session\Handlers\FileHandler' driver.
INFO - 2024-08-18 18:38:03 --> Cart Class Initialized
INFO - 2024-08-18 18:38:10 --> Session: Class initialized using 'CodeIgniter\Session\Handlers\FileHandler' driver.
INFO - 2024-08-18 18:38:10 --> Cart Class Initialized
INFO - 2024-08-18 18:40:25 --> Session: Class initialized using 'CodeIgniter\Session\Handlers\FileHandler' driver.
INFO - 2024-08-18 18:40:25 --> Cart Class Initialized
INFO - 2024-08-18 18:43:14 --> Session: Class initialized using 'CodeIgniter\Session\Handlers\FileHandler' driver.
INFO - 2024-08-18 18:43:14 --> Cart Class Initialized
INFO - 2024-08-18 18:43:59 --> Session: Class initialized using 'CodeIgniter\Session\Handlers\FileHandler' driver.
INFO - 2024-08-18 18:43:59 --> Cart Class Initialized
INFO - 2024-08-18 18:44:53 --> Session: Class initialized using 'CodeIgniter\Session\Handlers\FileHandler' driver.
INFO - 2024-08-18 18:44:53 --> Cart Class Initialized
INFO - 2024-08-18 18:44:55 --> Session: Class initialized using 'CodeIgniter\Session\Handlers\FileHandler' driver.
INFO - 2024-08-18 18:44:55 --> Cart Class Initialized
CRITICAL - 2024-08-18 18:44:55 --> Error: Call to undefined method CodeIgniterCart\Cart::get_item()
[Method: POST, Route: carrito/actualizar]
in APPPATH\Controllers\Web\Carrito.php on line 79.
 1 SYSTEMPATH\CodeIgniter.php(933): App\Controllers\Web\Carrito->actualizar()
 2 SYSTEMPATH\CodeIgniter.php(509): CodeIgniter\CodeIgniter->runController(Object(App\Controllers\Web\Carrito))
 3 SYSTEMPATH\CodeIgniter.php(355): CodeIgniter\CodeIgniter->handleRequest(null, Object(Config\Cache), false)
 4 SYSTEMPATH\Boot.php(312): CodeIgniter\CodeIgniter->run()
 5 SYSTEMPATH\Boot.php(67): CodeIgniter\Boot::runCodeIgniter(Object(CodeIgniter\CodeIgniter))
 6 FCPATH\index.php(56): CodeIgniter\Boot::bootWeb(Object(Config\Paths))
INFO - 2024-08-18 18:49:07 --> Session: Class initialized using 'CodeIgniter\Session\Handlers\FileHandler' driver.
INFO - 2024-08-18 18:49:07 --> Cart Class Initialized
INFO - 2024-08-18 18:49:14 --> Session: Class initialized using 'CodeIgniter\Session\Handlers\FileHandler' driver.
INFO - 2024-08-18 18:49:14 --> Cart Class Initialized
INFO - 2024-08-18 18:51:02 --> Session: Class initialized using 'CodeIgniter\Session\Handlers\FileHandler' driver.
INFO - 2024-08-18 18:51:02 --> Cart Class Initialized
INFO - 2024-08-18 18:51:03 --> Session: Class initialized using 'CodeIgniter\Session\Handlers\FileHandler' driver.
INFO - 2024-08-18 18:51:03 --> Cart Class Initialized
CRITICAL - 2024-08-18 18:51:03 --> Error: Call to undefined method CodeIgniterCart\Cart::get_item()
[Method: POST, Route: carrito/actualizar]
in APPPATH\Controllers\Web\Carrito.php on line 79.
 1 SYSTEMPATH\CodeIgniter.php(933): App\Controllers\Web\Carrito->actualizar()
 2 SYSTEMPATH\CodeIgniter.php(509): CodeIgniter\CodeIgniter->runController(Object(App\Controllers\Web\Carrito))
 3 SYSTEMPATH\CodeIgniter.php(355): CodeIgniter\CodeIgniter->handleRequest(null, Object(Config\Cache), false)
 4 SYSTEMPATH\Boot.php(312): CodeIgniter\CodeIgniter->run()
 5 SYSTEMPATH\Boot.php(67): CodeIgniter\Boot::runCodeIgniter(Object(CodeIgniter\CodeIgniter))
 6 FCPATH\index.php(56): CodeIgniter\Boot::bootWeb(Object(Config\Paths))
INFO - 2024-08-18 18:51:55 --> Session: Class initialized using 'CodeIgniter\Session\Handlers\FileHandler' driver.
INFO - 2024-08-18 18:51:55 --> Cart Class Initialized
INFO - 2024-08-18 18:51:56 --> Session: Class initialized using 'CodeIgniter\Session\Handlers\FileHandler' driver.
INFO - 2024-08-18 18:51:56 --> Cart Class Initialized
CRITICAL - 2024-08-18 18:51:56 --> Error: Call to undefined method CodeIgniterCart\Cart::get_item()
[Method: POST, Route: carrito/actualizar]
in APPPATH\Controllers\Web\Carrito.php on line 79.
 1 SYSTEMPATH\CodeIgniter.php(933): App\Controllers\Web\Carrito->actualizar()
 2 SYSTEMPATH\CodeIgniter.php(509): CodeIgniter\CodeIgniter->runController(Object(App\Controllers\Web\Carrito))
 3 SYSTEMPATH\CodeIgniter.php(355): CodeIgniter\CodeIgniter->handleRequest(null, Object(Config\Cache), false)
 4 SYSTEMPATH\Boot.php(312): CodeIgniter\CodeIgniter->run()
 5 SYSTEMPATH\Boot.php(67): CodeIgniter\Boot::runCodeIgniter(Object(CodeIgniter\CodeIgniter))
 6 FCPATH\index.php(56): CodeIgniter\Boot::bootWeb(Object(Config\Paths))
INFO - 2024-08-18 18:54:52 --> Session: Class initialized using 'CodeIgniter\Session\Handlers\FileHandler' driver.
INFO - 2024-08-18 18:54:52 --> Cart Class Initialized
INFO - 2024-08-18 18:58:04 --> Session: Class initialized using 'CodeIgniter\Session\Handlers\FileHandler' driver.
INFO - 2024-08-18 18:58:04 --> Cart Class Initialized
INFO - 2024-08-18 19:02:52 --> Session: Class initialized using 'CodeIgniter\Session\Handlers\FileHandler' driver.
INFO - 2024-08-18 19:02:52 --> Cart Class Initialized
INFO - 2024-08-18 19:02:54 --> Session: Class initialized using 'CodeIgniter\Session\Handlers\FileHandler' driver.
INFO - 2024-08-18 19:02:54 --> Cart Class Initialized
INFO - 2024-08-18 19:03:00 --> Session: Class initialized using 'CodeIgniter\Session\Handlers\FileHandler' driver.
INFO - 2024-08-18 19:03:00 --> Cart Class Initialized
INFO - 2024-08-18 19:03:00 --> Session: Class initialized using 'CodeIgniter\Session\Handlers\FileHandler' driver.
INFO - 2024-08-18 19:03:00 --> Cart Class Initialized
INFO - 2024-08-18 19:03:02 --> Session: Class initialized using 'CodeIgniter\Session\Handlers\FileHandler' driver.
INFO - 2024-08-18 19:03:02 --> Cart Class Initialized
INFO - 2024-08-18 19:03:38 --> Session: Class initialized using 'CodeIgniter\Session\Handlers\FileHandler' driver.
INFO - 2024-08-18 19:03:38 --> Cart Class Initialized
INFO - 2024-08-18 19:03:51 --> Session: Class initialized using 'CodeIgniter\Session\Handlers\FileHandler' driver.
INFO - 2024-08-18 19:03:51 --> Cart Class Initialized
INFO - 2024-08-18 19:05:45 --> Session: Class initialized using 'CodeIgniter\Session\Handlers\FileHandler' driver.
INFO - 2024-08-18 19:05:45 --> Cart Class Initialized
INFO - 2024-08-18 19:06:02 --> Session: Class initialized using 'CodeIgniter\Session\Handlers\FileHandler' driver.
INFO - 2024-08-18 19:06:02 --> Cart Class Initialized
INFO - 2024-08-18 19:07:05 --> Session: Class initialized using 'CodeIgniter\Session\Handlers\FileHandler' driver.
INFO - 2024-08-18 19:07:05 --> Cart Class Initialized
INFO - 2024-08-18 19:08:03 --> Session: Class initialized using 'CodeIgniter\Session\Handlers\FileHandler' driver.
INFO - 2024-08-18 19:08:03 --> Cart Class Initialized
INFO - 2024-08-18 19:11:12 --> Session: Class initialized using 'CodeIgniter\Session\Handlers\FileHandler' driver.
INFO - 2024-08-18 19:11:12 --> Cart Class Initialized
INFO - 2024-08-18 19:11:13 --> Session: Class initialized using 'CodeIgniter\Session\Handlers\FileHandler' driver.
INFO - 2024-08-18 19:11:13 --> Cart Class Initialized
INFO - 2024-08-18 19:11:21 --> Session: Class initialized using 'CodeIgniter\Session\Handlers\FileHandler' driver.
INFO - 2024-08-18 19:11:21 --> Cart Class Initialized
INFO - 2024-08-18 19:11:21 --> Session: Class initialized using 'CodeIgniter\Session\Handlers\FileHandler' driver.
INFO - 2024-08-18 19:11:21 --> Cart Class Initialized
INFO - 2024-08-18 19:17:17 --> Session: Class initialized using 'CodeIgniter\Session\Handlers\FileHandler' driver.
INFO - 2024-08-18 19:17:17 --> Cart Class Initialized
INFO - 2024-08-18 19:17:21 --> Session: Class initialized using 'CodeIgniter\Session\Handlers\FileHandler' driver.
INFO - 2024-08-18 19:17:21 --> Cart Class Initialized
INFO - 2024-08-18 19:17:28 --> Session: Class initialized using 'CodeIgniter\Session\Handlers\FileHandler' driver.
INFO - 2024-08-18 19:17:28 --> Cart Class Initialized
INFO - 2024-08-18 19:17:28 --> Session: Class initialized using 'CodeIgniter\Session\Handlers\FileHandler' driver.
INFO - 2024-08-18 19:17:28 --> Cart Class Initialized
INFO - 2024-08-18 19:17:31 --> Session: Class initialized using 'CodeIgniter\Session\Handlers\FileHandler' driver.
INFO - 2024-08-18 19:17:31 --> Cart Class Initialized
INFO - 2024-08-18 19:20:33 --> Session: Class initialized using 'CodeIgniter\Session\Handlers\FileHandler' driver.
INFO - 2024-08-18 19:20:33 --> Cart Class Initialized
INFO - 2024-08-18 19:21:12 --> Session: Class initialized using 'CodeIgniter\Session\Handlers\FileHandler' driver.
INFO - 2024-08-18 19:21:12 --> Cart Class Initialized
INFO - 2024-08-18 19:25:55 --> Session: Class initialized using 'CodeIgniter\Session\Handlers\FileHandler' driver.
INFO - 2024-08-18 19:25:55 --> Cart Class Initialized
INFO - 2024-08-18 19:30:37 --> Session: Class initialized using 'CodeIgniter\Session\Handlers\FileHandler' driver.
INFO - 2024-08-18 19:30:37 --> Cart Class Initialized
INFO - 2024-08-18 19:31:29 --> Session: Class initialized using 'CodeIgniter\Session\Handlers\FileHandler' driver.
INFO - 2024-08-18 19:31:29 --> Cart Class Initialized
INFO - 2024-08-18 19:32:20 --> Session: Class initialized using 'CodeIgniter\Session\Handlers\FileHandler' driver.
INFO - 2024-08-18 19:32:20 --> Cart Class Initialized
INFO - 2024-08-18 19:32:43 --> Session: Class initialized using 'CodeIgniter\Session\Handlers\FileHandler' driver.
INFO - 2024-08-18 19:32:43 --> Cart Class Initialized
INFO - 2024-08-18 19:32:45 --> Session: Class initialized using 'CodeIgniter\Session\Handlers\FileHandler' driver.
INFO - 2024-08-18 19:32:45 --> Cart Class Initialized
CRITICAL - 2024-08-18 19:32:45 --> Error: Call to undefined method CodeIgniterCart\Cart::get_item()
[Method: POST, Route: carrito/actualizar]
in APPPATH\Controllers\Web\Carrito.php on line 59.
 1 SYSTEMPATH\CodeIgniter.php(933): App\Controllers\Web\Carrito->actualizar()
 2 SYSTEMPATH\CodeIgniter.php(509): CodeIgniter\CodeIgniter->runController(Object(App\Controllers\Web\Carrito))
 3 SYSTEMPATH\CodeIgniter.php(355): CodeIgniter\CodeIgniter->handleRequest(null, Object(Config\Cache), false)
 4 SYSTEMPATH\Boot.php(312): CodeIgniter\CodeIgniter->run()
 5 SYSTEMPATH\Boot.php(67): CodeIgniter\Boot::runCodeIgniter(Object(CodeIgniter\CodeIgniter))
 6 FCPATH\index.php(56): CodeIgniter\Boot::bootWeb(Object(Config\Paths))
INFO - 2024-08-18 19:33:27 --> Session: Class initialized using 'CodeIgniter\Session\Handlers\FileHandler' driver.
INFO - 2024-08-18 19:33:27 --> Cart Class Initialized
INFO - 2024-08-18 19:33:27 --> Session: Class initialized using 'CodeIgniter\Session\Handlers\FileHandler' driver.
INFO - 2024-08-18 19:33:27 --> Session: Class initialized using 'CodeIgniter\Session\Handlers\FileHandler' driver.
INFO - 2024-08-18 19:33:28 --> Session: Class initialized using 'CodeIgniter\Session\Handlers\FileHandler' driver.
INFO - 2024-08-18 19:33:28 --> Cart Class Initialized
INFO - 2024-08-18 19:33:31 --> Session: Class initialized using 'CodeIgniter\Session\Handlers\FileHandler' driver.
INFO - 2024-08-18 19:33:31 --> Cart Class Initialized
INFO - 2024-08-18 19:33:37 --> Session: Class initialized using 'CodeIgniter\Session\Handlers\FileHandler' driver.
INFO - 2024-08-18 19:33:37 --> Cart Class Initialized
INFO - 2024-08-18 19:33:39 --> Session: Class initialized using 'CodeIgniter\Session\Handlers\FileHandler' driver.
INFO - 2024-08-18 19:33:39 --> Cart Class Initialized
INFO - 2024-08-18 19:35:27 --> Session: Class initialized using 'CodeIgniter\Session\Handlers\FileHandler' driver.
INFO - 2024-08-18 19:35:27 --> Cart Class Initialized
INFO - 2024-08-18 19:35:29 --> Session: Class initialized using 'CodeIgniter\Session\Handlers\FileHandler' driver.
INFO - 2024-08-18 19:35:29 --> Cart Class Initialized
CRITICAL - 2024-08-18 19:35:29 --> Error: Call to undefined method CodeIgniterCart\Cart::get_item()
[Method: POST, Route: carrito/actualizar]
in APPPATH\Controllers\Web\Carrito.php on line 59.
 1 SYSTEMPATH\CodeIgniter.php(933): App\Controllers\Web\Carrito->actualizar()
 2 SYSTEMPATH\CodeIgniter.php(509): CodeIgniter\CodeIgniter->runController(Object(App\Controllers\Web\Carrito))
 3 SYSTEMPATH\CodeIgniter.php(355): CodeIgniter\CodeIgniter->handleRequest(null, Object(Config\Cache), false)
 4 SYSTEMPATH\Boot.php(312): CodeIgniter\CodeIgniter->run()
 5 SYSTEMPATH\Boot.php(67): CodeIgniter\Boot::runCodeIgniter(Object(CodeIgniter\CodeIgniter))
 6 FCPATH\index.php(56): CodeIgniter\Boot::bootWeb(Object(Config\Paths))
