INFO - 2024-08-19 14:32:12 --> Session: Class initialized using 'CodeIgniter\Session\Handlers\FileHandler' driver.
INFO - 2024-08-19 14:35:28 --> Session: Class initialized using 'CodeIgniter\Session\Handlers\FileHandler' driver.
INFO - 2024-08-19 14:35:28 --> Cart Class Initialized
INFO - 2024-08-19 14:35:30 --> Session: Class initialized using 'CodeIgniter\Session\Handlers\FileHandler' driver.
INFO - 2024-08-19 14:36:05 --> Session: Class initialized using 'CodeIgniter\Session\Handlers\FileHandler' driver.
INFO - 2024-08-19 14:36:05 --> Session: Class initialized using 'CodeIgniter\Session\Handlers\FileHandler' driver.
INFO - 2024-08-19 14:36:05 --> Cart Class Initialized
INFO - 2024-08-19 14:36:08 --> Session: Class initialized using 'CodeIgniter\Session\Handlers\FileHandler' driver.
INFO - 2024-08-19 14:36:08 --> Cart Class Initialized
INFO - 2024-08-19 14:36:12 --> Session: Class initialized using 'CodeIgniter\Session\Handlers\FileHandler' driver.
INFO - 2024-08-19 14:36:12 --> Cart Class Initialized
INFO - 2024-08-19 14:36:14 --> Session: Class initialized using 'CodeIgniter\Session\Handlers\FileHandler' driver.
INFO - 2024-08-19 14:36:14 --> Cart Class Initialized
INFO - 2024-08-19 14:36:14 --> Session: Class initialized using 'CodeIgniter\Session\Handlers\FileHandler' driver.
INFO - 2024-08-19 14:36:14 --> Cart Class Initialized
INFO - 2024-08-19 14:36:16 --> Session: Class initialized using 'CodeIgniter\Session\Handlers\FileHandler' driver.
INFO - 2024-08-19 14:36:16 --> Cart Class Initialized
INFO - 2024-08-19 14:36:16 --> Session: Class initialized using 'CodeIgniter\Session\Handlers\FileHandler' driver.
INFO - 2024-08-19 14:36:16 --> Cart Class Initialized
INFO - 2024-08-19 14:36:17 --> Session: Class initialized using 'CodeIgniter\Session\Handlers\FileHandler' driver.
INFO - 2024-08-19 14:36:17 --> Cart Class Initialized
ERROR - 2024-08-19 14:36:17 --> An invalid name was submitted as the product name: Caja Cerrada Agujas Tattoo Lineas (x50 Unidades) 1213RL The name can only contain alpha-numeric characters, dashes, underscores, colons, and spaces
INFO - 2024-08-19 14:36:17 --> Session: Class initialized using 'CodeIgniter\Session\Handlers\FileHandler' driver.
INFO - 2024-08-19 14:36:17 --> Cart Class Initialized
INFO - 2024-08-19 14:36:22 --> Session: Class initialized using 'CodeIgniter\Session\Handlers\FileHandler' driver.
INFO - 2024-08-19 14:36:22 --> Cart Class Initialized
INFO - 2024-08-19 14:36:22 --> Session: Class initialized using 'CodeIgniter\Session\Handlers\FileHandler' driver.
INFO - 2024-08-19 14:36:22 --> Cart Class Initialized
INFO - 2024-08-19 14:36:24 --> Session: Class initialized using 'CodeIgniter\Session\Handlers\FileHandler' driver.
INFO - 2024-08-19 14:36:24 --> Cart Class Initialized
INFO - 2024-08-19 14:36:35 --> Session: Class initialized using 'CodeIgniter\Session\Handlers\FileHandler' driver.
INFO - 2024-08-19 14:36:35 --> Cart Class Initialized
INFO - 2024-08-19 14:36:43 --> Session: Class initialized using 'CodeIgniter\Session\Handlers\FileHandler' driver.
INFO - 2024-08-19 14:36:43 --> Cart Class Initialized
INFO - 2024-08-19 14:36:45 --> Session: Class initialized using 'CodeIgniter\Session\Handlers\FileHandler' driver.
INFO - 2024-08-19 14:36:45 --> Cart Class Initialized
ERROR - 2024-08-19 14:36:45 --> An invalid name was submitted as the product name: Caja Cerrada Agujas Tattoo Lineas (x50 Unidades) 1213RL The name can only contain alpha-numeric characters, dashes, underscores, colons, and spaces
INFO - 2024-08-19 14:36:45 --> Session: Class initialized using 'CodeIgniter\Session\Handlers\FileHandler' driver.
INFO - 2024-08-19 14:36:45 --> Cart Class Initialized
INFO - 2024-08-19 14:36:47 --> Session: Class initialized using 'CodeIgniter\Session\Handlers\FileHandler' driver.
INFO - 2024-08-19 14:36:47 --> Cart Class Initialized
INFO - 2024-08-19 14:36:51 --> Session: Class initialized using 'CodeIgniter\Session\Handlers\FileHandler' driver.
INFO - 2024-08-19 14:36:51 --> Cart Class Initialized
INFO - 2024-08-19 14:36:52 --> Session: Class initialized using 'CodeIgniter\Session\Handlers\FileHandler' driver.
INFO - 2024-08-19 14:36:52 --> Cart Class Initialized
ERROR - 2024-08-19 14:36:52 --> An invalid name was submitted as the product name: Caja Cerrada Agujas Tattoo Lineas (x50 Unidades) 1213RL The name can only contain alpha-numeric characters, dashes, underscores, colons, and spaces
INFO - 2024-08-19 14:36:52 --> Session: Class initialized using 'CodeIgniter\Session\Handlers\FileHandler' driver.
INFO - 2024-08-19 14:36:52 --> Cart Class Initialized
INFO - 2024-08-19 14:36:55 --> Session: Class initialized using 'CodeIgniter\Session\Handlers\FileHandler' driver.
INFO - 2024-08-19 14:36:55 --> Cart Class Initialized
INFO - 2024-08-19 14:36:55 --> Session: Class initialized using 'CodeIgniter\Session\Handlers\FileHandler' driver.
INFO - 2024-08-19 14:36:55 --> Cart Class Initialized
INFO - 2024-08-19 14:36:57 --> Session: Class initialized using 'CodeIgniter\Session\Handlers\FileHandler' driver.
INFO - 2024-08-19 14:36:57 --> Cart Class Initialized
INFO - 2024-08-19 14:37:01 --> Session: Class initialized using 'CodeIgniter\Session\Handlers\FileHandler' driver.
INFO - 2024-08-19 14:37:01 --> Cart Class Initialized
INFO - 2024-08-19 14:37:03 --> Session: Class initialized using 'CodeIgniter\Session\Handlers\FileHandler' driver.
INFO - 2024-08-19 14:37:03 --> Cart Class Initialized
ERROR - 2024-08-19 14:37:03 --> An invalid name was submitted as the product name: Caja Cerrada Agujas Tattoo Lineas (x50 Unidades) 1213RL The name can only contain alpha-numeric characters, dashes, underscores, colons, and spaces
INFO - 2024-08-19 14:37:03 --> Session: Class initialized using 'CodeIgniter\Session\Handlers\FileHandler' driver.
INFO - 2024-08-19 14:37:03 --> Cart Class Initialized
INFO - 2024-08-19 14:37:07 --> Session: Class initialized using 'CodeIgniter\Session\Handlers\FileHandler' driver.
INFO - 2024-08-19 14:37:07 --> Cart Class Initialized
ERROR - 2024-08-19 14:37:07 --> An invalid name was submitted as the product name: Cartuchos Tattoo Spark Greywash 1203 RL (Caja x 20 u.) The name can only contain alpha-numeric characters, dashes, underscores, colons, and spaces
INFO - 2024-08-19 14:37:07 --> Session: Class initialized using 'CodeIgniter\Session\Handlers\FileHandler' driver.
INFO - 2024-08-19 14:37:07 --> Cart Class Initialized
INFO - 2024-08-19 14:37:08 --> Session: Class initialized using 'CodeIgniter\Session\Handlers\FileHandler' driver.
INFO - 2024-08-19 14:37:08 --> Cart Class Initialized
INFO - 2024-08-19 14:37:10 --> Session: Class initialized using 'CodeIgniter\Session\Handlers\FileHandler' driver.
INFO - 2024-08-19 14:37:10 --> Cart Class Initialized
INFO - 2024-08-19 14:37:11 --> Session: Class initialized using 'CodeIgniter\Session\Handlers\FileHandler' driver.
INFO - 2024-08-19 14:37:11 --> Cart Class Initialized
INFO - 2024-08-19 14:37:13 --> Session: Class initialized using 'CodeIgniter\Session\Handlers\FileHandler' driver.
INFO - 2024-08-19 14:37:13 --> Cart Class Initialized
INFO - 2024-08-19 14:37:15 --> Session: Class initialized using 'CodeIgniter\Session\Handlers\FileHandler' driver.
INFO - 2024-08-19 14:37:15 --> Cart Class Initialized
INFO - 2024-08-19 14:37:16 --> Session: Class initialized using 'CodeIgniter\Session\Handlers\FileHandler' driver.
INFO - 2024-08-19 14:37:16 --> Cart Class Initialized
INFO - 2024-08-19 14:37:22 --> Session: Class initialized using 'CodeIgniter\Session\Handlers\FileHandler' driver.
INFO - 2024-08-19 14:37:22 --> Cart Class Initialized
ERROR - 2024-08-19 14:37:22 --> An invalid name was submitted as the product name: Cartuchos Tattoo Spark Greywash 1203 RL (Caja x 20 u.) The name can only contain alpha-numeric characters, dashes, underscores, colons, and spaces
INFO - 2024-08-19 14:37:22 --> Session: Class initialized using 'CodeIgniter\Session\Handlers\FileHandler' driver.
INFO - 2024-08-19 14:37:22 --> Cart Class Initialized
INFO - 2024-08-19 14:37:24 --> Session: Class initialized using 'CodeIgniter\Session\Handlers\FileHandler' driver.
INFO - 2024-08-19 14:37:24 --> Cart Class Initialized
INFO - 2024-08-19 14:51:12 --> Session: Class initialized using 'CodeIgniter\Session\Handlers\FileHandler' driver.
INFO - 2024-08-19 14:51:12 --> Cart Class Initialized
INFO - 2024-08-19 14:51:16 --> Session: Class initialized using 'CodeIgniter\Session\Handlers\FileHandler' driver.
INFO - 2024-08-19 14:51:16 --> Cart Class Initialized
INFO - 2024-08-19 14:51:16 --> Session: Class initialized using 'CodeIgniter\Session\Handlers\FileHandler' driver.
INFO - 2024-08-19 14:51:16 --> Cart Class Initialized
INFO - 2024-08-19 14:51:18 --> Session: Class initialized using 'CodeIgniter\Session\Handlers\FileHandler' driver.
INFO - 2024-08-19 14:51:18 --> Cart Class Initialized
INFO - 2024-08-19 14:51:21 --> Session: Class initialized using 'CodeIgniter\Session\Handlers\FileHandler' driver.
INFO - 2024-08-19 14:51:21 --> Cart Class Initialized
INFO - 2024-08-19 14:51:23 --> Session: Class initialized using 'CodeIgniter\Session\Handlers\FileHandler' driver.
INFO - 2024-08-19 14:51:23 --> Cart Class Initialized
ERROR - 2024-08-19 14:51:23 --> An invalid name was submitted as the product name: Cartuchos Tattoo Spark Greywash 1203 RL (Caja x 20 u.) The name can only contain alpha-numeric characters, dashes, underscores, colons, and spaces
INFO - 2024-08-19 14:51:23 --> Session: Class initialized using 'CodeIgniter\Session\Handlers\FileHandler' driver.
INFO - 2024-08-19 14:51:23 --> Cart Class Initialized
INFO - 2024-08-19 14:51:25 --> Session: Class initialized using 'CodeIgniter\Session\Handlers\FileHandler' driver.
INFO - 2024-08-19 14:51:25 --> Cart Class Initialized
INFO - 2024-08-19 14:51:31 --> Session: Class initialized using 'CodeIgniter\Session\Handlers\FileHandler' driver.
INFO - 2024-08-19 14:51:31 --> Cart Class Initialized
INFO - 2024-08-19 14:51:33 --> Session: Class initialized using 'CodeIgniter\Session\Handlers\FileHandler' driver.
INFO - 2024-08-19 14:51:33 --> Cart Class Initialized
INFO - 2024-08-19 14:51:35 --> Session: Class initialized using 'CodeIgniter\Session\Handlers\FileHandler' driver.
INFO - 2024-08-19 14:51:35 --> Cart Class Initialized
ERROR - 2024-08-19 14:51:35 --> An invalid name was submitted as the product name: Caja Cerrada Agujas Tattoo Lineas (x50 Unidades) 1213RL The name can only contain alpha-numeric characters, dashes, underscores, colons, and spaces
INFO - 2024-08-19 14:51:35 --> Session: Class initialized using 'CodeIgniter\Session\Handlers\FileHandler' driver.
INFO - 2024-08-19 14:51:35 --> Cart Class Initialized
INFO - 2024-08-19 14:51:36 --> Session: Class initialized using 'CodeIgniter\Session\Handlers\FileHandler' driver.
INFO - 2024-08-19 14:51:36 --> Cart Class Initialized
INFO - 2024-08-19 14:51:38 --> Session: Class initialized using 'CodeIgniter\Session\Handlers\FileHandler' driver.
INFO - 2024-08-19 14:51:38 --> Cart Class Initialized
INFO - 2024-08-19 14:51:42 --> Session: Class initialized using 'CodeIgniter\Session\Handlers\FileHandler' driver.
INFO - 2024-08-19 14:51:42 --> Cart Class Initialized
INFO - 2024-08-19 14:51:42 --> Session: Class initialized using 'CodeIgniter\Session\Handlers\FileHandler' driver.
INFO - 2024-08-19 14:51:42 --> Cart Class Initialized
INFO - 2024-08-19 14:51:43 --> Session: Class initialized using 'CodeIgniter\Session\Handlers\FileHandler' driver.
INFO - 2024-08-19 14:51:43 --> Cart Class Initialized
INFO - 2024-08-19 14:51:46 --> Session: Class initialized using 'CodeIgniter\Session\Handlers\FileHandler' driver.
INFO - 2024-08-19 14:51:46 --> Cart Class Initialized
INFO - 2024-08-19 14:51:51 --> Session: Class initialized using 'CodeIgniter\Session\Handlers\FileHandler' driver.
INFO - 2024-08-19 14:51:51 --> Cart Class Initialized
INFO - 2024-08-19 14:51:51 --> Session: Class initialized using 'CodeIgniter\Session\Handlers\FileHandler' driver.
INFO - 2024-08-19 14:51:51 --> Cart Class Initialized
INFO - 2024-08-19 14:51:52 --> Session: Class initialized using 'CodeIgniter\Session\Handlers\FileHandler' driver.
INFO - 2024-08-19 14:51:52 --> Cart Class Initialized
INFO - 2024-08-19 14:52:02 --> Session: Class initialized using 'CodeIgniter\Session\Handlers\FileHandler' driver.
INFO - 2024-08-19 14:52:02 --> Cart Class Initialized
CRITICAL - 2024-08-19 14:52:02 --> Error: Call to undefined method CodeIgniterCart\Cart::get_item()
[Method: POST, Route: carrito/actualizar]
in APPPATH\Controllers\Web\Carrito.php on line 59.
 1 SYSTEMPATH\CodeIgniter.php(933): App\Controllers\Web\Carrito->actualizar()
 2 SYSTEMPATH\CodeIgniter.php(509): CodeIgniter\CodeIgniter->runController(Object(App\Controllers\Web\Carrito))
 3 SYSTEMPATH\CodeIgniter.php(355): CodeIgniter\CodeIgniter->handleRequest(null, Object(Config\Cache), false)
 4 SYSTEMPATH\Boot.php(312): CodeIgniter\CodeIgniter->run()
 5 SYSTEMPATH\Boot.php(67): CodeIgniter\Boot::runCodeIgniter(Object(CodeIgniter\CodeIgniter))
 6 FCPATH\index.php(56): CodeIgniter\Boot::bootWeb(Object(Config\Paths))
INFO - 2024-08-19 14:54:55 --> Session: Class initialized using 'CodeIgniter\Session\Handlers\FileHandler' driver.
INFO - 2024-08-19 14:54:55 --> Cart Class Initialized
INFO - 2024-08-19 14:54:56 --> Session: Class initialized using 'CodeIgniter\Session\Handlers\FileHandler' driver.
INFO - 2024-08-19 14:54:56 --> Cart Class Initialized
CRITICAL - 2024-08-19 14:54:56 --> Error: Call to undefined method CodeIgniterCart\Cart::get_item()
[Method: POST, Route: carrito/actualizar]
in APPPATH\Controllers\Web\Carrito.php on line 59.
 1 SYSTEMPATH\CodeIgniter.php(933): App\Controllers\Web\Carrito->actualizar()
 2 SYSTEMPATH\CodeIgniter.php(509): CodeIgniter\CodeIgniter->runController(Object(App\Controllers\Web\Carrito))
 3 SYSTEMPATH\CodeIgniter.php(355): CodeIgniter\CodeIgniter->handleRequest(null, Object(Config\Cache), false)
 4 SYSTEMPATH\Boot.php(312): CodeIgniter\CodeIgniter->run()
 5 SYSTEMPATH\Boot.php(67): CodeIgniter\Boot::runCodeIgniter(Object(CodeIgniter\CodeIgniter))
 6 FCPATH\index.php(56): CodeIgniter\Boot::bootWeb(Object(Config\Paths))
INFO - 2024-08-19 14:55:06 --> Session: Class initialized using 'CodeIgniter\Session\Handlers\FileHandler' driver.
INFO - 2024-08-19 14:55:06 --> Cart Class Initialized
INFO - 2024-08-19 14:55:06 --> Session: Class initialized using 'CodeIgniter\Session\Handlers\FileHandler' driver.
INFO - 2024-08-19 14:55:06 --> Cart Class Initialized
INFO - 2024-08-19 14:55:08 --> Session: Class initialized using 'CodeIgniter\Session\Handlers\FileHandler' driver.
INFO - 2024-08-19 14:55:08 --> Cart Class Initialized
INFO - 2024-08-19 14:55:08 --> Session: Class initialized using 'CodeIgniter\Session\Handlers\FileHandler' driver.
INFO - 2024-08-19 14:55:08 --> Cart Class Initialized
INFO - 2024-08-19 14:55:10 --> Session: Class initialized using 'CodeIgniter\Session\Handlers\FileHandler' driver.
INFO - 2024-08-19 14:55:10 --> Cart Class Initialized
INFO - 2024-08-19 14:55:10 --> Session: Class initialized using 'CodeIgniter\Session\Handlers\FileHandler' driver.
INFO - 2024-08-19 14:55:10 --> Cart Class Initialized
INFO - 2024-08-19 14:55:14 --> Session: Class initialized using 'CodeIgniter\Session\Handlers\FileHandler' driver.
INFO - 2024-08-19 14:55:14 --> Cart Class Initialized
CRITICAL - 2024-08-19 14:55:14 --> Error: Call to undefined method CodeIgniterCart\Cart::get_item()
[Method: POST, Route: carrito/actualizar]
in APPPATH\Controllers\Web\Carrito.php on line 59.
 1 SYSTEMPATH\CodeIgniter.php(933): App\Controllers\Web\Carrito->actualizar()
 2 SYSTEMPATH\CodeIgniter.php(509): CodeIgniter\CodeIgniter->runController(Object(App\Controllers\Web\Carrito))
 3 SYSTEMPATH\CodeIgniter.php(355): CodeIgniter\CodeIgniter->handleRequest(null, Object(Config\Cache), false)
 4 SYSTEMPATH\Boot.php(312): CodeIgniter\CodeIgniter->run()
 5 SYSTEMPATH\Boot.php(67): CodeIgniter\Boot::runCodeIgniter(Object(CodeIgniter\CodeIgniter))
 6 FCPATH\index.php(56): CodeIgniter\Boot::bootWeb(Object(Config\Paths))
INFO - 2024-08-19 14:55:55 --> Session: Class initialized using 'CodeIgniter\Session\Handlers\FileHandler' driver.
INFO - 2024-08-19 14:55:55 --> Cart Class Initialized
CRITICAL - 2024-08-19 14:55:55 --> Error: Call to undefined method CodeIgniterCart\Cart::get_item()
[Method: POST, Route: carrito/actualizar]
in APPPATH\Controllers\Web\Carrito.php on line 59.
 1 SYSTEMPATH\CodeIgniter.php(933): App\Controllers\Web\Carrito->actualizar()
 2 SYSTEMPATH\CodeIgniter.php(509): CodeIgniter\CodeIgniter->runController(Object(App\Controllers\Web\Carrito))
 3 SYSTEMPATH\CodeIgniter.php(355): CodeIgniter\CodeIgniter->handleRequest(null, Object(Config\Cache), false)
 4 SYSTEMPATH\Boot.php(312): CodeIgniter\CodeIgniter->run()
 5 SYSTEMPATH\Boot.php(67): CodeIgniter\Boot::runCodeIgniter(Object(CodeIgniter\CodeIgniter))
 6 FCPATH\index.php(56): CodeIgniter\Boot::bootWeb(Object(Config\Paths))
